[0.083s] DEBUG:colcon:Command line arguments: ['/usr/bin/colcon', 'build', '--packages-select', 'visualservocontrol']
[0.083s] DEBUG:colcon:Parsed command line arguments: Namespace(allow_overriding=[], ament_cmake_args=None, base_paths=['.'], build_base='build', catkin_cmake_args=None, catkin_skip_building_tests=False, cmake_args=None, cmake_clean_cache=False, cmake_clean_first=False, cmake_force_configure=False, cmake_target=None, cmake_target_skip_unavailable=False, continue_on_error=False, event_handlers=None, executor='parallel', ignore_user_meta=False, install_base='install', log_base=None, log_level=None, main=<bound method BuildVerb.main of <colcon_core.verb.build.BuildVerb object at 0x7f45f9886940>>, merge_install=False, metas=['./colcon.meta'], packages_above=None, packages_above_and_dependencies=None, packages_above_depth=None, packages_end=None, packages_ignore=None, packages_ignore_regex=None, packages_select=['visualservocontrol'], packages_select_build_failed=False, packages_select_by_dep=None, packages_select_regex=None, packages_select_test_failures=False, packages_skip=None, packages_skip_build_finished=False, packages_skip_by_dep=None, packages_skip_regex=None, packages_skip_test_passed=False, packages_skip_up_to=None, packages_start=None, packages_up_to=None, packages_up_to_regex=None, parallel_workers=20, paths=None, symlink_install=False, test_result_base=None, verb_extension=<colcon_core.verb.build.BuildVerb object at 0x7f45f9886940>, verb_name='build', verb_parser=<colcon_defaults.argument_parser.defaults.DefaultArgumentsDecorator object at 0x7f45f9886eb0>)
[0.086s] Level 1:colcon.colcon_core.package_discovery:discover_packages(colcon_meta) check parameters
[0.086s] Level 1:colcon.colcon_core.package_discovery:discover_packages(recursive) check parameters
[0.086s] Level 1:colcon.colcon_core.package_discovery:discover_packages(ignore) check parameters
[0.086s] Level 1:colcon.colcon_core.package_discovery:discover_packages(path) check parameters
[0.086s] Level 1:colcon.colcon_core.package_discovery:discover_packages(colcon_meta) discover
[0.086s] Level 1:colcon.colcon_core.package_discovery:discover_packages(recursive) discover
[0.086s] INFO:colcon.colcon_core.package_discovery:Crawling recursively for packages in '/home/wzf/main_folder/MyProject/Graduation_project'
[0.086s] Level 1:colcon.colcon_core.package_identification:_identify(.) by extensions ['ignore', 'ignore_ament_install']
[0.086s] Level 1:colcon.colcon_core.package_identification:_identify(.) by extension 'ignore'
[0.086s] Level 1:colcon.colcon_core.package_identification:_identify(.) by extension 'ignore_ament_install'
[0.086s] Level 1:colcon.colcon_core.package_identification:_identify(.) by extensions ['colcon_pkg']
[0.086s] Level 1:colcon.colcon_core.package_identification:_identify(.) by extension 'colcon_pkg'
[0.086s] Level 1:colcon.colcon_core.package_identification:_identify(.) by extensions ['colcon_meta']
[0.086s] Level 1:colcon.colcon_core.package_identification:_identify(.) by extension 'colcon_meta'
[0.086s] Level 1:colcon.colcon_core.package_identification:_identify(.) by extensions ['ros']
[0.087s] Level 1:colcon.colcon_core.package_identification:_identify(.) by extension 'ros'
[0.094s] Level 1:colcon.colcon_core.package_identification:_identify(.) by extensions ['cmake', 'python']
[0.094s] Level 1:colcon.colcon_core.package_identification:_identify(.) by extension 'cmake'
[0.094s] Level 1:colcon.colcon_core.package_identification:_identify(.) by extension 'python'
[0.094s] Level 1:colcon.colcon_core.package_identification:_identify(.) by extensions ['python_setup_py']
[0.094s] Level 1:colcon.colcon_core.package_identification:_identify(.) by extension 'python_setup_py'
[0.094s] Level 1:colcon.colcon_core.package_identification:_identify(build) by extensions ['ignore', 'ignore_ament_install']
[0.094s] Level 1:colcon.colcon_core.package_identification:_identify(build) by extension 'ignore'
[0.094s] Level 1:colcon.colcon_core.package_identification:_identify(build) ignored
[0.094s] Level 1:colcon.colcon_core.package_identification:_identify(install) by extensions ['ignore', 'ignore_ament_install']
[0.094s] Level 1:colcon.colcon_core.package_identification:_identify(install) by extension 'ignore'
[0.094s] Level 1:colcon.colcon_core.package_identification:_identify(install) ignored
[0.094s] Level 1:colcon.colcon_core.package_identification:_identify(log) by extensions ['ignore', 'ignore_ament_install']
[0.094s] Level 1:colcon.colcon_core.package_identification:_identify(log) by extension 'ignore'
[0.094s] Level 1:colcon.colcon_core.package_identification:_identify(log) ignored
[0.094s] Level 1:colcon.colcon_core.package_identification:_identify(src) by extensions ['ignore', 'ignore_ament_install']
[0.094s] Level 1:colcon.colcon_core.package_identification:_identify(src) by extension 'ignore'
[0.094s] Level 1:colcon.colcon_core.package_identification:_identify(src) by extension 'ignore_ament_install'
[0.094s] Level 1:colcon.colcon_core.package_identification:_identify(src) by extensions ['colcon_pkg']
[0.094s] Level 1:colcon.colcon_core.package_identification:_identify(src) by extension 'colcon_pkg'
[0.094s] Level 1:colcon.colcon_core.package_identification:_identify(src) by extensions ['colcon_meta']
[0.094s] Level 1:colcon.colcon_core.package_identification:_identify(src) by extension 'colcon_meta'
[0.094s] Level 1:colcon.colcon_core.package_identification:_identify(src) by extensions ['ros']
[0.094s] Level 1:colcon.colcon_core.package_identification:_identify(src) by extension 'ros'
[0.095s] Level 1:colcon.colcon_core.package_identification:_identify(src) by extensions ['cmake', 'python']
[0.095s] Level 1:colcon.colcon_core.package_identification:_identify(src) by extension 'cmake'
[0.095s] Level 1:colcon.colcon_core.package_identification:_identify(src) by extension 'python'
[0.095s] Level 1:colcon.colcon_core.package_identification:_identify(src) by extensions ['python_setup_py']
[0.095s] Level 1:colcon.colcon_core.package_identification:_identify(src) by extension 'python_setup_py'
[0.095s] Level 1:colcon.colcon_core.package_identification:_identify(src/cpp_pubsub) by extensions ['ignore', 'ignore_ament_install']
[0.095s] Level 1:colcon.colcon_core.package_identification:_identify(src/cpp_pubsub) by extension 'ignore'
[0.095s] Level 1:colcon.colcon_core.package_identification:_identify(src/cpp_pubsub) by extension 'ignore_ament_install'
[0.095s] Level 1:colcon.colcon_core.package_identification:_identify(src/cpp_pubsub) by extensions ['colcon_pkg']
[0.095s] Level 1:colcon.colcon_core.package_identification:_identify(src/cpp_pubsub) by extension 'colcon_pkg'
[0.095s] Level 1:colcon.colcon_core.package_identification:_identify(src/cpp_pubsub) by extensions ['colcon_meta']
[0.095s] Level 1:colcon.colcon_core.package_identification:_identify(src/cpp_pubsub) by extension 'colcon_meta'
[0.095s] Level 1:colcon.colcon_core.package_identification:_identify(src/cpp_pubsub) by extensions ['ros']
[0.095s] Level 1:colcon.colcon_core.package_identification:_identify(src/cpp_pubsub) by extension 'ros'
[0.096s] DEBUG:colcon.colcon_core.package_identification:Package 'src/cpp_pubsub' with type 'ros.ament_cmake' and name 'cpp_pubsub'
[0.096s] Level 1:colcon.colcon_core.package_identification:_identify(src/ros2_intel_realsense) by extensions ['ignore', 'ignore_ament_install']
[0.096s] Level 1:colcon.colcon_core.package_identification:_identify(src/ros2_intel_realsense) by extension 'ignore'
[0.096s] Level 1:colcon.colcon_core.package_identification:_identify(src/ros2_intel_realsense) by extension 'ignore_ament_install'
[0.096s] Level 1:colcon.colcon_core.package_identification:_identify(src/ros2_intel_realsense) by extensions ['colcon_pkg']
[0.096s] Level 1:colcon.colcon_core.package_identification:_identify(src/ros2_intel_realsense) by extension 'colcon_pkg'
[0.096s] Level 1:colcon.colcon_core.package_identification:_identify(src/ros2_intel_realsense) by extensions ['colcon_meta']
[0.096s] Level 1:colcon.colcon_core.package_identification:_identify(src/ros2_intel_realsense) by extension 'colcon_meta'
[0.096s] Level 1:colcon.colcon_core.package_identification:_identify(src/ros2_intel_realsense) by extensions ['ros']
[0.096s] Level 1:colcon.colcon_core.package_identification:_identify(src/ros2_intel_realsense) by extension 'ros'
[0.097s] Level 1:colcon.colcon_core.package_identification:_identify(src/ros2_intel_realsense) by extensions ['cmake', 'python']
[0.097s] Level 1:colcon.colcon_core.package_identification:_identify(src/ros2_intel_realsense) by extension 'cmake'
[0.097s] Level 1:colcon.colcon_core.package_identification:_identify(src/ros2_intel_realsense) by extension 'python'
[0.097s] Level 1:colcon.colcon_core.package_identification:_identify(src/ros2_intel_realsense) by extensions ['python_setup_py']
[0.097s] Level 1:colcon.colcon_core.package_identification:_identify(src/ros2_intel_realsense) by extension 'python_setup_py'
[0.097s] Level 1:colcon.colcon_core.package_identification:_identify(src/ros2_intel_realsense/realsense_examples) by extensions ['ignore', 'ignore_ament_install']
[0.097s] Level 1:colcon.colcon_core.package_identification:_identify(src/ros2_intel_realsense/realsense_examples) by extension 'ignore'
[0.097s] Level 1:colcon.colcon_core.package_identification:_identify(src/ros2_intel_realsense/realsense_examples) by extension 'ignore_ament_install'
[0.097s] Level 1:colcon.colcon_core.package_identification:_identify(src/ros2_intel_realsense/realsense_examples) by extensions ['colcon_pkg']
[0.097s] Level 1:colcon.colcon_core.package_identification:_identify(src/ros2_intel_realsense/realsense_examples) by extension 'colcon_pkg'
[0.097s] Level 1:colcon.colcon_core.package_identification:_identify(src/ros2_intel_realsense/realsense_examples) by extensions ['colcon_meta']
[0.097s] Level 1:colcon.colcon_core.package_identification:_identify(src/ros2_intel_realsense/realsense_examples) by extension 'colcon_meta'
[0.097s] Level 1:colcon.colcon_core.package_identification:_identify(src/ros2_intel_realsense/realsense_examples) by extensions ['ros']
[0.097s] Level 1:colcon.colcon_core.package_identification:_identify(src/ros2_intel_realsense/realsense_examples) by extension 'ros'
[0.097s] DEBUG:colcon.colcon_core.package_identification:Package 'src/ros2_intel_realsense/realsense_examples' with type 'ros.ament_cmake' and name 'realsense_examples'
[0.098s] Level 1:colcon.colcon_core.package_identification:_identify(src/ros2_intel_realsense/realsense_msgs) by extensions ['ignore', 'ignore_ament_install']
[0.098s] Level 1:colcon.colcon_core.package_identification:_identify(src/ros2_intel_realsense/realsense_msgs) by extension 'ignore'
[0.098s] Level 1:colcon.colcon_core.package_identification:_identify(src/ros2_intel_realsense/realsense_msgs) by extension 'ignore_ament_install'
[0.098s] Level 1:colcon.colcon_core.package_identification:_identify(src/ros2_intel_realsense/realsense_msgs) by extensions ['colcon_pkg']
[0.098s] Level 1:colcon.colcon_core.package_identification:_identify(src/ros2_intel_realsense/realsense_msgs) by extension 'colcon_pkg'
[0.098s] Level 1:colcon.colcon_core.package_identification:_identify(src/ros2_intel_realsense/realsense_msgs) by extensions ['colcon_meta']
[0.098s] Level 1:colcon.colcon_core.package_identification:_identify(src/ros2_intel_realsense/realsense_msgs) by extension 'colcon_meta'
[0.098s] Level 1:colcon.colcon_core.package_identification:_identify(src/ros2_intel_realsense/realsense_msgs) by extensions ['ros']
[0.098s] Level 1:colcon.colcon_core.package_identification:_identify(src/ros2_intel_realsense/realsense_msgs) by extension 'ros'
[0.098s] DEBUG:colcon.colcon_core.package_identification:Package 'src/ros2_intel_realsense/realsense_msgs' with type 'ros.ament_cmake' and name 'realsense_msgs'
[0.098s] Level 1:colcon.colcon_core.package_identification:_identify(src/ros2_intel_realsense/realsense_node) by extensions ['ignore', 'ignore_ament_install']
[0.098s] Level 1:colcon.colcon_core.package_identification:_identify(src/ros2_intel_realsense/realsense_node) by extension 'ignore'
[0.098s] Level 1:colcon.colcon_core.package_identification:_identify(src/ros2_intel_realsense/realsense_node) by extension 'ignore_ament_install'
[0.098s] Level 1:colcon.colcon_core.package_identification:_identify(src/ros2_intel_realsense/realsense_node) by extensions ['colcon_pkg']
[0.098s] Level 1:colcon.colcon_core.package_identification:_identify(src/ros2_intel_realsense/realsense_node) by extension 'colcon_pkg'
[0.098s] Level 1:colcon.colcon_core.package_identification:_identify(src/ros2_intel_realsense/realsense_node) by extensions ['colcon_meta']
[0.098s] Level 1:colcon.colcon_core.package_identification:_identify(src/ros2_intel_realsense/realsense_node) by extension 'colcon_meta'
[0.098s] Level 1:colcon.colcon_core.package_identification:_identify(src/ros2_intel_realsense/realsense_node) by extensions ['ros']
[0.098s] Level 1:colcon.colcon_core.package_identification:_identify(src/ros2_intel_realsense/realsense_node) by extension 'ros'
[0.099s] DEBUG:colcon.colcon_core.package_identification:Package 'src/ros2_intel_realsense/realsense_node' with type 'ros.ament_cmake' and name 'realsense_node'
[0.099s] Level 1:colcon.colcon_core.package_identification:_identify(src/ros2_intel_realsense/realsense_ros) by extensions ['ignore', 'ignore_ament_install']
[0.099s] Level 1:colcon.colcon_core.package_identification:_identify(src/ros2_intel_realsense/realsense_ros) by extension 'ignore'
[0.099s] Level 1:colcon.colcon_core.package_identification:_identify(src/ros2_intel_realsense/realsense_ros) by extension 'ignore_ament_install'
[0.099s] Level 1:colcon.colcon_core.package_identification:_identify(src/ros2_intel_realsense/realsense_ros) by extensions ['colcon_pkg']
[0.099s] Level 1:colcon.colcon_core.package_identification:_identify(src/ros2_intel_realsense/realsense_ros) by extension 'colcon_pkg'
[0.099s] Level 1:colcon.colcon_core.package_identification:_identify(src/ros2_intel_realsense/realsense_ros) by extensions ['colcon_meta']
[0.099s] Level 1:colcon.colcon_core.package_identification:_identify(src/ros2_intel_realsense/realsense_ros) by extension 'colcon_meta'
[0.099s] Level 1:colcon.colcon_core.package_identification:_identify(src/ros2_intel_realsense/realsense_ros) by extensions ['ros']
[0.099s] Level 1:colcon.colcon_core.package_identification:_identify(src/ros2_intel_realsense/realsense_ros) by extension 'ros'
[0.100s] DEBUG:colcon.colcon_core.package_identification:Package 'src/ros2_intel_realsense/realsense_ros' with type 'ros.ament_cmake' and name 'realsense_ros'
[0.100s] Level 1:colcon.colcon_core.package_identification:_identify(src/visualservocontrol) by extensions ['ignore', 'ignore_ament_install']
[0.100s] Level 1:colcon.colcon_core.package_identification:_identify(src/visualservocontrol) by extension 'ignore'
[0.100s] Level 1:colcon.colcon_core.package_identification:_identify(src/visualservocontrol) by extension 'ignore_ament_install'
[0.100s] Level 1:colcon.colcon_core.package_identification:_identify(src/visualservocontrol) by extensions ['colcon_pkg']
[0.100s] Level 1:colcon.colcon_core.package_identification:_identify(src/visualservocontrol) by extension 'colcon_pkg'
[0.100s] Level 1:colcon.colcon_core.package_identification:_identify(src/visualservocontrol) by extensions ['colcon_meta']
[0.100s] Level 1:colcon.colcon_core.package_identification:_identify(src/visualservocontrol) by extension 'colcon_meta'
[0.100s] Level 1:colcon.colcon_core.package_identification:_identify(src/visualservocontrol) by extensions ['ros']
[0.100s] Level 1:colcon.colcon_core.package_identification:_identify(src/visualservocontrol) by extension 'ros'
[0.100s] DEBUG:colcon.colcon_core.package_identification:Package 'src/visualservocontrol' with type 'ros.ament_cmake' and name 'visualservocontrol'
[0.100s] Level 1:colcon.colcon_core.package_discovery:discover_packages(recursive) using defaults
[0.100s] Level 1:colcon.colcon_core.package_discovery:discover_packages(ignore) discover
[0.100s] Level 1:colcon.colcon_core.package_discovery:discover_packages(ignore) using defaults
[0.100s] Level 1:colcon.colcon_core.package_discovery:discover_packages(path) discover
[0.100s] Level 1:colcon.colcon_core.package_discovery:discover_packages(path) using defaults
[0.111s] INFO:colcon.colcon_core.package_selection:Skipping not selected package 'cpp_pubsub' in 'src/cpp_pubsub'
[0.111s] INFO:colcon.colcon_core.package_selection:Skipping not selected package 'realsense_msgs' in 'src/ros2_intel_realsense/realsense_msgs'
[0.111s] INFO:colcon.colcon_core.package_selection:Skipping not selected package 'realsense_ros' in 'src/ros2_intel_realsense/realsense_ros'
[0.111s] INFO:colcon.colcon_core.package_selection:Skipping not selected package 'realsense_node' in 'src/ros2_intel_realsense/realsense_node'
[0.111s] INFO:colcon.colcon_core.package_selection:Skipping not selected package 'realsense_examples' in 'src/ros2_intel_realsense/realsense_examples'
[0.112s] Level 5:colcon.colcon_core.verb:set package 'visualservocontrol' build argument 'cmake_args' from command line to 'None'
[0.112s] Level 5:colcon.colcon_core.verb:set package 'visualservocontrol' build argument 'cmake_target' from command line to 'None'
[0.112s] Level 5:colcon.colcon_core.verb:set package 'visualservocontrol' build argument 'cmake_target_skip_unavailable' from command line to 'False'
[0.112s] Level 5:colcon.colcon_core.verb:set package 'visualservocontrol' build argument 'cmake_clean_cache' from command line to 'False'
[0.112s] Level 5:colcon.colcon_core.verb:set package 'visualservocontrol' build argument 'cmake_clean_first' from command line to 'False'
[0.112s] Level 5:colcon.colcon_core.verb:set package 'visualservocontrol' build argument 'cmake_force_configure' from command line to 'False'
[0.112s] Level 5:colcon.colcon_core.verb:set package 'visualservocontrol' build argument 'ament_cmake_args' from command line to 'None'
[0.112s] Level 5:colcon.colcon_core.verb:set package 'visualservocontrol' build argument 'catkin_cmake_args' from command line to 'None'
[0.112s] Level 5:colcon.colcon_core.verb:set package 'visualservocontrol' build argument 'catkin_skip_building_tests' from command line to 'False'
[0.112s] DEBUG:colcon.colcon_core.verb:Building package 'visualservocontrol' with the following arguments: {'ament_cmake_args': None, 'build_base': '/home/wzf/main_folder/MyProject/Graduation_project/build/visualservocontrol', 'catkin_cmake_args': None, 'catkin_skip_building_tests': False, 'cmake_args': None, 'cmake_clean_cache': False, 'cmake_clean_first': False, 'cmake_force_configure': False, 'cmake_target': None, 'cmake_target_skip_unavailable': False, 'install_base': '/home/wzf/main_folder/MyProject/Graduation_project/install/visualservocontrol', 'merge_install': False, 'path': '/home/wzf/main_folder/MyProject/Graduation_project/src/visualservocontrol', 'symlink_install': False, 'test_result_base': None}
[0.114s] INFO:colcon.colcon_core.executor:Executing jobs using 'parallel' executor
[0.115s] DEBUG:colcon.colcon_parallel_executor.executor.parallel:run_until_complete
[0.115s] INFO:colcon.colcon_ros.task.ament_cmake.build:Building ROS package in '/home/wzf/main_folder/MyProject/Graduation_project/src/visualservocontrol' with build type 'ament_cmake'
[0.116s] INFO:colcon.colcon_cmake.task.cmake.build:Building CMake package in '/home/wzf/main_folder/MyProject/Graduation_project/src/visualservocontrol'
[0.118s] INFO:colcon.colcon_core.plugin_system:Skipping extension 'colcon_core.shell.bat': Not used on non-Windows systems
[0.118s] INFO:colcon.colcon_core.shell:Skip shell extension 'powershell' for command environment: Not usable outside of PowerShell
[0.118s] DEBUG:colcon.colcon_core.shell:Skip shell extension 'dsv' for command environment
[0.124s] DEBUG:colcon.colcon_core.event_handler.log_command:Invoking command in '/home/wzf/main_folder/MyProject/Graduation_project/build/visualservocontrol': CMAKE_PREFIX_PATH=${CMAKE_PREFIX_PATH}:/opt/ros/foxy /usr/bin/cmake /home/wzf/main_folder/MyProject/Graduation_project/src/visualservocontrol -DCMAKE_INSTALL_PREFIX=/home/wzf/main_folder/MyProject/Graduation_project/install/visualservocontrol
[2.433s] DEBUG:colcon.colcon_core.event_handler.log_command:Invoked command in '/home/wzf/main_folder/MyProject/Graduation_project/build/visualservocontrol' returned '0': CMAKE_PREFIX_PATH=${CMAKE_PREFIX_PATH}:/opt/ros/foxy /usr/bin/cmake /home/wzf/main_folder/MyProject/Graduation_project/src/visualservocontrol -DCMAKE_INSTALL_PREFIX=/home/wzf/main_folder/MyProject/Graduation_project/install/visualservocontrol
[2.435s] DEBUG:colcon.colcon_core.event_handler.log_command:Invoking command in '/home/wzf/main_folder/MyProject/Graduation_project/build/visualservocontrol': CMAKE_PREFIX_PATH=${CMAKE_PREFIX_PATH}:/opt/ros/foxy /usr/bin/cmake --build /home/wzf/main_folder/MyProject/Graduation_project/build/visualservocontrol -- -j20 -l20
[12.524s] DEBUG:colcon.colcon_core.event_handler.log_command:Invoked command in '/home/wzf/main_folder/MyProject/Graduation_project/build/visualservocontrol' returned '0': CMAKE_PREFIX_PATH=${CMAKE_PREFIX_PATH}:/opt/ros/foxy /usr/bin/cmake --build /home/wzf/main_folder/MyProject/Graduation_project/build/visualservocontrol -- -j20 -l20
[12.553s] DEBUG:colcon.colcon_core.event_handler.log_command:Invoking command in '/home/wzf/main_folder/MyProject/Graduation_project/build/visualservocontrol': CMAKE_PREFIX_PATH=${CMAKE_PREFIX_PATH}:/opt/ros/foxy /usr/bin/cmake --install /home/wzf/main_folder/MyProject/Graduation_project/build/visualservocontrol
[12.564s] Level 1:colcon.colcon_core.environment:create_environment_scripts_only(visualservocontrol)
[12.565s] DEBUG:colcon.colcon_core.event_handler.log_command:Invoked command in '/home/wzf/main_folder/MyProject/Graduation_project/build/visualservocontrol' returned '0': CMAKE_PREFIX_PATH=${CMAKE_PREFIX_PATH}:/opt/ros/foxy /usr/bin/cmake --install /home/wzf/main_folder/MyProject/Graduation_project/build/visualservocontrol
[12.567s] Level 1:colcon.colcon_core.environment:checking '/home/wzf/main_folder/MyProject/Graduation_project/install/visualservocontrol' for CMake module files
[12.567s] Level 1:colcon.colcon_core.environment:checking '/home/wzf/main_folder/MyProject/Graduation_project/install/visualservocontrol' for CMake config files
[12.567s] Level 1:colcon.colcon_core.shell:create_environment_hook('visualservocontrol', 'cmake_prefix_path')
[12.568s] INFO:colcon.colcon_core.shell:Creating environment hook '/home/wzf/main_folder/MyProject/Graduation_project/install/visualservocontrol/share/visualservocontrol/hook/cmake_prefix_path.ps1'
[12.568s] INFO:colcon.colcon_core.shell:Creating environment descriptor '/home/wzf/main_folder/MyProject/Graduation_project/install/visualservocontrol/share/visualservocontrol/hook/cmake_prefix_path.dsv'
[12.568s] INFO:colcon.colcon_core.shell:Creating environment hook '/home/wzf/main_folder/MyProject/Graduation_project/install/visualservocontrol/share/visualservocontrol/hook/cmake_prefix_path.sh'
[12.569s] Level 1:colcon.colcon_core.environment:checking '/home/wzf/main_folder/MyProject/Graduation_project/install/visualservocontrol/lib'
[12.569s] Level 1:colcon.colcon_core.environment:checking '/home/wzf/main_folder/MyProject/Graduation_project/install/visualservocontrol/bin'
[12.569s] Level 1:colcon.colcon_core.environment:checking '/home/wzf/main_folder/MyProject/Graduation_project/install/visualservocontrol/lib/pkgconfig/visualservocontrol.pc'
[12.569s] Level 1:colcon.colcon_core.environment:checking '/home/wzf/main_folder/MyProject/Graduation_project/install/visualservocontrol/lib/python3.8/site-packages'
[12.569s] INFO:colcon.colcon_core.shell:Creating package script '/home/wzf/main_folder/MyProject/Graduation_project/install/visualservocontrol/share/visualservocontrol/package.ps1'
[12.570s] INFO:colcon.colcon_core.shell:Creating package descriptor '/home/wzf/main_folder/MyProject/Graduation_project/install/visualservocontrol/share/visualservocontrol/package.dsv'
[12.570s] INFO:colcon.colcon_core.shell:Creating package script '/home/wzf/main_folder/MyProject/Graduation_project/install/visualservocontrol/share/visualservocontrol/package.sh'
[12.570s] INFO:colcon.colcon_core.shell:Creating package script '/home/wzf/main_folder/MyProject/Graduation_project/install/visualservocontrol/share/visualservocontrol/package.bash'
[12.571s] INFO:colcon.colcon_core.shell:Creating package script '/home/wzf/main_folder/MyProject/Graduation_project/install/visualservocontrol/share/visualservocontrol/package.zsh'
[12.571s] Level 1:colcon.colcon_core.environment:create_file_with_runtime_dependencies(/home/wzf/main_folder/MyProject/Graduation_project/install/visualservocontrol/share/colcon-core/packages/visualservocontrol)
[12.588s] Level 1:colcon.colcon_core.environment:create_environment_scripts_only(visualservocontrol)
[12.589s] Level 1:colcon.colcon_core.environment:checking '/home/wzf/main_folder/MyProject/Graduation_project/install/visualservocontrol' for CMake module files
[12.589s] Level 1:colcon.colcon_core.environment:checking '/home/wzf/main_folder/MyProject/Graduation_project/install/visualservocontrol' for CMake config files
[12.589s] Level 1:colcon.colcon_core.shell:create_environment_hook('visualservocontrol', 'cmake_prefix_path')
[12.590s] INFO:colcon.colcon_core.shell:Creating environment hook '/home/wzf/main_folder/MyProject/Graduation_project/install/visualservocontrol/share/visualservocontrol/hook/cmake_prefix_path.ps1'
[12.590s] INFO:colcon.colcon_core.shell:Creating environment descriptor '/home/wzf/main_folder/MyProject/Graduation_project/install/visualservocontrol/share/visualservocontrol/hook/cmake_prefix_path.dsv'
[12.590s] INFO:colcon.colcon_core.shell:Creating environment hook '/home/wzf/main_folder/MyProject/Graduation_project/install/visualservocontrol/share/visualservocontrol/hook/cmake_prefix_path.sh'
[12.591s] Level 1:colcon.colcon_core.environment:checking '/home/wzf/main_folder/MyProject/Graduation_project/install/visualservocontrol/lib'
[12.591s] Level 1:colcon.colcon_core.environment:checking '/home/wzf/main_folder/MyProject/Graduation_project/install/visualservocontrol/bin'
[12.591s] Level 1:colcon.colcon_core.environment:checking '/home/wzf/main_folder/MyProject/Graduation_project/install/visualservocontrol/lib/pkgconfig/visualservocontrol.pc'
[12.591s] Level 1:colcon.colcon_core.environment:checking '/home/wzf/main_folder/MyProject/Graduation_project/install/visualservocontrol/lib/python3.8/site-packages'
[12.591s] INFO:colcon.colcon_core.shell:Creating package script '/home/wzf/main_folder/MyProject/Graduation_project/install/visualservocontrol/share/visualservocontrol/package.ps1'
[12.592s] INFO:colcon.colcon_core.shell:Creating package descriptor '/home/wzf/main_folder/MyProject/Graduation_project/install/visualservocontrol/share/visualservocontrol/package.dsv'
[12.592s] INFO:colcon.colcon_core.shell:Creating package script '/home/wzf/main_folder/MyProject/Graduation_project/install/visualservocontrol/share/visualservocontrol/package.sh'
[12.592s] INFO:colcon.colcon_core.shell:Creating package script '/home/wzf/main_folder/MyProject/Graduation_project/install/visualservocontrol/share/visualservocontrol/package.bash'
[12.593s] INFO:colcon.colcon_core.shell:Creating package script '/home/wzf/main_folder/MyProject/Graduation_project/install/visualservocontrol/share/visualservocontrol/package.zsh'
[12.593s] Level 1:colcon.colcon_core.environment:create_file_with_runtime_dependencies(/home/wzf/main_folder/MyProject/Graduation_project/install/visualservocontrol/share/colcon-core/packages/visualservocontrol)
[12.593s] DEBUG:colcon.colcon_parallel_executor.executor.parallel:closing loop
[12.594s] DEBUG:colcon.colcon_parallel_executor.executor.parallel:loop closed
[12.594s] DEBUG:colcon.colcon_parallel_executor.executor.parallel:run_until_complete finished with '0'
[12.594s] DEBUG:colcon.colcon_core.event_reactor:joining thread
[12.601s] INFO:colcon.colcon_core.plugin_system:Skipping extension 'colcon_notification.desktop_notification.terminal_notifier': Not used on non-Darwin systems
[12.601s] INFO:colcon.colcon_core.plugin_system:Skipping extension 'colcon_notification.desktop_notification.win32': Not used on non-Windows systems
[12.601s] INFO:colcon.colcon_notification.desktop_notification:Sending desktop notification using 'notify2'
[12.621s] DEBUG:colcon.colcon_core.event_reactor:joined thread
[12.621s] INFO:colcon.colcon_core.shell:Creating prefix script '/home/wzf/main_folder/MyProject/Graduation_project/install/local_setup.ps1'
[12.622s] INFO:colcon.colcon_core.shell:Creating prefix util module '/home/wzf/main_folder/MyProject/Graduation_project/install/_local_setup_util_ps1.py'
[12.624s] INFO:colcon.colcon_core.shell:Creating prefix chain script '/home/wzf/main_folder/MyProject/Graduation_project/install/setup.ps1'
[12.625s] INFO:colcon.colcon_core.shell:Creating prefix script '/home/wzf/main_folder/MyProject/Graduation_project/install/local_setup.sh'
[12.626s] INFO:colcon.colcon_core.shell:Creating prefix util module '/home/wzf/main_folder/MyProject/Graduation_project/install/_local_setup_util_sh.py'
[12.626s] INFO:colcon.colcon_core.shell:Creating prefix chain script '/home/wzf/main_folder/MyProject/Graduation_project/install/setup.sh'
[12.628s] INFO:colcon.colcon_core.shell:Creating prefix script '/home/wzf/main_folder/MyProject/Graduation_project/install/local_setup.bash'
[12.629s] INFO:colcon.colcon_core.shell:Creating prefix chain script '/home/wzf/main_folder/MyProject/Graduation_project/install/setup.bash'
[12.631s] INFO:colcon.colcon_core.shell:Creating prefix script '/home/wzf/main_folder/MyProject/Graduation_project/install/local_setup.zsh'
[12.632s] INFO:colcon.colcon_core.shell:Creating prefix chain script '/home/wzf/main_folder/MyProject/Graduation_project/install/setup.zsh'
