[0.011s] Invoking command in '/home/wzf/main_folder/MyProject/Graduation_project/build/cpp_pubsub': CMAKE_PREFIX_PATH=${CMAKE_PREFIX_PATH}:/opt/ros/foxy /usr/bin/cmake --build /home/wzf/main_folder/MyProject/Graduation_project/build/cpp_pubsub -- -j20 -l20
[0.052s] [ 75%] Built target listener
[0.052s] [100%] Built target talker
[0.061s] Invoked command in '/home/wzf/main_folder/MyProject/Graduation_project/build/cpp_pubsub' returned '0': CMAKE_PREFIX_PATH=${CMAKE_PREFIX_PATH}:/opt/ros/foxy /usr/bin/cmake --build /home/wzf/main_folder/MyProject/Graduation_project/build/cpp_pubsub -- -j20 -l20
[0.082s] Invoking command in '/home/wzf/main_folder/MyProject/Graduation_project/build/cpp_pubsub': CMAKE_PREFIX_PATH=${CMAKE_PREFIX_PATH}:/opt/ros/foxy /usr/bin/cmake --install /home/wzf/main_folder/MyProject/Graduation_project/build/cpp_pubsub
[0.087s] -- Install configuration: ""
[0.088s] -- Up-to-date: /home/wzf/main_folder/MyProject/Graduation_project/install/cpp_pubsub/lib/cpp_pubsub/talker
[0.088s] -- Up-to-date: /home/wzf/main_folder/MyProject/Graduation_project/install/cpp_pubsub/lib/cpp_pubsub/talker
[0.088s] -- Up-to-date: /home/wzf/main_folder/MyProject/Graduation_project/install/cpp_pubsub/lib/cpp_pubsub/listener
[0.088s] -- Up-to-date: /home/wzf/main_folder/MyProject/Graduation_project/install/cpp_pubsub/share/ament_index/resource_index/package_run_dependencies/cpp_pubsub
[0.088s] -- Up-to-date: /home/wzf/main_folder/MyProject/Graduation_project/install/cpp_pubsub/share/ament_index/resource_index/parent_prefix_path/cpp_pubsub
[0.088s] -- Up-to-date: /home/wzf/main_folder/MyProject/Graduation_project/install/cpp_pubsub/share/cpp_pubsub/environment/ament_prefix_path.sh
[0.088s] -- Up-to-date: /home/wzf/main_folder/MyProject/Graduation_project/install/cpp_pubsub/share/cpp_pubsub/environment/ament_prefix_path.dsv
[0.088s] -- Up-to-date: /home/wzf/main_folder/MyProject/Graduation_project/install/cpp_pubsub/share/cpp_pubsub/environment/path.sh
[0.088s] -- Up-to-date: /home/wzf/main_folder/MyProject/Graduation_project/install/cpp_pubsub/share/cpp_pubsub/environment/path.dsv
[0.088s] -- Up-to-date: /home/wzf/main_folder/MyProject/Graduation_project/install/cpp_pubsub/share/cpp_pubsub/local_setup.bash
[0.088s] -- Up-to-date: /home/wzf/main_folder/MyProject/Graduation_project/install/cpp_pubsub/share/cpp_pubsub/local_setup.sh
[0.088s] -- Up-to-date: /home/wzf/main_folder/MyProject/Graduation_project/install/cpp_pubsub/share/cpp_pubsub/local_setup.zsh
[0.088s] -- Up-to-date: /home/wzf/main_folder/MyProject/Graduation_project/install/cpp_pubsub/share/cpp_pubsub/local_setup.dsv
[0.088s] -- Installing: /home/wzf/main_folder/MyProject/Graduation_project/install/cpp_pubsub/share/cpp_pubsub/package.dsv
[0.088s] -- Up-to-date: /home/wzf/main_folder/MyProject/Graduation_project/install/cpp_pubsub/share/ament_index/resource_index/packages/cpp_pubsub
[0.088s] -- Up-to-date: /home/wzf/main_folder/MyProject/Graduation_project/install/cpp_pubsub/share/cpp_pubsub/cmake/cpp_pubsubConfig.cmake
[0.089s] -- Up-to-date: /home/wzf/main_folder/MyProject/Graduation_project/install/cpp_pubsub/share/cpp_pubsub/cmake/cpp_pubsubConfig-version.cmake
[0.089s] -- Up-to-date: /home/wzf/main_folder/MyProject/Graduation_project/install/cpp_pubsub/share/cpp_pubsub/package.xml
[0.089s] Invoked command in '/home/wzf/main_folder/MyProject/Graduation_project/build/cpp_pubsub' returned '0': CMAKE_PREFIX_PATH=${CMAKE_PREFIX_PATH}:/opt/ros/foxy /usr/bin/cmake --install /home/wzf/main_folder/MyProject/Graduation_project/build/cpp_pubsub
