** WARNING ** io features related to pcap will be disabled
** WARNING ** io features related to png will be disabled
** WARNING ** io features related to libusb-1.0 will be disabled
CMake Warning (dev) at /usr/share/cmake-3.16/Modules/FindOpenGL.cmake:275 (message):
  Policy CMP0072 is not set: FindOpenGL prefers GLVND by default when
  available.  Run "cmake --help-policy CMP0072" for policy details.  Use the
  cmake_policy command to set the policy and suppress this warning.

  FindOpenGL found both a legacy GL library:

    OPENGL_gl_LIBRARY: /usr/lib/x86_64-linux-gnu/libGL.so

  and GLVND libraries for OpenGL and GLX:

    OPENGL_opengl_LIBRARY: /usr/lib/x86_64-linux-gnu/libOpenGL.so
    OPENGL_glx_LIBRARY: /usr/lib/x86_64-linux-gnu/libGLX.so

  OpenGL_GL_PREFERENCE has not been set to "GLVND" or "LEGACY", so for
  compatibility with CMake 3.10 and below the legacy GL library will be used.
Call Stack (most recent call first):
  CMakeLists.txt:78 (find_package)
This warning is for project developers.  Use -Wno-dev to suppress it.

CMake Warning (dev) at CMakeLists.txt:108 (find_package):
  Policy CMP0074 is not set: find_package uses <PackageName>_ROOT variables.
  Run "cmake --help-policy CMP0074" for policy details.  Use the cmake_policy
  command to set the policy and suppress this warning.

  CMake variable FLANN_ROOT is set to:

    /usr

  For compatibility, CMake is ignoring the variable.
This warning is for project developers.  Use -Wno-dev to suppress it.

In file included from [01m[K/home/wzf/main_folder/MyProject/Graduation_project/src/visualservocontrol/src/ModelBasedVisualServo.cpp:21[m[K:
[01m[K/opt/ros/foxy/include/image_transport/image_transport.h:41:89:[m[K [01;36m[Knote: [m[K#pragma message: Warning: This header is deprecated. Use 'image_transport.hpp' instead
   41 | This header is deprecated. Use 'image_transport.hpp' instead"[01;36m[K)[m[K
      |                                                              [01;36m[K^[m[K

In file included from [01m[K/home/wzf/MyLibrary/VISP/visp-ws/visp-3.3.0/modules/core/include/visp3/core/vpMatrix.h:48[m[K,
                 from [01m[K/home/wzf/MyLibrary/VISP/visp-ws/visp-3.3.0/modules/core/include/visp3/core/vpTranslationVector.h:50[m[K,
                 from [01m[K/home/wzf/MyLibrary/VISP/visp-ws/visp-3.3.0/modules/core/include/visp3/core/vpRotationMatrix.h:55[m[K,
                 from [01m[K/home/wzf/MyLibrary/VISP/visp-ws/visp-3.3.0/modules/core/include/visp3/core/vpHomogeneousMatrix.h:60[m[K,
                 from [01m[K/home/wzf/MyLibrary/VISP/visp-ws/visp-3.3.0/modules/core/include/visp3/core/vpPoseVector.h:59[m[K,
                 from [01m[K/home/wzf/MyLibrary/VISP/visp-ws/visp-3.3.0/modules/core/include/visp3/core/vpColVector.h:44[m[K,
                 from [01m[K/home/wzf/MyLibrary/VISP/visp-ws/visp-3.3.0/modules/core/include/visp3/core/vpCameraParameters.h:52[m[K,
                 from [01m[K/home/wzf/MyLibrary/VISP/visp-ws/visp-3.3.0/modules/core/include/visp3/core/vpDisplay.h:46[m[K,
                 from [01m[K/home/wzf/MyLibrary/VISP/visp-ws/visp-3.3.0/modules/tracker/blob/include/visp3/blob/vpDot.h:49[m[K,
                 from [01m[K/home/wzf/MyLibrary/VISP/visp-ws/visp-3.3.0/modules/visual_features/include/visp3/visual_features/vpFeatureBuilder.h:51[m[K,
                 from [01m[K/home/wzf/main_folder/MyProject/Graduation_project/src/visualservocontrol/src/ModelBasedVisualServo.cpp:26[m[K:
[01m[K/home/wzf/MyLibrary/VISP/visp-ws/visp-3.3.0/modules/core/include/visp3/core/vpTime.h:88:2:[m[K [01;35m[Kwarning: [m[Kextra ‘[01m[K;[m[K’ [[01;35m[K-Wpedantic[m[K]
   88 | }[01;35m[K;[m[K
      |  [01;35m[K^[m[K
[01m[K/home/wzf/main_folder/MyProject/Graduation_project/src/visualservocontrol/src/ModelBasedVisualServo.cpp:[m[K In member function ‘[01m[Kvoid ModelBasedVisualServo::getVisualServoSimVISP()[m[K’:
[01m[K/home/wzf/main_folder/MyProject/Graduation_project/src/visualservocontrol/src/ModelBasedVisualServo.cpp:592:22:[m[K [01;35m[Kwarning: [m[Kunused variable ‘[01m[Kiter[m[K’ [[01;35m[K-Wunused-variable[m[K]
  592 |         unsigned int [01;35m[Kiter[m[K = 0;
      |                      [01;35m[K^~~~[m[K
/usr/bin/ld: warning: libopencv_imgproc.so.4.2, needed by /opt/ros/foxy/lib/libcv_bridge.so, may conflict with libopencv_imgproc.so.405
/usr/bin/ld: warning: libopencv_core.so.4.2, needed by /opt/ros/foxy/lib/libcv_bridge.so, may conflict with libopencv_core.so.405
