[0.009s] Invoking command in '/home/wzf/main_folder/MyProject/Graduation_project/build/visualservocontrol': CMAKE_PREFIX_PATH=${CMAKE_PREFIX_PATH}:/opt/ros/foxy /usr/bin/cmake /home/wzf/main_folder/MyProject/Graduation_project/src/visualservocontrol -DCMAKE_INSTALL_PREFIX=/home/wzf/main_folder/MyProject/Graduation_project/install/visualservocontrol
[0.060s] -- The C compiler identification is GNU 9.4.0
[0.099s] -- The CXX compiler identification is GNU 9.4.0
[0.102s] -- Check for working C compiler: /usr/bin/cc
[0.165s] -- Check for working C compiler: /usr/bin/cc -- works
[0.166s] -- Detecting C compiler ABI info
[0.235s] -- Detecting C compiler ABI info - done
[0.242s] -- Detecting C compile features
[0.242s] -- Detecting C compile features - done
[0.244s] -- Check for working CXX compiler: /usr/bin/c++
[0.297s] -- Check for working CXX compiler: /usr/bin/c++ -- works
[0.297s] -- Detecting CXX compiler ABI info
[0.352s] -- Detecting CXX compiler ABI info - done
[0.360s] -- Detecting CXX compile features
[0.360s] -- Detecting CXX compile features - done
[0.362s] -- Found ament_cmake: 0.9.9 (/opt/ros/foxy/share/ament_cmake/cmake)
[0.379s] -- Found PythonInterp: /usr/bin/python3 (found suitable version "3.8.10", minimum required is "3") 
[0.379s] -- Using PYTHON_EXECUTABLE: /usr/bin/python3
[0.493s] -- Found rclcpp: 2.4.1 (/opt/ros/foxy/share/rclcpp/cmake)
[0.522s] -- Using all available rosidl_typesupport_c: rosidl_typesupport_fastrtps_c;rosidl_typesupport_introspection_c
[0.526s] -- Found rosidl_adapter: 1.2.1 (/opt/ros/foxy/share/rosidl_adapter/cmake)
[0.590s] -- Found OpenSSL: /usr/lib/x86_64-linux-gnu/libcrypto.so (found version "1.1.1f")  
[0.614s] -- Found FastRTPS: /opt/ros/foxy/include  
[0.664s] -- Using all available rosidl_typesupport_cpp: rosidl_typesupport_fastrtps_cpp;rosidl_typesupport_introspection_cpp
[0.700s] -- Found rmw_implementation_cmake: 1.0.3 (/opt/ros/foxy/share/rmw_implementation_cmake/cmake)
[0.701s] -- Using RMW implementation 'rmw_fastrtps_cpp' as default
[0.701s] -- Looking for pthread.h
[0.756s] -- Looking for pthread.h - found
[0.756s] -- Performing Test CMAKE_HAVE_LIBC_PTHREAD
[0.836s] -- Performing Test CMAKE_HAVE_LIBC_PTHREAD - Failed
[0.836s] -- Looking for pthread_create in pthreads
[0.903s] -- Looking for pthread_create in pthreads - not found
[0.903s] -- Looking for pthread_create in pthread
[0.979s] -- Looking for pthread_create in pthread - found
[0.980s] -- Found Threads: TRUE  
[1.088s] -- Found sensor_msgs: 2.0.5 (/opt/ros/foxy/share/sensor_msgs/cmake)
[1.163s] -- Found cv_bridge: 2.2.1 (/opt/ros/foxy/share/cv_bridge/cmake)
[1.175s] -- Found image_transport: 2.3.0 (/opt/ros/foxy/share/image_transport/cmake)
[1.209s] -- Found OpenCV: /usr/local (found version "4.5.5") 
[1.353s] -- Found Boost: /usr/lib/x86_64-linux-gnu/cmake/Boost-1.71.0/BoostConfig.cmake (found version "1.71.0") found components: thread date_time 
[1.362s] -- Checking for module 'eigen3'
[1.372s] --   Found eigen3, version 3.3.7
[1.396s] -- Found Eigen: /usr/include/eigen3 (Required is at least version "3.1") 
[1.397s] -- Eigen found (include: /usr/include/eigen3, version: 3.3.7)
[1.424s] -- Found Boost: /usr/include (found suitable version "1.71.0", minimum required is "1.55.0") found components: system filesystem date_time iostreams serialization regex 
[1.435s] -- Checking for module 'flann'
[1.445s] --   Found flann, version 1.9.1
[1.472s] -- Found FLANN: /usr/lib/x86_64-linux-gnu/libflann_cpp.so  
[1.503s] -- Checking for module 'libusb-1.0'
[1.513s] --   Found libusb-1.0, version 1.0.23
[1.539s] -- Found USB_10: /usr/lib/x86_64-linux-gnu/libusb-1.0.so  
[1.580s] -- Found OpenNI: /usr/lib/libOpenNI.so  
[1.580s] -- OpenNI found (include: /usr/include/ni, lib: /usr/lib/libOpenNI.so)
[1.624s] -- Found OpenNI2: /usr/lib/libOpenNI2.so  
[1.624s] -- OpenNI2 found (include: /usr/include/openni2, lib: /usr/lib/libOpenNI2.so)
[1.624s] ** WARNING ** io features related to pcap will be disabled
[1.624s] ** WARNING ** io features related to png will be disabled
[1.632s] -- Found libusb-1.0: /usr/include  
[1.633s] ** WARNING ** io features related to libusb-1.0 will be disabled
[1.637s] -- OpenNI found (include: /usr/include/ni, lib: /usr/lib/libOpenNI.so)
[1.641s] -- OpenNI2 found (include: /usr/include/openni2, lib: /usr/lib/libOpenNI2.so)
[1.658s] -- Found Qhull: optimized;/usr/lib/x86_64-linux-gnu/libqhull.so;debug;/usr/lib/x86_64-linux-gnu/libqhull.so  
[1.659s] -- QHULL found (include: /usr/include, lib: optimized;/usr/lib/x86_64-linux-gnu/libqhull.so;debug;/usr/lib/x86_64-linux-gnu/libqhull.so)
[1.659s] -- looking for PCL_COMMON
[1.659s] -- Found PCL_COMMON: /usr/local/lib/libpcl_common.so  
[1.659s] -- looking for PCL_KDTREE
[1.659s] -- Found PCL_KDTREE: /usr/local/lib/libpcl_kdtree.so  
[1.659s] -- looking for PCL_OCTREE
[1.660s] -- Found PCL_OCTREE: /usr/local/lib/libpcl_octree.so  
[1.660s] -- looking for PCL_SEARCH
[1.660s] -- Found PCL_SEARCH: /usr/local/lib/libpcl_search.so  
[1.660s] -- looking for PCL_SAMPLE_CONSENSUS
[1.660s] -- Found PCL_SAMPLE_CONSENSUS: /usr/local/lib/libpcl_sample_consensus.so  
[1.661s] -- looking for PCL_FILTERS
[1.661s] -- Found PCL_FILTERS: /usr/local/lib/libpcl_filters.so  
[1.661s] -- looking for PCL_2D
[1.661s] -- Found PCL_2D: /usr/local/include/pcl-1.11  
[1.661s] -- looking for PCL_GEOMETRY
[1.661s] -- Found PCL_GEOMETRY: /usr/local/include/pcl-1.11  
[1.662s] -- looking for PCL_IO
[1.662s] -- Found PCL_IO: /usr/local/lib/libpcl_io.so  
[1.662s] -- looking for PCL_FEATURES
[1.662s] -- Found PCL_FEATURES: /usr/local/lib/libpcl_features.so  
[1.663s] -- looking for PCL_ML
[1.663s] -- Found PCL_ML: /usr/local/lib/libpcl_ml.so  
[1.663s] -- looking for PCL_SEGMENTATION
[1.663s] -- Found PCL_SEGMENTATION: /usr/local/lib/libpcl_segmentation.so  
[1.664s] -- looking for PCL_VISUALIZATION
[1.664s] -- Found PCL_VISUALIZATION: /usr/local/lib/libpcl_visualization.so  
[1.664s] -- looking for PCL_SURFACE
[1.665s] -- Found PCL_SURFACE: /usr/local/lib/libpcl_surface.so  
[1.665s] -- looking for PCL_REGISTRATION
[1.665s] -- Found PCL_REGISTRATION: /usr/local/lib/libpcl_registration.so  
[1.665s] -- looking for PCL_KEYPOINTS
[1.666s] -- Found PCL_KEYPOINTS: /usr/local/lib/libpcl_keypoints.so  
[1.666s] -- looking for PCL_TRACKING
[1.666s] -- Found PCL_TRACKING: /usr/local/lib/libpcl_tracking.so  
[1.666s] -- looking for PCL_RECOGNITION
[1.667s] -- Found PCL_RECOGNITION: /usr/local/lib/libpcl_recognition.so  
[1.667s] -- looking for PCL_STEREO
[1.667s] -- Found PCL_STEREO: /usr/local/lib/libpcl_stereo.so  
[1.667s] -- looking for PCL_OUTOFCORE
[1.668s] -- Found PCL_OUTOFCORE: /usr/local/lib/libpcl_outofcore.so  
[1.668s] -- looking for PCL_PEOPLE
[1.668s] -- Found PCL_PEOPLE: /usr/local/lib/libpcl_people.so  
[1.669s] -- Found PCL: pcl_common;pcl_kdtree;pcl_octree;pcl_search;pcl_sample_consensus;pcl_filters;pcl_io;pcl_features;pcl_ml;pcl_segmentation;pcl_visualization;pcl_surface;pcl_registration;pcl_keypoints;pcl_tracking;pcl_recognition;pcl_stereo;pcl_outofcore;pcl_people;/usr/lib/x86_64-linux-gnu/libboost_system.so;/usr/lib/x86_64-linux-gnu/libboost_filesystem.so;/usr/lib/x86_64-linux-gnu/libboost_date_time.so.1.71.0;/usr/lib/x86_64-linux-gnu/libboost_iostreams.so;/usr/lib/x86_64-linux-gnu/libboost_serialization.so;/usr/lib/x86_64-linux-gnu/libboost_regex.so;optimized;/usr/lib/x86_64-linux-gnu/libqhull.so;debug;/usr/lib/x86_64-linux-gnu/libqhull.so;/usr/lib/libOpenNI.so;/usr/lib/libOpenNI2.so;vtkChartsCore;vtkCommonColor;vtkCommonCore;vtksys;vtkCommonDataModel;vtkCommonMath;vtkCommonMisc;vtkCommonSystem;vtkCommonTransforms;vtkCommonExecutionModel;vtkFiltersGeneral;vtkCommonComputationalGeometry;vtkFiltersCore;vtkInfovisCore;vtkFiltersExtraction;vtkFiltersStatistics;vtkImagingFourier;vtkImagingCore;vtkRenderingContext2D;vtkRenderingCore;vtkFiltersGeometry;vtkFiltersSources;vtkRenderingFreeType;vtkfreetype;vtkzlib;vtkFiltersModeling;vtkImagingSources;vtkInteractionStyle;vtkInteractionWidgets;vtkFiltersHybrid;vtkImagingColor;vtkImagingGeneral;vtkImagingHybrid;vtkIOImage;vtkDICOMParser;vtkmetaio;vtkjpeg;vtkpng;vtktiff;vtkRenderingAnnotation;vtkRenderingVolume;vtkIOXML;vtkIOCore;vtkdoubleconversion;vtklz4;vtklzma;vtkIOXMLParser;vtkexpat;vtkIOGeometry;vtkIOLegacy;vtkIOPLY;vtkRenderingLOD;vtkViewsContext2D;vtkViewsCore;vtkRenderingContextOpenGL2;vtkRenderingOpenGL2;vtkglew;vtkRenderingQt;vtkFiltersTexture;vtkGUISupportQt;vtkRenderingLabel;FLANN::FLANN (Required is at least version "1.11.1") 
[1.675s] CMake Warning (dev) at /usr/share/cmake-3.16/Modules/FindOpenGL.cmake:275 (message):
[1.675s]   Policy CMP0072 is not set: FindOpenGL prefers GLVND by default when
[1.675s]   available.  Run "cmake --help-policy CMP0072" for policy details.  Use the
[1.675s]   cmake_policy command to set the policy and suppress this warning.
[1.675s] 
[1.675s]   FindOpenGL found both a legacy GL library:
[1.675s] 
[1.675s]     OPENGL_gl_LIBRARY: /usr/lib/x86_64-linux-gnu/libGL.so
[1.675s] 
[1.675s]   and GLVND libraries for OpenGL and GLX:
[1.675s] 
[1.675s]     OPENGL_opengl_LIBRARY: /usr/lib/x86_64-linux-gnu/libOpenGL.so
[1.675s]     OPENGL_glx_LIBRARY: /usr/lib/x86_64-linux-gnu/libGLX.so
[1.675s] 
[1.675s]   OpenGL_GL_PREFERENCE has not been set to "GLVND" or "LEGACY", so for
[1.675s]   compatibility with CMake 3.10 and below the legacy GL library will be used.
[1.675s] Call Stack (most recent call first):
[1.675s]   CMakeLists.txt:78 (find_package)
[1.675s] This warning is for project developers.  Use -Wno-dev to suppress it.
[1.675s] 
[1.675s] -- Found OpenGL: /usr/lib/x86_64-linux-gnu/libOpenGL.so   
[1.678s] -- Found realsense_ros: 2.0.8 (/home/wzf/main_folder/MyProject/Graduation_project/install/realsense_ros/share/realsense_ros/cmake)
[1.679s] -- Found realsense_msgs: 2.0.8 (/home/wzf/main_folder/MyProject/Graduation_project/install/realsense_msgs/share/realsense_msgs/cmake)
[1.701s] -- Found nav_msgs: 2.0.5 (/opt/ros/foxy/share/nav_msgs/cmake)
[1.749s] -- Found tf2: 0.13.13 (/opt/ros/foxy/share/tf2/cmake)
[1.755s] -- Found tf2_ros: 0.13.13 (/opt/ros/foxy/share/tf2_ros/cmake)
[1.964s] -- Found pcl_conversions: 2.2.1 (/opt/ros/foxy/share/pcl_conversions/cmake)
[2.112s] -- HDF5: Using hdf5 compiler wrapper to determine C configuration
[2.117s] -- Found HDF5: /usr/lib/x86_64-linux-gnu/hdf5/serial/libhdf5.so;/usr/lib/x86_64-linux-gnu/libpthread.so;/usr/lib/x86_64-linux-gnu/libsz.so;/usr/lib/x86_64-linux-gnu/libz.so;/usr/lib/x86_64-linux-gnu/libdl.so;/usr/lib/x86_64-linux-gnu/libm.so (found version "1.10.4")  
[2.117s] CMake Warning (dev) at CMakeLists.txt:108 (find_package):
[2.117s]   Policy CMP0074 is not set: find_package uses <PackageName>_ROOT variables.
[2.117s]   Run "cmake --help-policy CMP0074" for policy details.  Use the cmake_policy
[2.117s]   command to set the policy and suppress this warning.
[2.117s] 
[2.117s]   CMake variable FLANN_ROOT is set to:
[2.117s] 
[2.117s]     /usr
[2.117s] 
[2.117s]   For compatibility, CMake is ignoring the variable.
[2.117s] This warning is for project developers.  Use -Wno-dev to suppress it.
[2.117s] 
[2.166s] -- Found ament_lint_auto: 0.9.6 (/opt/ros/foxy/share/ament_lint_auto/cmake)
[2.214s] -- Added test 'copyright' to check source files copyright and LICENSE
[2.216s] -- Added test 'cppcheck' to perform static code analysis on C / C++ code
[2.217s] -- Configured cppcheck include dirs: $<BUILD_INTERFACE:/home/wzf/main_folder/MyProject/Graduation_project/src/visualservocontrol/include>;/home/wzf/main_folder/MyProject/Graduation_project/src/visualservocontrol/include
[2.217s] -- Configured cppcheck exclude dirs and/or files: 
[2.219s] -- Added test 'cpplint' to check C / C++ code against the Google style
[2.220s] -- Configured cpplint exclude dirs and/or files: 
[2.221s] -- Added test 'lint_cmake' to check CMake code style
[2.223s] -- Added test 'uncrustify' to check C / C++ code style
[2.223s] -- Configured uncrustify additional arguments: 
[2.224s] -- Added test 'xmllint' to check XML markup files
[2.226s] -- Configuring done
[2.308s] -- Generating done
[2.309s] -- Build files have been written to: /home/wzf/main_folder/MyProject/Graduation_project/build/visualservocontrol
[2.317s] Invoked command in '/home/wzf/main_folder/MyProject/Graduation_project/build/visualservocontrol' returned '0': CMAKE_PREFIX_PATH=${CMAKE_PREFIX_PATH}:/opt/ros/foxy /usr/bin/cmake /home/wzf/main_folder/MyProject/Graduation_project/src/visualservocontrol -DCMAKE_INSTALL_PREFIX=/home/wzf/main_folder/MyProject/Graduation_project/install/visualservocontrol
[2.319s] Invoking command in '/home/wzf/main_folder/MyProject/Graduation_project/build/visualservocontrol': CMAKE_PREFIX_PATH=${CMAKE_PREFIX_PATH}:/opt/ros/foxy /usr/bin/cmake --build /home/wzf/main_folder/MyProject/Graduation_project/build/visualservocontrol -- -j20 -l20
[2.351s] [35m[1mScanning dependencies of target ModelBasedVisualServo[0m
[2.437s] [ 50%] [32mBuilding CXX object CMakeFiles/ModelBasedVisualServo.dir/src/ModelBasedVisualServo.cpp.o[0m
[5.974s] In file included from [01m[K/home/wzf/main_folder/MyProject/Graduation_project/src/visualservocontrol/src/ModelBasedVisualServo.cpp:21[m[K:
[5.975s] [01m[K/opt/ros/foxy/include/image_transport/image_transport.h:41:89:[m[K [01;36m[Knote: [m[K#pragma message: Warning: This header is deprecated. Use 'image_transport.hpp' instead
[5.975s]    41 | This header is deprecated. Use 'image_transport.hpp' instead"[01;36m[K)[m[K
[5.975s]       |                                                              [01;36m[K^[m[K
[5.975s] 
[6.260s] In file included from [01m[K/home/wzf/MyLibrary/VISP/visp-ws/visp-3.3.0/modules/core/include/visp3/core/vpMatrix.h:48[m[K,
[6.260s]                  from [01m[K/home/wzf/MyLibrary/VISP/visp-ws/visp-3.3.0/modules/core/include/visp3/core/vpTranslationVector.h:50[m[K,
[6.260s]                  from [01m[K/home/wzf/MyLibrary/VISP/visp-ws/visp-3.3.0/modules/core/include/visp3/core/vpRotationMatrix.h:55[m[K,
[6.260s]                  from [01m[K/home/wzf/MyLibrary/VISP/visp-ws/visp-3.3.0/modules/core/include/visp3/core/vpHomogeneousMatrix.h:60[m[K,
[6.260s]                  from [01m[K/home/wzf/MyLibrary/VISP/visp-ws/visp-3.3.0/modules/core/include/visp3/core/vpPoseVector.h:59[m[K,
[6.260s]                  from [01m[K/home/wzf/MyLibrary/VISP/visp-ws/visp-3.3.0/modules/core/include/visp3/core/vpColVector.h:44[m[K,
[6.260s]                  from [01m[K/home/wzf/MyLibrary/VISP/visp-ws/visp-3.3.0/modules/core/include/visp3/core/vpCameraParameters.h:52[m[K,
[6.260s]                  from [01m[K/home/wzf/MyLibrary/VISP/visp-ws/visp-3.3.0/modules/core/include/visp3/core/vpDisplay.h:46[m[K,
[6.260s]                  from [01m[K/home/wzf/MyLibrary/VISP/visp-ws/visp-3.3.0/modules/tracker/blob/include/visp3/blob/vpDot.h:49[m[K,
[6.260s]                  from [01m[K/home/wzf/MyLibrary/VISP/visp-ws/visp-3.3.0/modules/visual_features/include/visp3/visual_features/vpFeatureBuilder.h:51[m[K,
[6.260s]                  from [01m[K/home/wzf/main_folder/MyProject/Graduation_project/src/visualservocontrol/src/ModelBasedVisualServo.cpp:26[m[K:
[6.260s] [01m[K/home/wzf/MyLibrary/VISP/visp-ws/visp-3.3.0/modules/core/include/visp3/core/vpTime.h:88:2:[m[K [01;35m[Kwarning: [m[Kextra ‘[01m[K;[m[K’ [[01;35m[K-Wpedantic[m[K]
[6.261s]    88 | }[01;35m[K;[m[K
[6.261s]       |  [01;35m[K^[m[K
[6.362s] [01m[K/home/wzf/main_folder/MyProject/Graduation_project/src/visualservocontrol/src/ModelBasedVisualServo.cpp:[m[K In member function ‘[01m[Kvoid ModelBasedVisualServo::getVisualServoSimVISP()[m[K’:
[6.362s] [01m[K/home/wzf/main_folder/MyProject/Graduation_project/src/visualservocontrol/src/ModelBasedVisualServo.cpp:592:22:[m[K [01;35m[Kwarning: [m[Kunused variable ‘[01m[Kiter[m[K’ [[01;35m[K-Wunused-variable[m[K]
[6.362s]   592 |         unsigned int [01;35m[Kiter[m[K = 0;
[6.362s]       |                      [01;35m[K^~~~[m[K
[10.827s] [100%] [32m[1mLinking CXX executable ModelBasedVisualServo[0m
[12.390s] /usr/bin/ld: warning: libopencv_imgproc.so.4.2, needed by /opt/ros/foxy/lib/libcv_bridge.so, may conflict with libopencv_imgproc.so.405
[12.390s] /usr/bin/ld: warning: libopencv_core.so.4.2, needed by /opt/ros/foxy/lib/libcv_bridge.so, may conflict with libopencv_core.so.405
[12.399s] [100%] Built target ModelBasedVisualServo
[12.408s] Invoked command in '/home/wzf/main_folder/MyProject/Graduation_project/build/visualservocontrol' returned '0': CMAKE_PREFIX_PATH=${CMAKE_PREFIX_PATH}:/opt/ros/foxy /usr/bin/cmake --build /home/wzf/main_folder/MyProject/Graduation_project/build/visualservocontrol -- -j20 -l20
[12.437s] Invoking command in '/home/wzf/main_folder/MyProject/Graduation_project/build/visualservocontrol': CMAKE_PREFIX_PATH=${CMAKE_PREFIX_PATH}:/opt/ros/foxy /usr/bin/cmake --install /home/wzf/main_folder/MyProject/Graduation_project/build/visualservocontrol
[12.444s] -- Install configuration: ""
[12.445s] -- Installing: /home/wzf/main_folder/MyProject/Graduation_project/install/visualservocontrol/lib/visualservocontrol/ModelBasedVisualServo
[12.447s] -- Set runtime path of "/home/wzf/main_folder/MyProject/Graduation_project/install/visualservocontrol/lib/visualservocontrol/ModelBasedVisualServo" to ""
[12.447s] -- Installing: /home/wzf/main_folder/MyProject/Graduation_project/install/visualservocontrol/share/ament_index/resource_index/package_run_dependencies/visualservocontrol
[12.447s] -- Installing: /home/wzf/main_folder/MyProject/Graduation_project/install/visualservocontrol/share/ament_index/resource_index/parent_prefix_path/visualservocontrol
[12.447s] -- Installing: /home/wzf/main_folder/MyProject/Graduation_project/install/visualservocontrol/share/visualservocontrol/environment/ament_prefix_path.sh
[12.447s] -- Installing: /home/wzf/main_folder/MyProject/Graduation_project/install/visualservocontrol/share/visualservocontrol/environment/ament_prefix_path.dsv
[12.447s] -- Installing: /home/wzf/main_folder/MyProject/Graduation_project/install/visualservocontrol/share/visualservocontrol/environment/path.sh
[12.447s] -- Installing: /home/wzf/main_folder/MyProject/Graduation_project/install/visualservocontrol/share/visualservocontrol/environment/path.dsv
[12.447s] -- Installing: /home/wzf/main_folder/MyProject/Graduation_project/install/visualservocontrol/share/visualservocontrol/local_setup.bash
[12.447s] -- Installing: /home/wzf/main_folder/MyProject/Graduation_project/install/visualservocontrol/share/visualservocontrol/local_setup.sh
[12.447s] -- Installing: /home/wzf/main_folder/MyProject/Graduation_project/install/visualservocontrol/share/visualservocontrol/local_setup.zsh
[12.447s] -- Installing: /home/wzf/main_folder/MyProject/Graduation_project/install/visualservocontrol/share/visualservocontrol/local_setup.dsv
[12.447s] -- Installing: /home/wzf/main_folder/MyProject/Graduation_project/install/visualservocontrol/share/visualservocontrol/package.dsv
[12.447s] -- Installing: /home/wzf/main_folder/MyProject/Graduation_project/install/visualservocontrol/share/ament_index/resource_index/packages/visualservocontrol
[12.448s] -- Installing: /home/wzf/main_folder/MyProject/Graduation_project/install/visualservocontrol/share/visualservocontrol/cmake/visualservocontrolConfig.cmake
[12.448s] -- Installing: /home/wzf/main_folder/MyProject/Graduation_project/install/visualservocontrol/share/visualservocontrol/cmake/visualservocontrolConfig-version.cmake
[12.448s] -- Installing: /home/wzf/main_folder/MyProject/Graduation_project/install/visualservocontrol/share/visualservocontrol/package.xml
[12.449s] Invoked command in '/home/wzf/main_folder/MyProject/Graduation_project/build/visualservocontrol' returned '0': CMAKE_PREFIX_PATH=${CMAKE_PREFIX_PATH}:/opt/ros/foxy /usr/bin/cmake --install /home/wzf/main_folder/MyProject/Graduation_project/build/visualservocontrol
