[01m[K/home/wzf/main_folder/MyProject/Graduation_project/src/jkrobotcontrol/src/TCPClient.cpp:[m[K In member function ‘[01m[Kbool TCPClient::setup(std::string, int)[m[K’:
[01m[K/home/wzf/main_folder/MyProject/Graduation_project/src/jkrobotcontrol/src/TCPClient.cpp:16:34:[m[K [01;35m[Kwarning: [m[Kcomparison of integer expressions of different signedness: ‘[01m[Kin_addr_t[m[K’ {aka ‘[01m[Kunsigned int[m[K’} and ‘[01m[Kint[m[K’ [[01;35m[K-Wsign-compare[m[K]
   16 |   if ([01;35m[Kinet_addr(address.c_str()) == -1[m[K) {
      |       [01;35m[K~~~~~~~~~~~~~~~~~~~~~~~~~~~^~~~~[m[K
[01m[K/home/wzf/main_folder/MyProject/Graduation_project/src/jkrobotcontrol/src/TCPClient.cpp:[m[K In member function ‘[01m[Kstd::string TCPClient::receive(int)[m[K’:
[01m[K/home/wzf/main_folder/MyProject/Graduation_project/src/jkrobotcontrol/src/TCPClient.cpp:54:8:[m[K [01;35m[Kwarning: [m[KISO C++ forbids variable length array ‘[01m[Kbuffer[m[K’ [[01;35m[K-Wvla[m[K]
   54 |   char [01;35m[Kbuffer[m[K[size];
      |        [01;35m[K^~~~~~[m[K
[01m[K/home/wzf/main_folder/MyProject/Graduation_project/src/jkrobotcontrol/src/robotState.cpp:[m[K In member function ‘[01m[Kint robotState::movPosAndForceLimit(const Eigen::Matrix<double, 6, 1>&, double, Eigen::Matrix<double, 6, 1>, Eigen::Matrix<double, 6, 1>, int, int)[m[K’:
[01m[K/home/wzf/main_folder/MyProject/Graduation_project/src/jkrobotcontrol/src/robotState.cpp:747:30:[m[K [01;35m[Kwarning: [m[Kunused parameter ‘[01m[KForcelimits[m[K’ [[01;35m[K-Wunused-parameter[m[K]
  747 |         double Pvr, Vector6d Forcelimits,
[01m[K/home/wzf/main_folder/MyProject/Graduation_project/src/jkrobotcontrol/src/robotState.cpp:[m[K In member function ‘[01m[Kint robotState::movJointAndForceLimit(const Eigen::Matrix<double, 6, 1>&, double, Eigen::Matrix<double, 6, 1>, Eigen::Matrix<double, 6, 1>, int, int)[m[K’:
[01m[K/home/wzf/main_folder/MyProject/Graduation_project/src/jkrobotcontrol/src/robotState.cpp:784:30:[m[K [01;35m[Kwarning: [m[Kunused parameter ‘[01m[KForcelimits[m[K’ [[01;35m[K-Wunused-parameter[m[K]
  784 |         double Jvr, Vector6d Forcelimits,
[01m[K/home/wzf/main_folder/MyProject/Graduation_project/src/jkrobotcontrol/src/robotState.cpp:[m[K In member function ‘[01m[Kint robotState::movRelTool(const Eigen::Matrix<double, 6, 1>&, double)[m[K’:
[01m[K/home/wzf/main_folder/MyProject/Graduation_project/src/jkrobotcontrol/src/robotState.cpp:1026:7:[m[K [01;35m[Kwarning: [m[Kunused variable ‘[01m[KtouchFlag[m[K’ [[01;35m[K-Wunused-variable[m[K]
 1026 |   int [01;35m[KtouchFlag[m[K = 0;
      |       [01;35m[K^~~~~~~~~[m[K
[01m[K/home/wzf/main_folder/MyProject/Graduation_project/src/jkrobotcontrol/src/robotState.cpp:1027:7:[m[K [01;35m[Kwarning: [m[Kunused variable ‘[01m[KforceSensorFlag[m[K’ [[01;35m[K-Wunused-variable[m[K]
 1027 |   int [01;35m[KforceSensorFlag[m[K = 0;
      |       [01;35m[K^~~~~~~~~~~~~~~[m[K
[01m[K/home/wzf/main_folder/MyProject/Graduation_project/src/jkrobotcontrol/src/main.cpp:[m[K In member function ‘[01m[Kint RobotHandle::CheckKeyEvent()[m[K’:
[01m[K/home/wzf/main_folder/MyProject/Graduation_project/src/jkrobotcontrol/src/main.cpp:227:5:[m[K [01;35m[Kwarning: [m[Kcontrol reaches end of non-void function [[01;35m[K-Wreturn-type[m[K]
  227 |     [01;35m[K}[m[K
      |     [01;35m[K^[m[K
