[0.007s] Invoking command in '/home/wzf/main_folder/MyProject/Graduation_project/build/jkrobotcontrol': CMAKE_PREFIX_PATH=${CMAKE_PREFIX_PATH}:/opt/ros/foxy /usr/bin/cmake /home/wzf/main_folder/MyProject/Graduation_project/src/jkrobotcontrol -DCMAKE_INSTALL_PREFIX=/home/wzf/main_folder/MyProject/Graduation_project/install/jkrobotcontrol
[0.048s] -- The C compiler identification is GNU 9.4.0
[0.086s] -- The CXX compiler identification is GNU 9.4.0
[0.089s] -- Check for working C compiler: /usr/bin/cc
[0.146s] -- Check for working C compiler: /usr/bin/cc -- works
[0.147s] -- Detecting C compiler ABI info
[0.205s] -- Detecting C compiler ABI info - done
[0.212s] -- Detecting C compile features
[0.212s] -- Detecting C compile features - done
[0.214s] -- Check for working CXX compiler: /usr/bin/c++
[0.275s] -- Check for working CXX compiler: /usr/bin/c++ -- works
[0.276s] -- Detecting CXX compiler ABI info
[0.337s] -- Detecting CXX compiler ABI info - done
[0.345s] -- Detecting CXX compile features
[0.345s] -- Detecting CXX compile features - done
[0.347s] -- Found ament_cmake: 0.9.9 (/opt/ros/foxy/share/ament_cmake/cmake)
[0.365s] -- Found PythonInterp: /usr/bin/python3 (found suitable version "3.8.10", minimum required is "3") 
[0.365s] -- Using PYTHON_EXECUTABLE: /usr/bin/python3
[0.482s] -- Found rclcpp: 2.4.1 (/opt/ros/foxy/share/rclcpp/cmake)
[0.514s] -- Using all available rosidl_typesupport_c: rosidl_typesupport_fastrtps_c;rosidl_typesupport_introspection_c
[0.518s] -- Found rosidl_adapter: 1.2.1 (/opt/ros/foxy/share/rosidl_adapter/cmake)
[0.577s] -- Found OpenSSL: /usr/lib/x86_64-linux-gnu/libcrypto.so (found version "1.1.1f")  
[0.597s] -- Found FastRTPS: /opt/ros/foxy/include  
[0.649s] -- Using all available rosidl_typesupport_cpp: rosidl_typesupport_fastrtps_cpp;rosidl_typesupport_introspection_cpp
[0.685s] -- Found rmw_implementation_cmake: 1.0.3 (/opt/ros/foxy/share/rmw_implementation_cmake/cmake)
[0.686s] -- Using RMW implementation 'rmw_fastrtps_cpp' as default
[0.686s] -- Looking for pthread.h
[0.753s] -- Looking for pthread.h - found
[0.753s] -- Performing Test CMAKE_HAVE_LIBC_PTHREAD
[0.822s] -- Performing Test CMAKE_HAVE_LIBC_PTHREAD - Failed
[0.822s] -- Looking for pthread_create in pthreads
[0.880s] -- Looking for pthread_create in pthreads - not found
[0.881s] -- Looking for pthread_create in pthread
[0.965s] -- Looking for pthread_create in pthread - found
[0.966s] -- Found Threads: TRUE  
[1.070s] -- Found sensor_msgs: 2.0.5 (/opt/ros/foxy/share/sensor_msgs/cmake)
[1.145s] -- Found nav_msgs: 2.0.5 (/opt/ros/foxy/share/nav_msgs/cmake)
[1.192s] -- Found tf2: 0.13.13 (/opt/ros/foxy/share/tf2/cmake)
[1.199s] -- Found tf2_ros: 0.13.13 (/opt/ros/foxy/share/tf2_ros/cmake)
[1.418s] -- Found ament_lint_auto: 0.9.6 (/opt/ros/foxy/share/ament_lint_auto/cmake)
[1.468s] -- Added test 'copyright' to check source files copyright and LICENSE
[1.471s] -- Added test 'cppcheck' to perform static code analysis on C / C++ code
[1.471s] -- Configured cppcheck include dirs: /home/wzf/main_folder/MyProject/Graduation_project/src/jkrobotcontrol/include;$<BUILD_INTERFACE:/home/wzf/main_folder/MyProject/Graduation_project/src/jkrobotcontrol/include>
[1.471s] -- Configured cppcheck exclude dirs and/or files: 
[1.474s] -- Added test 'cpplint' to check C / C++ code against the Google style
[1.474s] -- Configured cpplint exclude dirs and/or files: 
[1.475s] -- Added test 'lint_cmake' to check CMake code style
[1.478s] -- Added test 'uncrustify' to check C / C++ code style
[1.478s] -- Configured uncrustify additional arguments: 
[1.479s] -- Added test 'xmllint' to check XML markup files
[1.481s] -- Configuring done
[1.489s] -- Generating done
[1.490s] -- Build files have been written to: /home/wzf/main_folder/MyProject/Graduation_project/build/jkrobotcontrol
[1.498s] Invoked command in '/home/wzf/main_folder/MyProject/Graduation_project/build/jkrobotcontrol' returned '0': CMAKE_PREFIX_PATH=${CMAKE_PREFIX_PATH}:/opt/ros/foxy /usr/bin/cmake /home/wzf/main_folder/MyProject/Graduation_project/src/jkrobotcontrol -DCMAKE_INSTALL_PREFIX=/home/wzf/main_folder/MyProject/Graduation_project/install/jkrobotcontrol
[1.499s] Invoking command in '/home/wzf/main_folder/MyProject/Graduation_project/build/jkrobotcontrol': CMAKE_PREFIX_PATH=${CMAKE_PREFIX_PATH}:/opt/ros/foxy /usr/bin/cmake --build /home/wzf/main_folder/MyProject/Graduation_project/build/jkrobotcontrol -- -j20 -l20
[1.526s] [35m[1mScanning dependencies of target MathFunctions[0m
[1.553s] [ 14%] [32mBuilding CXX object CMakeFiles/MathFunctions.dir/src/keyboard.cpp.o[0m
[1.554s] [ 57%] [32mBuilding CXX object CMakeFiles/MathFunctions.dir/src/TCPServer.cpp.o[0m
[1.555s] [ 57%] [32mBuilding CXX object CMakeFiles/MathFunctions.dir/src/robotState.cpp.o[0m
[1.555s] [ 28%] [32mBuilding CXX object CMakeFiles/MathFunctions.dir/src/TCPClient.cpp.o[0m
[1.671s] [01m[K/home/wzf/main_folder/MyProject/Graduation_project/src/jkrobotcontrol/src/TCPClient.cpp:[m[K In member function ‘[01m[Kbool TCPClient::setup(std::string, int)[m[K’:
[1.671s] [01m[K/home/wzf/main_folder/MyProject/Graduation_project/src/jkrobotcontrol/src/TCPClient.cpp:16:34:[m[K [01;35m[Kwarning: [m[Kcomparison of integer expressions of different signedness: ‘[01m[Kin_addr_t[m[K’ {aka ‘[01m[Kunsigned int[m[K’} and ‘[01m[Kint[m[K’ [[01;35m[K-Wsign-compare[m[K]
[1.671s]    16 |   if ([01;35m[Kinet_addr(address.c_str()) == -1[m[K) {
[1.671s]       |       [01;35m[K~~~~~~~~~~~~~~~~~~~~~~~~~~~^~~~~[m[K
[1.671s] [01m[K/home/wzf/main_folder/MyProject/Graduation_project/src/jkrobotcontrol/src/TCPClient.cpp:[m[K In member function ‘[01m[Kstd::string TCPClient::receive(int)[m[K’:
[1.672s] [01m[K/home/wzf/main_folder/MyProject/Graduation_project/src/jkrobotcontrol/src/TCPClient.cpp:54:8:[m[K [01;35m[Kwarning: [m[KISO C++ forbids variable length array ‘[01m[Kbuffer[m[K’ [[01;35m[K-Wvla[m[K]
[1.672s]    54 |   char [01;35m[Kbuffer[m[K[size];
[1.672s]       |        [01;35m[K^~~~~~[m[K
[2.111s] [01m[K/home/wzf/main_folder/MyProject/Graduation_project/src/jkrobotcontrol/src/robotState.cpp:[m[K In member function ‘[01m[Kint robotState::movPosAndForceLimit(const Eigen::Matrix<double, 6, 1>&, double, Eigen::Matrix<double, 6, 1>, Eigen::Matrix<double, 6, 1>, int, int)[m[K’:
[2.111s] [01m[K/home/wzf/main_folder/MyProject/Graduation_project/src/jkrobotcontrol/src/robotState.cpp:747:30:[m[K [01;35m[Kwarning: [m[Kunused parameter ‘[01m[KForcelimits[m[K’ [[01;35m[K-Wunused-parameter[m[K]
[2.111s]   747 |         double Pvr, Vector6d Forcelimits,
[2.111s] [01m[K/home/wzf/main_folder/MyProject/Graduation_project/src/jkrobotcontrol/src/robotState.cpp:[m[K In member function ‘[01m[Kint robotState::movJointAndForceLimit(const Eigen::Matrix<double, 6, 1>&, double, Eigen::Matrix<double, 6, 1>, Eigen::Matrix<double, 6, 1>, int, int)[m[K’:
[2.112s] [01m[K/home/wzf/main_folder/MyProject/Graduation_project/src/jkrobotcontrol/src/robotState.cpp:784:30:[m[K [01;35m[Kwarning: [m[Kunused parameter ‘[01m[KForcelimits[m[K’ [[01;35m[K-Wunused-parameter[m[K]
[2.112s]   784 |         double Jvr, Vector6d Forcelimits,
[2.148s] [01m[K/home/wzf/main_folder/MyProject/Graduation_project/src/jkrobotcontrol/src/robotState.cpp:[m[K In member function ‘[01m[Kint robotState::movRelTool(const Eigen::Matrix<double, 6, 1>&, double)[m[K’:
[2.148s] [01m[K/home/wzf/main_folder/MyProject/Graduation_project/src/jkrobotcontrol/src/robotState.cpp:1026:7:[m[K [01;35m[Kwarning: [m[Kunused variable ‘[01m[KtouchFlag[m[K’ [[01;35m[K-Wunused-variable[m[K]
[2.148s]  1026 |   int [01;35m[KtouchFlag[m[K = 0;
[2.148s]       |       [01;35m[K^~~~~~~~~[m[K
[2.148s] [01m[K/home/wzf/main_folder/MyProject/Graduation_project/src/jkrobotcontrol/src/robotState.cpp:1027:7:[m[K [01;35m[Kwarning: [m[Kunused variable ‘[01m[KforceSensorFlag[m[K’ [[01;35m[K-Wunused-variable[m[K]
[2.149s]  1027 |   int [01;35m[KforceSensorFlag[m[K = 0;
[2.149s]       |       [01;35m[K^~~~~~~~~~~~~~~[m[K
[2.607s] [ 71%] [32m[1mLinking CXX shared library libMathFunctions.so[0m
[2.663s] [ 71%] Built target MathFunctions
[2.670s] [35m[1mScanning dependencies of target main[0m
[2.710s] [ 85%] [32mBuilding CXX object CMakeFiles/main.dir/src/main.cpp.o[0m
[4.617s] [01m[K/home/wzf/main_folder/MyProject/Graduation_project/src/jkrobotcontrol/src/main.cpp:[m[K In member function ‘[01m[Kint RobotHandle::CheckKeyEvent()[m[K’:
[4.617s] [01m[K/home/wzf/main_folder/MyProject/Graduation_project/src/jkrobotcontrol/src/main.cpp:227:5:[m[K [01;35m[Kwarning: [m[Kcontrol reaches end of non-void function [[01;35m[K-Wreturn-type[m[K]
[4.617s]   227 |     [01;35m[K}[m[K
[4.617s]       |     [01;35m[K^[m[K
[6.219s] [100%] [32m[1mLinking CXX executable main[0m
[6.387s] [100%] Built target main
[6.400s] Invoked command in '/home/wzf/main_folder/MyProject/Graduation_project/build/jkrobotcontrol' returned '0': CMAKE_PREFIX_PATH=${CMAKE_PREFIX_PATH}:/opt/ros/foxy /usr/bin/cmake --build /home/wzf/main_folder/MyProject/Graduation_project/build/jkrobotcontrol -- -j20 -l20
[6.443s] Invoking command in '/home/wzf/main_folder/MyProject/Graduation_project/build/jkrobotcontrol': CMAKE_PREFIX_PATH=${CMAKE_PREFIX_PATH}:/opt/ros/foxy /usr/bin/cmake --install /home/wzf/main_folder/MyProject/Graduation_project/build/jkrobotcontrol
[6.451s] -- Install configuration: ""
[6.452s] -- Installing: /home/wzf/main_folder/MyProject/Graduation_project/install/jkrobotcontrol/include
[6.452s] -- Installing: /home/wzf/main_folder/MyProject/Graduation_project/install/jkrobotcontrol/include/JKRobotControl
[6.452s] -- Installing: /home/wzf/main_folder/MyProject/Graduation_project/install/jkrobotcontrol/include/JKRobotControl/main.h
[6.452s] -- Installing: /home/wzf/main_folder/MyProject/Graduation_project/install/jkrobotcontrol/include/JKRobotControl/TCPServer.h
[6.452s] -- Installing: /home/wzf/main_folder/MyProject/Graduation_project/install/jkrobotcontrol/include/JKRobotControl/keyboard.h
[6.452s] -- Installing: /home/wzf/main_folder/MyProject/Graduation_project/install/jkrobotcontrol/include/JKRobotControl/TCPClient.h
[6.452s] -- Installing: /home/wzf/main_folder/MyProject/Graduation_project/install/jkrobotcontrol/include/JKRobotControl/robotState.h
[6.452s] -- Installing: /home/wzf/main_folder/MyProject/Graduation_project/install/jkrobotcontrol/lib/libMathFunctions.so
[6.453s] -- Installing: /home/wzf/main_folder/MyProject/Graduation_project/install/jkrobotcontrol/lib/jkrobotcontrol/main
[6.453s] -- Set runtime path of "/home/wzf/main_folder/MyProject/Graduation_project/install/jkrobotcontrol/lib/jkrobotcontrol/main" to ""
[6.454s] -- Installing: /home/wzf/main_folder/MyProject/Graduation_project/install/jkrobotcontrol/share/ament_index/resource_index/package_run_dependencies/jkrobotcontrol
[6.454s] -- Installing: /home/wzf/main_folder/MyProject/Graduation_project/install/jkrobotcontrol/share/ament_index/resource_index/parent_prefix_path/jkrobotcontrol
[6.454s] -- Installing: /home/wzf/main_folder/MyProject/Graduation_project/install/jkrobotcontrol/share/jkrobotcontrol/environment/ament_prefix_path.sh
[6.454s] -- Installing: /home/wzf/main_folder/MyProject/Graduation_project/install/jkrobotcontrol/share/jkrobotcontrol/environment/ament_prefix_path.dsv
[6.454s] -- Installing: /home/wzf/main_folder/MyProject/Graduation_project/install/jkrobotcontrol/share/jkrobotcontrol/environment/path.sh
[6.454s] -- Installing: /home/wzf/main_folder/MyProject/Graduation_project/install/jkrobotcontrol/share/jkrobotcontrol/environment/path.dsv
[6.454s] -- Installing: /home/wzf/main_folder/MyProject/Graduation_project/install/jkrobotcontrol/share/jkrobotcontrol/local_setup.bash
[6.454s] -- Installing: /home/wzf/main_folder/MyProject/Graduation_project/install/jkrobotcontrol/share/jkrobotcontrol/local_setup.sh
[6.454s] -- Installing: /home/wzf/main_folder/MyProject/Graduation_project/install/jkrobotcontrol/share/jkrobotcontrol/local_setup.zsh
[6.454s] -- Installing: /home/wzf/main_folder/MyProject/Graduation_project/install/jkrobotcontrol/share/jkrobotcontrol/local_setup.dsv
[6.454s] -- Installing: /home/wzf/main_folder/MyProject/Graduation_project/install/jkrobotcontrol/share/jkrobotcontrol/package.dsv
[6.455s] -- Installing: /home/wzf/main_folder/MyProject/Graduation_project/install/jkrobotcontrol/share/ament_index/resource_index/packages/jkrobotcontrol
[6.455s] -- Installing: /home/wzf/main_folder/MyProject/Graduation_project/install/jkrobotcontrol/share/jkrobotcontrol/cmake/jkrobotcontrolConfig.cmake
[6.455s] -- Installing: /home/wzf/main_folder/MyProject/Graduation_project/install/jkrobotcontrol/share/jkrobotcontrol/cmake/jkrobotcontrolConfig-version.cmake
[6.455s] -- Installing: /home/wzf/main_folder/MyProject/Graduation_project/install/jkrobotcontrol/share/jkrobotcontrol/package.xml
[6.456s] Invoked command in '/home/wzf/main_folder/MyProject/Graduation_project/build/jkrobotcontrol' returned '0': CMAKE_PREFIX_PATH=${CMAKE_PREFIX_PATH}:/opt/ros/foxy /usr/bin/cmake --install /home/wzf/main_folder/MyProject/Graduation_project/build/jkrobotcontrol
