[0.008s] Invoking command in '/home/wzf/main_folder/MyProject/Graduation_project/build/realsense_node': AMENT_PREFIX_PATH=/home/wzf/main_folder/MyProject/Graduation_project/install/realsense_ros:/home/wzf/main_folder/MyProject/Graduation_project/install/realsense_msgs:${AMENT_PREFIX_PATH} CMAKE_PREFIX_PATH=/home/wzf/main_folder/MyProject/Graduation_project/install/realsense_ros:/home/wzf/main_folder/MyProject/Graduation_project/install/realsense_msgs:/home/wzf/main_folder/MyProject/Graduation_project/install/cpp_pubsub:/opt/ros/foxy LD_LIBRARY_PATH=/home/wzf/main_folder/MyProject/Graduation_project/install/realsense_ros/lib:/home/wzf/main_folder/MyProject/Graduation_project/install/realsense_msgs/lib:/usr/local/cuda-11.4/lib64:/opt/ros/foxy/opt/yaml_cpp_vendor/lib:/opt/ros/foxy/opt/rviz_ogre_vendor/lib:/opt/ros/foxy/lib/x86_64-linux-gnu:/opt/ros/foxy/lib:/home/wzf/.linuxbrew/lib:/home/wzf/MyLibrary/QT_5_12_9/qt-5-12-9-run/5.12.9/gcc_64/lib PYTHONPATH=/home/wzf/main_folder/MyProject/Graduation_project/install/realsense_msgs/lib/python3.8/site-packages:${PYTHONPATH} /usr/bin/cmake /home/wzf/main_folder/MyProject/Graduation_project/src/ros2_intel_realsense/realsense_node -DCMAKE_INSTALL_PREFIX=/home/wzf/main_folder/MyProject/Graduation_project/install/realsense_node
[0.061s] -- The C compiler identification is GNU 9.4.0
[0.101s] -- The CXX compiler identification is GNU 9.4.0
[0.104s] -- Check for working C compiler: /usr/bin/cc
[0.161s] -- Check for working C compiler: /usr/bin/cc -- works
[0.162s] -- Detecting C compiler ABI info
[0.226s] -- Detecting C compiler ABI info - done
[0.234s] -- Detecting C compile features
[0.234s] -- Detecting C compile features - done
[0.236s] -- Check for working CXX compiler: /usr/bin/c++
[0.302s] -- Check for working CXX compiler: /usr/bin/c++ -- works
[0.304s] -- Detecting CXX compiler ABI info
[0.377s] -- Detecting CXX compiler ABI info - done
[0.385s] -- Detecting CXX compile features
[0.385s] -- Detecting CXX compile features - done
[0.386s] -- Create Debug Build.
[0.387s] -- Found ament_cmake: 0.9.9 (/opt/ros/foxy/share/ament_cmake/cmake)
[0.403s] -- Found PythonInterp: /usr/bin/python3 (found suitable version "3.8.10", minimum required is "3") 
[0.403s] -- Using PYTHON_EXECUTABLE: /usr/bin/python3
[0.513s] -- Found rclcpp: 2.4.1 (/opt/ros/foxy/share/rclcpp/cmake)
[0.542s] -- Using all available rosidl_typesupport_c: rosidl_typesupport_fastrtps_c;rosidl_typesupport_introspection_c
[0.545s] -- Found rosidl_adapter: 1.2.1 (/opt/ros/foxy/share/rosidl_adapter/cmake)
[0.600s] -- Found OpenSSL: /usr/lib/x86_64-linux-gnu/libcrypto.so (found version "1.1.1f")  
[0.619s] -- Found FastRTPS: /opt/ros/foxy/include  
[0.669s] -- Using all available rosidl_typesupport_cpp: rosidl_typesupport_fastrtps_cpp;rosidl_typesupport_introspection_cpp
[0.704s] -- Found rmw_implementation_cmake: 1.0.3 (/opt/ros/foxy/share/rmw_implementation_cmake/cmake)
[0.705s] -- Using RMW implementation 'rmw_fastrtps_cpp' as default
[0.706s] -- Looking for pthread.h
[0.752s] -- Looking for pthread.h - found
[0.752s] -- Performing Test CMAKE_HAVE_LIBC_PTHREAD
[0.811s] -- Performing Test CMAKE_HAVE_LIBC_PTHREAD - Failed
[0.811s] -- Looking for pthread_create in pthreads
[0.853s] -- Looking for pthread_create in pthreads - not found
[0.853s] -- Looking for pthread_create in pthread
[0.927s] -- Looking for pthread_create in pthread - found
[0.928s] -- Found Threads: TRUE  
[1.029s] -- Found nav_msgs: 2.0.5 (/opt/ros/foxy/share/nav_msgs/cmake)
[1.104s] -- Found sensor_msgs: 2.0.5 (/opt/ros/foxy/share/sensor_msgs/cmake)
[1.158s] -- Found OpenCV: /usr/local (found version "4.5.5") 
[1.159s] -- Found tf2: 0.13.13 (/opt/ros/foxy/share/tf2/cmake)
[1.166s] -- Found tf2_ros: 0.13.13 (/opt/ros/foxy/share/tf2_ros/cmake)
[1.379s] -- Found realsense_ros: 2.0.8 (/home/wzf/main_folder/MyProject/Graduation_project/install/realsense_ros/share/realsense_ros/cmake)
[1.380s] -- Found realsense_msgs: 2.0.8 (/home/wzf/main_folder/MyProject/Graduation_project/install/realsense_msgs/share/realsense_msgs/cmake)
[1.404s] -- Found ament_lint_auto: 0.9.6 (/opt/ros/foxy/share/ament_lint_auto/cmake)
[1.450s] -- Added test 'copyright' to check source files copyright and LICENSE
[1.452s] -- Added test 'cppcheck' to perform static code analysis on C / C++ code
[1.452s] -- Configured cppcheck include dirs: /home/wzf/main_folder/MyProject/Graduation_project/src/ros2_intel_realsense/realsense_node/include
[1.452s] -- Configured cppcheck exclude dirs and/or files: 
[1.455s] -- Added test 'cpplint' to check C / C++ code against the Google style
[1.455s] -- Configured cpplint exclude dirs and/or files: 
[1.456s] -- Added test 'lint_cmake' to check CMake code style
[1.458s] -- Added test 'uncrustify' to check C / C++ code style
[1.458s] -- Configured uncrustify additional arguments: 
[1.459s] -- Added test 'xmllint' to check XML markup files
[1.461s] -- Configuring done
[1.475s] -- Generating done
[1.476s] -- Build files have been written to: /home/wzf/main_folder/MyProject/Graduation_project/build/realsense_node
[1.484s] Invoked command in '/home/wzf/main_folder/MyProject/Graduation_project/build/realsense_node' returned '0': AMENT_PREFIX_PATH=/home/wzf/main_folder/MyProject/Graduation_project/install/realsense_ros:/home/wzf/main_folder/MyProject/Graduation_project/install/realsense_msgs:${AMENT_PREFIX_PATH} CMAKE_PREFIX_PATH=/home/wzf/main_folder/MyProject/Graduation_project/install/realsense_ros:/home/wzf/main_folder/MyProject/Graduation_project/install/realsense_msgs:/home/wzf/main_folder/MyProject/Graduation_project/install/cpp_pubsub:/opt/ros/foxy LD_LIBRARY_PATH=/home/wzf/main_folder/MyProject/Graduation_project/install/realsense_ros/lib:/home/wzf/main_folder/MyProject/Graduation_project/install/realsense_msgs/lib:/usr/local/cuda-11.4/lib64:/opt/ros/foxy/opt/yaml_cpp_vendor/lib:/opt/ros/foxy/opt/rviz_ogre_vendor/lib:/opt/ros/foxy/lib/x86_64-linux-gnu:/opt/ros/foxy/lib:/home/wzf/.linuxbrew/lib:/home/wzf/MyLibrary/QT_5_12_9/qt-5-12-9-run/5.12.9/gcc_64/lib PYTHONPATH=/home/wzf/main_folder/MyProject/Graduation_project/install/realsense_msgs/lib/python3.8/site-packages:${PYTHONPATH} /usr/bin/cmake /home/wzf/main_folder/MyProject/Graduation_project/src/ros2_intel_realsense/realsense_node -DCMAKE_INSTALL_PREFIX=/home/wzf/main_folder/MyProject/Graduation_project/install/realsense_node
[1.485s] Invoking command in '/home/wzf/main_folder/MyProject/Graduation_project/build/realsense_node': AMENT_PREFIX_PATH=/home/wzf/main_folder/MyProject/Graduation_project/install/realsense_ros:/home/wzf/main_folder/MyProject/Graduation_project/install/realsense_msgs:${AMENT_PREFIX_PATH} CMAKE_PREFIX_PATH=/home/wzf/main_folder/MyProject/Graduation_project/install/realsense_ros:/home/wzf/main_folder/MyProject/Graduation_project/install/realsense_msgs:/home/wzf/main_folder/MyProject/Graduation_project/install/cpp_pubsub:/opt/ros/foxy LD_LIBRARY_PATH=/home/wzf/main_folder/MyProject/Graduation_project/install/realsense_ros/lib:/home/wzf/main_folder/MyProject/Graduation_project/install/realsense_msgs/lib:/usr/local/cuda-11.4/lib64:/opt/ros/foxy/opt/yaml_cpp_vendor/lib:/opt/ros/foxy/opt/rviz_ogre_vendor/lib:/opt/ros/foxy/lib/x86_64-linux-gnu:/opt/ros/foxy/lib:/home/wzf/.linuxbrew/lib:/home/wzf/MyLibrary/QT_5_12_9/qt-5-12-9-run/5.12.9/gcc_64/lib PYTHONPATH=/home/wzf/main_folder/MyProject/Graduation_project/install/realsense_msgs/lib/python3.8/site-packages:${PYTHONPATH} /usr/bin/cmake --build /home/wzf/main_folder/MyProject/Graduation_project/build/realsense_node -- -j20 -l20
[1.511s] [35m[1mScanning dependencies of target realsense_node[0m
[1.541s] [ 50%] [32mBuilding CXX object CMakeFiles/realsense_node.dir/src/realsense_node.cpp.o[0m
[3.464s] [100%] [32m[1mLinking CXX executable realsense_node[0m
[3.728s] [100%] Built target realsense_node
[3.735s] Invoked command in '/home/wzf/main_folder/MyProject/Graduation_project/build/realsense_node' returned '0': AMENT_PREFIX_PATH=/home/wzf/main_folder/MyProject/Graduation_project/install/realsense_ros:/home/wzf/main_folder/MyProject/Graduation_project/install/realsense_msgs:${AMENT_PREFIX_PATH} CMAKE_PREFIX_PATH=/home/wzf/main_folder/MyProject/Graduation_project/install/realsense_ros:/home/wzf/main_folder/MyProject/Graduation_project/install/realsense_msgs:/home/wzf/main_folder/MyProject/Graduation_project/install/cpp_pubsub:/opt/ros/foxy LD_LIBRARY_PATH=/home/wzf/main_folder/MyProject/Graduation_project/install/realsense_ros/lib:/home/wzf/main_folder/MyProject/Graduation_project/install/realsense_msgs/lib:/usr/local/cuda-11.4/lib64:/opt/ros/foxy/opt/yaml_cpp_vendor/lib:/opt/ros/foxy/opt/rviz_ogre_vendor/lib:/opt/ros/foxy/lib/x86_64-linux-gnu:/opt/ros/foxy/lib:/home/wzf/.linuxbrew/lib:/home/wzf/MyLibrary/QT_5_12_9/qt-5-12-9-run/5.12.9/gcc_64/lib PYTHONPATH=/home/wzf/main_folder/MyProject/Graduation_project/install/realsense_msgs/lib/python3.8/site-packages:${PYTHONPATH} /usr/bin/cmake --build /home/wzf/main_folder/MyProject/Graduation_project/build/realsense_node -- -j20 -l20
[3.751s] Invoking command in '/home/wzf/main_folder/MyProject/Graduation_project/build/realsense_node': AMENT_PREFIX_PATH=/home/wzf/main_folder/MyProject/Graduation_project/install/realsense_ros:/home/wzf/main_folder/MyProject/Graduation_project/install/realsense_msgs:${AMENT_PREFIX_PATH} CMAKE_PREFIX_PATH=/home/wzf/main_folder/MyProject/Graduation_project/install/realsense_ros:/home/wzf/main_folder/MyProject/Graduation_project/install/realsense_msgs:/home/wzf/main_folder/MyProject/Graduation_project/install/cpp_pubsub:/opt/ros/foxy LD_LIBRARY_PATH=/home/wzf/main_folder/MyProject/Graduation_project/install/realsense_ros/lib:/home/wzf/main_folder/MyProject/Graduation_project/install/realsense_msgs/lib:/usr/local/cuda-11.4/lib64:/opt/ros/foxy/opt/yaml_cpp_vendor/lib:/opt/ros/foxy/opt/rviz_ogre_vendor/lib:/opt/ros/foxy/lib/x86_64-linux-gnu:/opt/ros/foxy/lib:/home/wzf/.linuxbrew/lib:/home/wzf/MyLibrary/QT_5_12_9/qt-5-12-9-run/5.12.9/gcc_64/lib PYTHONPATH=/home/wzf/main_folder/MyProject/Graduation_project/install/realsense_msgs/lib/python3.8/site-packages:${PYTHONPATH} /usr/bin/cmake --install /home/wzf/main_folder/MyProject/Graduation_project/build/realsense_node
[3.757s] -- Install configuration: ""
[3.757s] -- Installing: /home/wzf/main_folder/MyProject/Graduation_project/install/realsense_node/lib/realsense_node/realsense_node
[3.757s] -- Set runtime path of "/home/wzf/main_folder/MyProject/Graduation_project/install/realsense_node/lib/realsense_node/realsense_node" to ""
[3.757s] -- Installing: /home/wzf/main_folder/MyProject/Graduation_project/install/realsense_node/bin/realsense_node
[3.757s] -- Set runtime path of "/home/wzf/main_folder/MyProject/Graduation_project/install/realsense_node/bin/realsense_node" to ""
[3.757s] -- Installing: /home/wzf/main_folder/MyProject/Graduation_project/install/realsense_node/share/ament_index/resource_index/package_run_dependencies/realsense_node
[3.758s] -- Installing: /home/wzf/main_folder/MyProject/Graduation_project/install/realsense_node/share/ament_index/resource_index/parent_prefix_path/realsense_node
[3.758s] -- Installing: /home/wzf/main_folder/MyProject/Graduation_project/install/realsense_node/share/realsense_node/environment/ament_prefix_path.sh
[3.758s] -- Installing: /home/wzf/main_folder/MyProject/Graduation_project/install/realsense_node/share/realsense_node/environment/ament_prefix_path.dsv
[3.758s] -- Installing: /home/wzf/main_folder/MyProject/Graduation_project/install/realsense_node/share/realsense_node/environment/path.sh
[3.758s] -- Installing: /home/wzf/main_folder/MyProject/Graduation_project/install/realsense_node/share/realsense_node/environment/path.dsv
[3.758s] -- Installing: /home/wzf/main_folder/MyProject/Graduation_project/install/realsense_node/share/realsense_node/local_setup.bash
[3.758s] -- Installing: /home/wzf/main_folder/MyProject/Graduation_project/install/realsense_node/share/realsense_node/local_setup.sh
[3.758s] -- Installing: /home/wzf/main_folder/MyProject/Graduation_project/install/realsense_node/share/realsense_node/local_setup.zsh
[3.758s] -- Installing: /home/wzf/main_folder/MyProject/Graduation_project/install/realsense_node/share/realsense_node/local_setup.dsv
[3.758s] -- Installing: /home/wzf/main_folder/MyProject/Graduation_project/install/realsense_node/share/realsense_node/package.dsv
[3.758s] -- Installing: /home/wzf/main_folder/MyProject/Graduation_project/install/realsense_node/share/ament_index/resource_index/packages/realsense_node
[3.758s] -- Installing: /home/wzf/main_folder/MyProject/Graduation_project/install/realsense_node/share/realsense_node/cmake/realsense_nodeConfig.cmake
[3.758s] -- Installing: /home/wzf/main_folder/MyProject/Graduation_project/install/realsense_node/share/realsense_node/cmake/realsense_nodeConfig-version.cmake
[3.758s] -- Installing: /home/wzf/main_folder/MyProject/Graduation_project/install/realsense_node/share/realsense_node/package.xml
[3.760s] Invoked command in '/home/wzf/main_folder/MyProject/Graduation_project/build/realsense_node' returned '0': AMENT_PREFIX_PATH=/home/wzf/main_folder/MyProject/Graduation_project/install/realsense_ros:/home/wzf/main_folder/MyProject/Graduation_project/install/realsense_msgs:${AMENT_PREFIX_PATH} CMAKE_PREFIX_PATH=/home/wzf/main_folder/MyProject/Graduation_project/install/realsense_ros:/home/wzf/main_folder/MyProject/Graduation_project/install/realsense_msgs:/home/wzf/main_folder/MyProject/Graduation_project/install/cpp_pubsub:/opt/ros/foxy LD_LIBRARY_PATH=/home/wzf/main_folder/MyProject/Graduation_project/install/realsense_ros/lib:/home/wzf/main_folder/MyProject/Graduation_project/install/realsense_msgs/lib:/usr/local/cuda-11.4/lib64:/opt/ros/foxy/opt/yaml_cpp_vendor/lib:/opt/ros/foxy/opt/rviz_ogre_vendor/lib:/opt/ros/foxy/lib/x86_64-linux-gnu:/opt/ros/foxy/lib:/home/wzf/.linuxbrew/lib:/home/wzf/MyLibrary/QT_5_12_9/qt-5-12-9-run/5.12.9/gcc_64/lib PYTHONPATH=/home/wzf/main_folder/MyProject/Graduation_project/install/realsense_msgs/lib/python3.8/site-packages:${PYTHONPATH} /usr/bin/cmake --install /home/wzf/main_folder/MyProject/Graduation_project/build/realsense_node
