[0.010s] Invoking command in '/home/wzf/main_folder/MyProject/Graduation_project/build/realsense_examples': AMENT_PREFIX_PATH=/home/wzf/main_folder/MyProject/Graduation_project/install/realsense_node:/home/wzf/main_folder/MyProject/Graduation_project/install/realsense_ros:/home/wzf/main_folder/MyProject/Graduation_project/install/realsense_msgs:${AMENT_PREFIX_PATH} CMAKE_PREFIX_PATH=/home/wzf/main_folder/MyProject/Graduation_project/install/realsense_node:/home/wzf/main_folder/MyProject/Graduation_project/install/realsense_ros:/home/wzf/main_folder/MyProject/Graduation_project/install/realsense_msgs:/home/wzf/main_folder/MyProject/Graduation_project/install/cpp_pubsub:/opt/ros/foxy LD_LIBRARY_PATH=/home/wzf/main_folder/MyProject/Graduation_project/install/realsense_ros/lib:/home/wzf/main_folder/MyProject/Graduation_project/install/realsense_msgs/lib:/usr/local/cuda-11.4/lib64:/opt/ros/foxy/opt/yaml_cpp_vendor/lib:/opt/ros/foxy/opt/rviz_ogre_vendor/lib:/opt/ros/foxy/lib/x86_64-linux-gnu:/opt/ros/foxy/lib:/home/wzf/.linuxbrew/lib:/home/wzf/MyLibrary/QT_5_12_9/qt-5-12-9-run/5.12.9/gcc_64/lib PATH=/home/wzf/main_folder/MyProject/Graduation_project/install/realsense_node/bin:${PATH} PYTHONPATH=/home/wzf/main_folder/MyProject/Graduation_project/install/realsense_msgs/lib/python3.8/site-packages:${PYTHONPATH} /usr/bin/cmake /home/wzf/main_folder/MyProject/Graduation_project/src/ros2_intel_realsense/realsense_examples -DCMAKE_INSTALL_PREFIX=/home/wzf/main_folder/MyProject/Graduation_project/install/realsense_examples
[0.054s] -- The C compiler identification is GNU 9.4.0
[0.094s] -- The CXX compiler identification is GNU 9.4.0
[0.100s] -- Check for working C compiler: /usr/bin/cc
[0.164s] -- Check for working C compiler: /usr/bin/cc -- works
[0.165s] -- Detecting C compiler ABI info
[0.221s] -- Detecting C compiler ABI info - done
[0.235s] -- Detecting C compile features
[0.235s] -- Detecting C compile features - done
[0.237s] -- Check for working CXX compiler: /usr/bin/c++
[0.303s] -- Check for working CXX compiler: /usr/bin/c++ -- works
[0.304s] -- Detecting CXX compiler ABI info
[0.378s] -- Detecting CXX compiler ABI info - done
[0.387s] -- Detecting CXX compile features
[0.387s] -- Detecting CXX compile features - done
[0.390s] -- Found ament_cmake: 0.9.9 (/opt/ros/foxy/share/ament_cmake/cmake)
[0.415s] -- Found PythonInterp: /usr/bin/python3 (found suitable version "3.8.10", minimum required is "3") 
[0.415s] -- Using PYTHON_EXECUTABLE: /usr/bin/python3
[0.532s] -- Found realsense_ros: 2.0.8 (/home/wzf/main_folder/MyProject/Graduation_project/install/realsense_ros/share/realsense_ros/cmake)
[0.533s] -- Found realsense_node: 2.0.8 (/home/wzf/main_folder/MyProject/Graduation_project/install/realsense_node/share/realsense_node/cmake)
[0.570s] -- Configuring done
[0.571s] -- Generating done
[0.571s] -- Build files have been written to: /home/wzf/main_folder/MyProject/Graduation_project/build/realsense_examples
[0.574s] Invoked command in '/home/wzf/main_folder/MyProject/Graduation_project/build/realsense_examples' returned '0': AMENT_PREFIX_PATH=/home/wzf/main_folder/MyProject/Graduation_project/install/realsense_node:/home/wzf/main_folder/MyProject/Graduation_project/install/realsense_ros:/home/wzf/main_folder/MyProject/Graduation_project/install/realsense_msgs:${AMENT_PREFIX_PATH} CMAKE_PREFIX_PATH=/home/wzf/main_folder/MyProject/Graduation_project/install/realsense_node:/home/wzf/main_folder/MyProject/Graduation_project/install/realsense_ros:/home/wzf/main_folder/MyProject/Graduation_project/install/realsense_msgs:/home/wzf/main_folder/MyProject/Graduation_project/install/cpp_pubsub:/opt/ros/foxy LD_LIBRARY_PATH=/home/wzf/main_folder/MyProject/Graduation_project/install/realsense_ros/lib:/home/wzf/main_folder/MyProject/Graduation_project/install/realsense_msgs/lib:/usr/local/cuda-11.4/lib64:/opt/ros/foxy/opt/yaml_cpp_vendor/lib:/opt/ros/foxy/opt/rviz_ogre_vendor/lib:/opt/ros/foxy/lib/x86_64-linux-gnu:/opt/ros/foxy/lib:/home/wzf/.linuxbrew/lib:/home/wzf/MyLibrary/QT_5_12_9/qt-5-12-9-run/5.12.9/gcc_64/lib PATH=/home/wzf/main_folder/MyProject/Graduation_project/install/realsense_node/bin:${PATH} PYTHONPATH=/home/wzf/main_folder/MyProject/Graduation_project/install/realsense_msgs/lib/python3.8/site-packages:${PYTHONPATH} /usr/bin/cmake /home/wzf/main_folder/MyProject/Graduation_project/src/ros2_intel_realsense/realsense_examples -DCMAKE_INSTALL_PREFIX=/home/wzf/main_folder/MyProject/Graduation_project/install/realsense_examples
[0.575s] Invoking command in '/home/wzf/main_folder/MyProject/Graduation_project/build/realsense_examples': AMENT_PREFIX_PATH=/home/wzf/main_folder/MyProject/Graduation_project/install/realsense_node:/home/wzf/main_folder/MyProject/Graduation_project/install/realsense_ros:/home/wzf/main_folder/MyProject/Graduation_project/install/realsense_msgs:${AMENT_PREFIX_PATH} CMAKE_PREFIX_PATH=/home/wzf/main_folder/MyProject/Graduation_project/install/realsense_node:/home/wzf/main_folder/MyProject/Graduation_project/install/realsense_ros:/home/wzf/main_folder/MyProject/Graduation_project/install/realsense_msgs:/home/wzf/main_folder/MyProject/Graduation_project/install/cpp_pubsub:/opt/ros/foxy LD_LIBRARY_PATH=/home/wzf/main_folder/MyProject/Graduation_project/install/realsense_ros/lib:/home/wzf/main_folder/MyProject/Graduation_project/install/realsense_msgs/lib:/usr/local/cuda-11.4/lib64:/opt/ros/foxy/opt/yaml_cpp_vendor/lib:/opt/ros/foxy/opt/rviz_ogre_vendor/lib:/opt/ros/foxy/lib/x86_64-linux-gnu:/opt/ros/foxy/lib:/home/wzf/.linuxbrew/lib:/home/wzf/MyLibrary/QT_5_12_9/qt-5-12-9-run/5.12.9/gcc_64/lib PATH=/home/wzf/main_folder/MyProject/Graduation_project/install/realsense_node/bin:${PATH} PYTHONPATH=/home/wzf/main_folder/MyProject/Graduation_project/install/realsense_msgs/lib/python3.8/site-packages:${PYTHONPATH} /usr/bin/cmake --build /home/wzf/main_folder/MyProject/Graduation_project/build/realsense_examples -- -j20 -l20
[0.600s] Invoked command in '/home/wzf/main_folder/MyProject/Graduation_project/build/realsense_examples' returned '0': AMENT_PREFIX_PATH=/home/wzf/main_folder/MyProject/Graduation_project/install/realsense_node:/home/wzf/main_folder/MyProject/Graduation_project/install/realsense_ros:/home/wzf/main_folder/MyProject/Graduation_project/install/realsense_msgs:${AMENT_PREFIX_PATH} CMAKE_PREFIX_PATH=/home/wzf/main_folder/MyProject/Graduation_project/install/realsense_node:/home/wzf/main_folder/MyProject/Graduation_project/install/realsense_ros:/home/wzf/main_folder/MyProject/Graduation_project/install/realsense_msgs:/home/wzf/main_folder/MyProject/Graduation_project/install/cpp_pubsub:/opt/ros/foxy LD_LIBRARY_PATH=/home/wzf/main_folder/MyProject/Graduation_project/install/realsense_ros/lib:/home/wzf/main_folder/MyProject/Graduation_project/install/realsense_msgs/lib:/usr/local/cuda-11.4/lib64:/opt/ros/foxy/opt/yaml_cpp_vendor/lib:/opt/ros/foxy/opt/rviz_ogre_vendor/lib:/opt/ros/foxy/lib/x86_64-linux-gnu:/opt/ros/foxy/lib:/home/wzf/.linuxbrew/lib:/home/wzf/MyLibrary/QT_5_12_9/qt-5-12-9-run/5.12.9/gcc_64/lib PATH=/home/wzf/main_folder/MyProject/Graduation_project/install/realsense_node/bin:${PATH} PYTHONPATH=/home/wzf/main_folder/MyProject/Graduation_project/install/realsense_msgs/lib/python3.8/site-packages:${PYTHONPATH} /usr/bin/cmake --build /home/wzf/main_folder/MyProject/Graduation_project/build/realsense_examples -- -j20 -l20
[0.615s] Invoking command in '/home/wzf/main_folder/MyProject/Graduation_project/build/realsense_examples': AMENT_PREFIX_PATH=/home/wzf/main_folder/MyProject/Graduation_project/install/realsense_node:/home/wzf/main_folder/MyProject/Graduation_project/install/realsense_ros:/home/wzf/main_folder/MyProject/Graduation_project/install/realsense_msgs:${AMENT_PREFIX_PATH} CMAKE_PREFIX_PATH=/home/wzf/main_folder/MyProject/Graduation_project/install/realsense_node:/home/wzf/main_folder/MyProject/Graduation_project/install/realsense_ros:/home/wzf/main_folder/MyProject/Graduation_project/install/realsense_msgs:/home/wzf/main_folder/MyProject/Graduation_project/install/cpp_pubsub:/opt/ros/foxy LD_LIBRARY_PATH=/home/wzf/main_folder/MyProject/Graduation_project/install/realsense_ros/lib:/home/wzf/main_folder/MyProject/Graduation_project/install/realsense_msgs/lib:/usr/local/cuda-11.4/lib64:/opt/ros/foxy/opt/yaml_cpp_vendor/lib:/opt/ros/foxy/opt/rviz_ogre_vendor/lib:/opt/ros/foxy/lib/x86_64-linux-gnu:/opt/ros/foxy/lib:/home/wzf/.linuxbrew/lib:/home/wzf/MyLibrary/QT_5_12_9/qt-5-12-9-run/5.12.9/gcc_64/lib PATH=/home/wzf/main_folder/MyProject/Graduation_project/install/realsense_node/bin:${PATH} PYTHONPATH=/home/wzf/main_folder/MyProject/Graduation_project/install/realsense_msgs/lib/python3.8/site-packages:${PYTHONPATH} /usr/bin/cmake --install /home/wzf/main_folder/MyProject/Graduation_project/build/realsense_examples
[0.624s] -- Install configuration: ""
[0.624s] -- Installing: /home/wzf/main_folder/MyProject/Graduation_project/install/realsense_examples/share/realsense_examples/launch
[0.625s] -- Installing: /home/wzf/main_folder/MyProject/Graduation_project/install/realsense_examples/share/realsense_examples/launch/rs_demo_rgbd.launch.py
[0.625s] -- Installing: /home/wzf/main_folder/MyProject/Graduation_project/install/realsense_examples/share/realsense_examples/launch/template.launch.py
[0.625s] -- Installing: /home/wzf/main_folder/MyProject/Graduation_project/install/realsense_examples/share/realsense_examples/launch/rs_t265_and_d400.launch.py
[0.625s] -- Installing: /home/wzf/main_folder/MyProject/Graduation_project/install/realsense_examples/share/realsense_examples/launch/tb3_robot.launch.py
[0.625s] -- Installing: /home/wzf/main_folder/MyProject/Graduation_project/install/realsense_examples/share/realsense_examples/launch/rs_multiple_devices.launch.py
[0.625s] -- Installing: /home/wzf/main_folder/MyProject/Graduation_project/install/realsense_examples/share/realsense_examples/launch/rs_nav.launch.py
[0.626s] -- Installing: /home/wzf/main_folder/MyProject/Graduation_project/install/realsense_examples/share/realsense_examples/launch/rs_camera.launch.py
[0.626s] -- Installing: /home/wzf/main_folder/MyProject/Graduation_project/install/realsense_examples/share/realsense_examples/launch/rs_demo_t265.launch.py
[0.626s] -- Installing: /home/wzf/main_folder/MyProject/Graduation_project/install/realsense_examples/share/realsense_examples/launch/rs_cartographer.launch.py
[0.626s] -- Installing: /home/wzf/main_folder/MyProject/Graduation_project/install/realsense_examples/share/realsense_examples/config
[0.626s] -- Installing: /home/wzf/main_folder/MyProject/Graduation_project/install/realsense_examples/share/realsense_examples/config/demo_rgbd.rviz
[0.626s] -- Installing: /home/wzf/main_folder/MyProject/Graduation_project/install/realsense_examples/share/realsense_examples/config/t265.yaml
[0.626s] -- Installing: /home/wzf/main_folder/MyProject/Graduation_project/install/realsense_examples/share/realsense_examples/config/rs_cartographer.lua
[0.626s] -- Installing: /home/wzf/main_folder/MyProject/Graduation_project/install/realsense_examples/share/realsense_examples/config/demo_t265.rviz
[0.627s] -- Installing: /home/wzf/main_folder/MyProject/Graduation_project/install/realsense_examples/share/realsense_examples/config/d415.yaml
[0.627s] -- Installing: /home/wzf/main_folder/MyProject/Graduation_project/install/realsense_examples/share/realsense_examples/config/rs_cartographer.rviz
[0.627s] -- Installing: /home/wzf/main_folder/MyProject/Graduation_project/install/realsense_examples/share/realsense_examples/config/d435i.yaml
[0.627s] -- Installing: /home/wzf/main_folder/MyProject/Graduation_project/install/realsense_examples/share/realsense_examples/config/d435.yaml
[0.627s] -- Installing: /home/wzf/main_folder/MyProject/Graduation_project/install/realsense_examples/share/ament_index/resource_index/package_run_dependencies/realsense_examples
[0.627s] -- Installing: /home/wzf/main_folder/MyProject/Graduation_project/install/realsense_examples/share/ament_index/resource_index/parent_prefix_path/realsense_examples
[0.627s] -- Installing: /home/wzf/main_folder/MyProject/Graduation_project/install/realsense_examples/share/realsense_examples/environment/ament_prefix_path.sh
[0.627s] -- Installing: /home/wzf/main_folder/MyProject/Graduation_project/install/realsense_examples/share/realsense_examples/environment/ament_prefix_path.dsv
[0.627s] -- Installing: /home/wzf/main_folder/MyProject/Graduation_project/install/realsense_examples/share/realsense_examples/environment/path.sh
[0.628s] -- Installing: /home/wzf/main_folder/MyProject/Graduation_project/install/realsense_examples/share/realsense_examples/environment/path.dsv
[0.628s] -- Installing: /home/wzf/main_folder/MyProject/Graduation_project/install/realsense_examples/share/realsense_examples/local_setup.bash
[0.628s] -- Installing: /home/wzf/main_folder/MyProject/Graduation_project/install/realsense_examples/share/realsense_examples/local_setup.sh
[0.629s] -- Installing: /home/wzf/main_folder/MyProject/Graduation_project/install/realsense_examples/share/realsense_examples/local_setup.zsh
[0.629s] -- Installing: /home/wzf/main_folder/MyProject/Graduation_project/install/realsense_examples/share/realsense_examples/local_setup.dsv
[0.629s] -- Installing: /home/wzf/main_folder/MyProject/Graduation_project/install/realsense_examples/share/realsense_examples/package.dsv
[0.629s] -- Installing: /home/wzf/main_folder/MyProject/Graduation_project/install/realsense_examples/share/ament_index/resource_index/packages/realsense_examples
[0.630s] -- Installing: /home/wzf/main_folder/MyProject/Graduation_project/install/realsense_examples/share/realsense_examples/cmake/realsense_examplesConfig.cmake
[0.630s] -- Installing: /home/wzf/main_folder/MyProject/Graduation_project/install/realsense_examples/share/realsense_examples/cmake/realsense_examplesConfig-version.cmake
[0.631s] -- Installing: /home/wzf/main_folder/MyProject/Graduation_project/install/realsense_examples/share/realsense_examples/package.xml
[0.632s] Invoked command in '/home/wzf/main_folder/MyProject/Graduation_project/build/realsense_examples' returned '0': AMENT_PREFIX_PATH=/home/wzf/main_folder/MyProject/Graduation_project/install/realsense_node:/home/wzf/main_folder/MyProject/Graduation_project/install/realsense_ros:/home/wzf/main_folder/MyProject/Graduation_project/install/realsense_msgs:${AMENT_PREFIX_PATH} CMAKE_PREFIX_PATH=/home/wzf/main_folder/MyProject/Graduation_project/install/realsense_node:/home/wzf/main_folder/MyProject/Graduation_project/install/realsense_ros:/home/wzf/main_folder/MyProject/Graduation_project/install/realsense_msgs:/home/wzf/main_folder/MyProject/Graduation_project/install/cpp_pubsub:/opt/ros/foxy LD_LIBRARY_PATH=/home/wzf/main_folder/MyProject/Graduation_project/install/realsense_ros/lib:/home/wzf/main_folder/MyProject/Graduation_project/install/realsense_msgs/lib:/usr/local/cuda-11.4/lib64:/opt/ros/foxy/opt/yaml_cpp_vendor/lib:/opt/ros/foxy/opt/rviz_ogre_vendor/lib:/opt/ros/foxy/lib/x86_64-linux-gnu:/opt/ros/foxy/lib:/home/wzf/.linuxbrew/lib:/home/wzf/MyLibrary/QT_5_12_9/qt-5-12-9-run/5.12.9/gcc_64/lib PATH=/home/wzf/main_folder/MyProject/Graduation_project/install/realsense_node/bin:${PATH} PYTHONPATH=/home/wzf/main_folder/MyProject/Graduation_project/install/realsense_msgs/lib/python3.8/site-packages:${PYTHONPATH} /usr/bin/cmake --install /home/wzf/main_folder/MyProject/Graduation_project/build/realsense_examples
