-- The C compiler identification is GNU 9.4.0
-- The CXX compiler identification is GNU 9.4.0
-- Check for working C compiler: /usr/bin/cc
-- Check for working C compiler: /usr/bin/cc -- works
-- Detecting C compiler ABI info
-- Detecting C compiler ABI info - done
-- Detecting C compile features
-- Detecting C compile features - done
-- Check for working CXX compiler: /usr/bin/c++
-- Check for working CXX compiler: /usr/bin/c++ -- works
-- Detecting CXX compiler ABI info
-- Detecting CXX compiler ABI info - done
-- Detecting CXX compile features
-- Detecting CXX compile features - done
-- Create Debug Build.
-- Found ament_cmake: 0.9.9 (/opt/ros/foxy/share/ament_cmake/cmake)
-- Found PythonInterp: /usr/bin/python3 (found suitable version "3.8.10", minimum required is "3") 
-- Using PYTHON_EXECUTABLE: /usr/bin/python3
-- Found rclcpp: 2.4.1 (/opt/ros/foxy/share/rclcpp/cmake)
-- Using all available rosidl_typesupport_c: rosidl_typesupport_fastrtps_c;rosidl_typesupport_introspection_c
-- Found rosidl_adapter: 1.2.1 (/opt/ros/foxy/share/rosidl_adapter/cmake)
-- Found OpenSSL: /usr/lib/x86_64-linux-gnu/libcrypto.so (found version "1.1.1f")  
-- Found FastRTPS: /opt/ros/foxy/include  
-- Using all available rosidl_typesupport_cpp: rosidl_typesupport_fastrtps_cpp;rosidl_typesupport_introspection_cpp
-- Found rmw_implementation_cmake: 1.0.3 (/opt/ros/foxy/share/rmw_implementation_cmake/cmake)
-- Using RMW implementation 'rmw_fastrtps_cpp' as default
-- Looking for pthread.h
-- Looking for pthread.h - found
-- Performing Test CMAKE_HAVE_LIBC_PTHREAD
-- Performing Test CMAKE_HAVE_LIBC_PTHREAD - Failed
-- Looking for pthread_create in pthreads
-- Looking for pthread_create in pthreads - not found
-- Looking for pthread_create in pthread
-- Looking for pthread_create in pthread - found
-- Found Threads: TRUE  
-- Found rclcpp_components: 2.4.1 (/opt/ros/foxy/share/rclcpp_components/cmake)
-- Found nav_msgs: 2.0.5 (/opt/ros/foxy/share/nav_msgs/cmake)
-- Found sensor_msgs: 2.0.5 (/opt/ros/foxy/share/sensor_msgs/cmake)
-- Found OpenCV: /usr/local (found version "4.5.5") 
-- Found tf2: 0.13.13 (/opt/ros/foxy/share/tf2/cmake)
-- Found tf2_ros: 0.13.13 (/opt/ros/foxy/share/tf2_ros/cmake)
-- Found realsense_msgs: 2.0.8 (/home/wzf/main_folder/MyProject/Graduation_project/install/realsense_msgs/share/realsense_msgs/cmake)
-- Found ament_lint_auto: 0.9.6 (/opt/ros/foxy/share/ament_lint_auto/cmake)
-- Found gtest sources under '/opt/ros/foxy/src/gtest_vendor': C++ tests using 'Google Test' will be built
-- Check if compiler accepts -pthread
-- Check if compiler accepts -pthread - yes
-- Added test 'copyright' to check source files copyright and LICENSE
-- Added test 'cppcheck' to perform static code analysis on C / C++ code
-- Configured cppcheck include dirs: /home/wzf/main_folder/MyProject/Graduation_project/src/ros2_intel_realsense/realsense_ros/include
-- Configured cppcheck exclude dirs and/or files: 
-- Added test 'cpplint' to check C / C++ code against the Google style
-- Configured cpplint exclude dirs and/or files: 
-- Added test 'lint_cmake' to check CMake code style
-- Added test 'uncrustify' to check C / C++ code style
-- Configured uncrustify additional arguments: 
-- Added test 'xmllint' to check XML markup files
-- Configuring done
-- Generating done
-- Build files have been written to: /home/wzf/main_folder/MyProject/Graduation_project/build/realsense_ros
[35m[1mScanning dependencies of target gtest[0m
[35m[1mScanning dependencies of target gtest_main[0m
[35m[1mScanning dependencies of target realsense_ros[0m
[  8%] [32mBuilding CXX object gtest/CMakeFiles/gtest_main.dir/src/gtest_main.cc.o[0m
[ 16%] [32mBuilding CXX object gtest/CMakeFiles/gtest.dir/src/gtest-all.cc.o[0m
[ 33%] [32mBuilding CXX object CMakeFiles/realsense_ros.dir/src/rs_base.cpp.o[0m
[ 33%] [32mBuilding CXX object CMakeFiles/realsense_ros.dir/src/rs_factory.cpp.o[0m
[ 41%] [32mBuilding CXX object CMakeFiles/realsense_ros.dir/src/rs_d435.cpp.o[0m
[ 50%] [32mBuilding CXX object CMakeFiles/realsense_ros.dir/src/rs_t265.cpp.o[0m
[ 58%] [32mBuilding CXX object CMakeFiles/realsense_ros.dir/src/rs_d435i.cpp.o[0m
[ 66%] [32m[1mLinking CXX static library libgtest_main.a[0m
[ 66%] Built target gtest_main
[ 75%] [32m[1mLinking CXX static library libgtest.a[0m
[ 75%] Built target gtest
[ 83%] [32m[1mLinking CXX shared library librealsense_ros.so[0m
[ 83%] Built target realsense_ros
[35m[1mScanning dependencies of target camera_core[0m
[ 91%] [32mBuilding CXX object CMakeFiles/camera_core.dir/tests/camera_core.cpp.o[0m
[100%] [32m[1mLinking CXX executable camera_core[0m
[100%] Built target camera_core
-- Install configuration: ""
-- Installing: /home/wzf/main_folder/MyProject/Graduation_project/install/realsense_ros/lib/librealsense_ros.so
-- Set runtime path of "/home/wzf/main_folder/MyProject/Graduation_project/install/realsense_ros/lib/librealsense_ros.so" to ""
-- Installing: /home/wzf/main_folder/MyProject/Graduation_project/install/realsense_ros/include
-- Installing: /home/wzf/main_folder/MyProject/Graduation_project/install/realsense_ros/include/realsense
-- Installing: /home/wzf/main_folder/MyProject/Graduation_project/install/realsense_ros/include/realsense/rs_base.hpp
-- Installing: /home/wzf/main_folder/MyProject/Graduation_project/install/realsense_ros/include/realsense/rs_d435.hpp
-- Installing: /home/wzf/main_folder/MyProject/Graduation_project/install/realsense_ros/include/realsense/rs_factory.hpp
-- Installing: /home/wzf/main_folder/MyProject/Graduation_project/install/realsense_ros/include/realsense/rs_t265.hpp
-- Installing: /home/wzf/main_folder/MyProject/Graduation_project/install/realsense_ros/include/realsense/rs_d435i.hpp
-- Installing: /home/wzf/main_folder/MyProject/Graduation_project/install/realsense_ros/include/realsense/rs_constants.hpp
-- Installing: /home/wzf/main_folder/MyProject/Graduation_project/install/realsense_ros/share/realsense_ros/environment/library_path.sh
-- Installing: /home/wzf/main_folder/MyProject/Graduation_project/install/realsense_ros/share/realsense_ros/environment/library_path.dsv
-- Installing: /home/wzf/main_folder/MyProject/Graduation_project/install/realsense_ros/share/ament_index/resource_index/package_run_dependencies/realsense_ros
-- Installing: /home/wzf/main_folder/MyProject/Graduation_project/install/realsense_ros/share/ament_index/resource_index/parent_prefix_path/realsense_ros
-- Installing: /home/wzf/main_folder/MyProject/Graduation_project/install/realsense_ros/share/realsense_ros/environment/ament_prefix_path.sh
-- Installing: /home/wzf/main_folder/MyProject/Graduation_project/install/realsense_ros/share/realsense_ros/environment/ament_prefix_path.dsv
-- Installing: /home/wzf/main_folder/MyProject/Graduation_project/install/realsense_ros/share/realsense_ros/environment/path.sh
-- Installing: /home/wzf/main_folder/MyProject/Graduation_project/install/realsense_ros/share/realsense_ros/environment/path.dsv
-- Installing: /home/wzf/main_folder/MyProject/Graduation_project/install/realsense_ros/share/realsense_ros/local_setup.bash
-- Installing: /home/wzf/main_folder/MyProject/Graduation_project/install/realsense_ros/share/realsense_ros/local_setup.sh
-- Installing: /home/wzf/main_folder/MyProject/Graduation_project/install/realsense_ros/share/realsense_ros/local_setup.zsh
-- Installing: /home/wzf/main_folder/MyProject/Graduation_project/install/realsense_ros/share/realsense_ros/local_setup.dsv
-- Installing: /home/wzf/main_folder/MyProject/Graduation_project/install/realsense_ros/share/realsense_ros/package.dsv
-- Installing: /home/wzf/main_folder/MyProject/Graduation_project/install/realsense_ros/share/ament_index/resource_index/packages/realsense_ros
-- Installing: /home/wzf/main_folder/MyProject/Graduation_project/install/realsense_ros/share/ament_index/resource_index/rclcpp_components/realsense_ros
-- Installing: /home/wzf/main_folder/MyProject/Graduation_project/install/realsense_ros/share/realsense_ros/cmake/ament_cmake_export_include_directories-extras.cmake
-- Installing: /home/wzf/main_folder/MyProject/Graduation_project/install/realsense_ros/share/realsense_ros/cmake/ament_cmake_export_libraries-extras.cmake
-- Installing: /home/wzf/main_folder/MyProject/Graduation_project/install/realsense_ros/share/realsense_ros/cmake/realsense_rosConfig.cmake
-- Installing: /home/wzf/main_folder/MyProject/Graduation_project/install/realsense_ros/share/realsense_ros/cmake/realsense_rosConfig-version.cmake
-- Installing: /home/wzf/main_folder/MyProject/Graduation_project/install/realsense_ros/share/realsense_ros/package.xml
