[0.007s] Invoking command in '/home/wzf/main_folder/MyProject/Graduation_project/build/realsense_ros': AMENT_PREFIX_PATH=/home/wzf/main_folder/MyProject/Graduation_project/install/realsense_msgs:${AMENT_PREFIX_PATH} CMAKE_PREFIX_PATH=/home/wzf/main_folder/MyProject/Graduation_project/install/realsense_msgs:/home/wzf/main_folder/MyProject/Graduation_project/install/cpp_pubsub:/opt/ros/foxy LD_LIBRARY_PATH=/home/wzf/main_folder/MyProject/Graduation_project/install/realsense_msgs/lib:/usr/local/cuda-11.4/lib64:/opt/ros/foxy/opt/yaml_cpp_vendor/lib:/opt/ros/foxy/opt/rviz_ogre_vendor/lib:/opt/ros/foxy/lib/x86_64-linux-gnu:/opt/ros/foxy/lib:/home/wzf/.linuxbrew/lib:/home/wzf/MyLibrary/QT_5_12_9/qt-5-12-9-run/5.12.9/gcc_64/lib PYTHONPATH=/home/wzf/main_folder/MyProject/Graduation_project/install/realsense_msgs/lib/python3.8/site-packages:${PYTHONPATH} /usr/bin/cmake /home/wzf/main_folder/MyProject/Graduation_project/src/ros2_intel_realsense/realsense_ros -DCMAKE_INSTALL_PREFIX=/home/wzf/main_folder/MyProject/Graduation_project/install/realsense_ros
[0.050s] -- The C compiler identification is GNU 9.4.0
[0.097s] -- The CXX compiler identification is GNU 9.4.0
[0.100s] -- Check for working C compiler: /usr/bin/cc
[0.156s] -- Check for working C compiler: /usr/bin/cc -- works
[0.156s] -- Detecting C compiler ABI info
[0.218s] -- Detecting C compiler ABI info - done
[0.226s] -- Detecting C compile features
[0.226s] -- Detecting C compile features - done
[0.228s] -- Check for working CXX compiler: /usr/bin/c++
[0.288s] -- Check for working CXX compiler: /usr/bin/c++ -- works
[0.289s] -- Detecting CXX compiler ABI info
[0.354s] -- Detecting CXX compiler ABI info - done
[0.364s] -- Detecting CXX compile features
[0.365s] -- Detecting CXX compile features - done
[0.365s] -- Create Debug Build.
[0.367s] -- Found ament_cmake: 0.9.9 (/opt/ros/foxy/share/ament_cmake/cmake)
[0.383s] -- Found PythonInterp: /usr/bin/python3 (found suitable version "3.8.10", minimum required is "3") 
[0.383s] -- Using PYTHON_EXECUTABLE: /usr/bin/python3
[0.495s] -- Found rclcpp: 2.4.1 (/opt/ros/foxy/share/rclcpp/cmake)
[0.522s] -- Using all available rosidl_typesupport_c: rosidl_typesupport_fastrtps_c;rosidl_typesupport_introspection_c
[0.526s] -- Found rosidl_adapter: 1.2.1 (/opt/ros/foxy/share/rosidl_adapter/cmake)
[0.580s] -- Found OpenSSL: /usr/lib/x86_64-linux-gnu/libcrypto.so (found version "1.1.1f")  
[0.599s] -- Found FastRTPS: /opt/ros/foxy/include  
[0.649s] -- Using all available rosidl_typesupport_cpp: rosidl_typesupport_fastrtps_cpp;rosidl_typesupport_introspection_cpp
[0.684s] -- Found rmw_implementation_cmake: 1.0.3 (/opt/ros/foxy/share/rmw_implementation_cmake/cmake)
[0.685s] -- Using RMW implementation 'rmw_fastrtps_cpp' as default
[0.685s] -- Looking for pthread.h
[0.737s] -- Looking for pthread.h - found
[0.737s] -- Performing Test CMAKE_HAVE_LIBC_PTHREAD
[0.804s] -- Performing Test CMAKE_HAVE_LIBC_PTHREAD - Failed
[0.804s] -- Looking for pthread_create in pthreads
[0.847s] -- Looking for pthread_create in pthreads - not found
[0.848s] -- Looking for pthread_create in pthread
[0.910s] -- Looking for pthread_create in pthread - found
[0.911s] -- Found Threads: TRUE  
[1.007s] -- Found rclcpp_components: 2.4.1 (/opt/ros/foxy/share/rclcpp_components/cmake)
[1.045s] -- Found nav_msgs: 2.0.5 (/opt/ros/foxy/share/nav_msgs/cmake)
[1.120s] -- Found sensor_msgs: 2.0.5 (/opt/ros/foxy/share/sensor_msgs/cmake)
[1.175s] -- Found OpenCV: /usr/local (found version "4.5.5") 
[1.175s] -- Found tf2: 0.13.13 (/opt/ros/foxy/share/tf2/cmake)
[1.182s] -- Found tf2_ros: 0.13.13 (/opt/ros/foxy/share/tf2_ros/cmake)
[1.357s] -- Found realsense_msgs: 2.0.8 (/home/wzf/main_folder/MyProject/Graduation_project/install/realsense_msgs/share/realsense_msgs/cmake)
[1.384s] -- Found ament_lint_auto: 0.9.6 (/opt/ros/foxy/share/ament_lint_auto/cmake)
[1.432s] -- Found gtest sources under '/opt/ros/foxy/src/gtest_vendor': C++ tests using 'Google Test' will be built
[1.435s] -- Check if compiler accepts -pthread
[1.500s] -- Check if compiler accepts -pthread - yes
[1.505s] -- Added test 'copyright' to check source files copyright and LICENSE
[1.506s] -- Added test 'cppcheck' to perform static code analysis on C / C++ code
[1.506s] -- Configured cppcheck include dirs: /home/wzf/main_folder/MyProject/Graduation_project/src/ros2_intel_realsense/realsense_ros/include
[1.506s] -- Configured cppcheck exclude dirs and/or files: 
[1.507s] -- Added test 'cpplint' to check C / C++ code against the Google style
[1.507s] -- Configured cpplint exclude dirs and/or files: 
[1.507s] -- Added test 'lint_cmake' to check CMake code style
[1.508s] -- Added test 'uncrustify' to check C / C++ code style
[1.508s] -- Configured uncrustify additional arguments: 
[1.508s] -- Added test 'xmllint' to check XML markup files
[1.511s] -- Configuring done
[1.534s] -- Generating done
[1.535s] -- Build files have been written to: /home/wzf/main_folder/MyProject/Graduation_project/build/realsense_ros
[1.543s] Invoked command in '/home/wzf/main_folder/MyProject/Graduation_project/build/realsense_ros' returned '0': AMENT_PREFIX_PATH=/home/wzf/main_folder/MyProject/Graduation_project/install/realsense_msgs:${AMENT_PREFIX_PATH} CMAKE_PREFIX_PATH=/home/wzf/main_folder/MyProject/Graduation_project/install/realsense_msgs:/home/wzf/main_folder/MyProject/Graduation_project/install/cpp_pubsub:/opt/ros/foxy LD_LIBRARY_PATH=/home/wzf/main_folder/MyProject/Graduation_project/install/realsense_msgs/lib:/usr/local/cuda-11.4/lib64:/opt/ros/foxy/opt/yaml_cpp_vendor/lib:/opt/ros/foxy/opt/rviz_ogre_vendor/lib:/opt/ros/foxy/lib/x86_64-linux-gnu:/opt/ros/foxy/lib:/home/wzf/.linuxbrew/lib:/home/wzf/MyLibrary/QT_5_12_9/qt-5-12-9-run/5.12.9/gcc_64/lib PYTHONPATH=/home/wzf/main_folder/MyProject/Graduation_project/install/realsense_msgs/lib/python3.8/site-packages:${PYTHONPATH} /usr/bin/cmake /home/wzf/main_folder/MyProject/Graduation_project/src/ros2_intel_realsense/realsense_ros -DCMAKE_INSTALL_PREFIX=/home/wzf/main_folder/MyProject/Graduation_project/install/realsense_ros
[1.543s] Invoking command in '/home/wzf/main_folder/MyProject/Graduation_project/build/realsense_ros': AMENT_PREFIX_PATH=/home/wzf/main_folder/MyProject/Graduation_project/install/realsense_msgs:${AMENT_PREFIX_PATH} CMAKE_PREFIX_PATH=/home/wzf/main_folder/MyProject/Graduation_project/install/realsense_msgs:/home/wzf/main_folder/MyProject/Graduation_project/install/cpp_pubsub:/opt/ros/foxy LD_LIBRARY_PATH=/home/wzf/main_folder/MyProject/Graduation_project/install/realsense_msgs/lib:/usr/local/cuda-11.4/lib64:/opt/ros/foxy/opt/yaml_cpp_vendor/lib:/opt/ros/foxy/opt/rviz_ogre_vendor/lib:/opt/ros/foxy/lib/x86_64-linux-gnu:/opt/ros/foxy/lib:/home/wzf/.linuxbrew/lib:/home/wzf/MyLibrary/QT_5_12_9/qt-5-12-9-run/5.12.9/gcc_64/lib PYTHONPATH=/home/wzf/main_folder/MyProject/Graduation_project/install/realsense_msgs/lib/python3.8/site-packages:${PYTHONPATH} /usr/bin/cmake --build /home/wzf/main_folder/MyProject/Graduation_project/build/realsense_ros -- -j20 -l20
[1.575s] [35m[1mScanning dependencies of target gtest[0m
[1.575s] [35m[1mScanning dependencies of target gtest_main[0m
[1.575s] [35m[1mScanning dependencies of target realsense_ros[0m
[1.587s] [  8%] [32mBuilding CXX object gtest/CMakeFiles/gtest_main.dir/src/gtest_main.cc.o[0m
[1.588s] [ 16%] [32mBuilding CXX object gtest/CMakeFiles/gtest.dir/src/gtest-all.cc.o[0m
[1.639s] [ 33%] [32mBuilding CXX object CMakeFiles/realsense_ros.dir/src/rs_base.cpp.o[0m
[1.640s] [ 33%] [32mBuilding CXX object CMakeFiles/realsense_ros.dir/src/rs_factory.cpp.o[0m
[1.641s] [ 41%] [32mBuilding CXX object CMakeFiles/realsense_ros.dir/src/rs_d435.cpp.o[0m
[1.641s] [ 50%] [32mBuilding CXX object CMakeFiles/realsense_ros.dir/src/rs_t265.cpp.o[0m
[1.641s] [ 58%] [32mBuilding CXX object CMakeFiles/realsense_ros.dir/src/rs_d435i.cpp.o[0m
[1.972s] [ 66%] [32m[1mLinking CXX static library libgtest_main.a[0m
[1.994s] [ 66%] Built target gtest_main
[3.319s] [01m[K/home/wzf/main_folder/MyProject/Graduation_project/src/ros2_intel_realsense/realsense_ros/src/rs_base.cpp:[m[K In constructor ‘[01m[Krealsense::RealSenseBase::RealSenseBase(rs2::context, rs2::device, rclcpp::Node&)[m[K’:
[3.319s] [01m[K/home/wzf/main_folder/MyProject/Graduation_project/src/ros2_intel_realsense/realsense_ros/src/rs_base.cpp:45:29:[m[K [01;35m[Kwarning: [m[K‘[01m[Krclcpp::Node::OnParametersSetCallbackType rclcpp::Node::set_on_parameters_set_callback(rclcpp::Node::OnParametersSetCallbackType)[m[K’ is deprecated: use add_on_set_parameters_callback(OnParametersSetCallbackType callback) instead [[01;35m[K-Wdeprecated-declarations[m[K]
[3.319s]    45 |       std::placeholders::_1)[01;35m[K)[m[K;
[3.319s]       |                             [01;35m[K^[m[K
[3.319s] In file included from [01m[K/opt/ros/foxy/include/rclcpp/executors/single_threaded_executor.hpp:28[m[K,
[3.319s]                  from [01m[K/opt/ros/foxy/include/rclcpp/executors.hpp:22[m[K,
[3.319s]                  from [01m[K/opt/ros/foxy/include/rclcpp/rclcpp.hpp:146[m[K,
[3.319s]                  from [01m[K/home/wzf/main_folder/MyProject/Graduation_project/src/ros2_intel_realsense/realsense_ros/include/realsense/rs_base.hpp:22[m[K,
[3.320s]                  from [01m[K/home/wzf/main_folder/MyProject/Graduation_project/src/ros2_intel_realsense/realsense_ros/src/rs_base.cpp:21[m[K:
[3.320s] [01m[K/opt/ros/foxy/include/rclcpp/node.hpp:866:3:[m[K [01;36m[Knote: [m[Kdeclared here
[3.320s]   866 |   [01;36m[Kset_on_parameters_set_callback[m[K(rclcpp::Node::OnParametersSetCallbackType callback);
[3.320s]       |   [01;36m[K^~~~~~~~~~~~~~~~~~~~~~~~~~~~~~[m[K
[3.554s] [ 75%] [32m[1mLinking CXX static library libgtest.a[0m
[3.588s] [ 75%] Built target gtest
[6.931s] [ 83%] [32m[1mLinking CXX shared library librealsense_ros.so[0m
[7.475s] [ 83%] Built target realsense_ros
[7.481s] [35m[1mScanning dependencies of target camera_core[0m
[7.520s] [ 91%] [32mBuilding CXX object CMakeFiles/camera_core.dir/tests/camera_core.cpp.o[0m
[9.319s] [01m[K/home/wzf/main_folder/MyProject/Graduation_project/src/ros2_intel_realsense/realsense_ros/tests/camera_core.cpp:[m[K In function ‘[01m[Kvoid getMsgInfo(rs2_stream, const ConstSharedPtr&)[m[K’:
[9.319s] [01m[K/home/wzf/main_folder/MyProject/Graduation_project/src/ros2_intel_realsense/realsense_ros/tests/camera_core.cpp:88:86:[m[K [01;35m[Kwarning: [m[Kformat not a string literal and no format arguments [[01;35m[K-Wformat-security[m[K]
[9.319s]    88 | cv[stream], msg->encoding.length() + 1, msg->encoding.c_str()[01;35m[K)[m[K;
[9.319s]       |                                                              [01;35m[K^[m[K
[9.319s] 
[9.320s] [01m[K/home/wzf/main_folder/MyProject/Graduation_project/src/ros2_intel_realsense/realsense_ros/tests/camera_core.cpp:[m[K In function ‘[01m[Kvoid getCameraInfo(rs2_stream, sensor_msgs::msg::CameraInfo_<std::allocator<void> >::SharedPtr)[m[K’:
[9.320s] [01m[K/home/wzf/main_folder/MyProject/Graduation_project/src/ros2_intel_realsense/realsense_ros/tests/camera_core.cpp:101:39:[m[K [01;35m[Kwarning: [m[Kformat not a string literal and no format arguments [[01;35m[K-Wformat-security[m[K]
[9.320s]   101 |     info_msg->distortion_model.c_str()[01;35m[K)[m[K;
[9.320s]       |                                       [01;35m[K^[m[K
[15.006s] [100%] [32m[1mLinking CXX executable camera_core[0m
[15.564s] [100%] Built target camera_core
[15.573s] Invoked command in '/home/wzf/main_folder/MyProject/Graduation_project/build/realsense_ros' returned '0': AMENT_PREFIX_PATH=/home/wzf/main_folder/MyProject/Graduation_project/install/realsense_msgs:${AMENT_PREFIX_PATH} CMAKE_PREFIX_PATH=/home/wzf/main_folder/MyProject/Graduation_project/install/realsense_msgs:/home/wzf/main_folder/MyProject/Graduation_project/install/cpp_pubsub:/opt/ros/foxy LD_LIBRARY_PATH=/home/wzf/main_folder/MyProject/Graduation_project/install/realsense_msgs/lib:/usr/local/cuda-11.4/lib64:/opt/ros/foxy/opt/yaml_cpp_vendor/lib:/opt/ros/foxy/opt/rviz_ogre_vendor/lib:/opt/ros/foxy/lib/x86_64-linux-gnu:/opt/ros/foxy/lib:/home/wzf/.linuxbrew/lib:/home/wzf/MyLibrary/QT_5_12_9/qt-5-12-9-run/5.12.9/gcc_64/lib PYTHONPATH=/home/wzf/main_folder/MyProject/Graduation_project/install/realsense_msgs/lib/python3.8/site-packages:${PYTHONPATH} /usr/bin/cmake --build /home/wzf/main_folder/MyProject/Graduation_project/build/realsense_ros -- -j20 -l20
[15.605s] Invoking command in '/home/wzf/main_folder/MyProject/Graduation_project/build/realsense_ros': AMENT_PREFIX_PATH=/home/wzf/main_folder/MyProject/Graduation_project/install/realsense_msgs:${AMENT_PREFIX_PATH} CMAKE_PREFIX_PATH=/home/wzf/main_folder/MyProject/Graduation_project/install/realsense_msgs:/home/wzf/main_folder/MyProject/Graduation_project/install/cpp_pubsub:/opt/ros/foxy LD_LIBRARY_PATH=/home/wzf/main_folder/MyProject/Graduation_project/install/realsense_msgs/lib:/usr/local/cuda-11.4/lib64:/opt/ros/foxy/opt/yaml_cpp_vendor/lib:/opt/ros/foxy/opt/rviz_ogre_vendor/lib:/opt/ros/foxy/lib/x86_64-linux-gnu:/opt/ros/foxy/lib:/home/wzf/.linuxbrew/lib:/home/wzf/MyLibrary/QT_5_12_9/qt-5-12-9-run/5.12.9/gcc_64/lib PYTHONPATH=/home/wzf/main_folder/MyProject/Graduation_project/install/realsense_msgs/lib/python3.8/site-packages:${PYTHONPATH} /usr/bin/cmake --install /home/wzf/main_folder/MyProject/Graduation_project/build/realsense_ros
[15.613s] -- Install configuration: ""
[15.614s] -- Installing: /home/wzf/main_folder/MyProject/Graduation_project/install/realsense_ros/lib/librealsense_ros.so
[15.616s] -- Set runtime path of "/home/wzf/main_folder/MyProject/Graduation_project/install/realsense_ros/lib/librealsense_ros.so" to ""
[15.616s] -- Installing: /home/wzf/main_folder/MyProject/Graduation_project/install/realsense_ros/include
[15.616s] -- Installing: /home/wzf/main_folder/MyProject/Graduation_project/install/realsense_ros/include/realsense
[15.616s] -- Installing: /home/wzf/main_folder/MyProject/Graduation_project/install/realsense_ros/include/realsense/rs_base.hpp
[15.616s] -- Installing: /home/wzf/main_folder/MyProject/Graduation_project/install/realsense_ros/include/realsense/rs_d435.hpp
[15.616s] -- Installing: /home/wzf/main_folder/MyProject/Graduation_project/install/realsense_ros/include/realsense/rs_factory.hpp
[15.616s] -- Installing: /home/wzf/main_folder/MyProject/Graduation_project/install/realsense_ros/include/realsense/rs_t265.hpp
[15.616s] -- Installing: /home/wzf/main_folder/MyProject/Graduation_project/install/realsense_ros/include/realsense/rs_d435i.hpp
[15.616s] -- Installing: /home/wzf/main_folder/MyProject/Graduation_project/install/realsense_ros/include/realsense/rs_constants.hpp
[15.616s] -- Installing: /home/wzf/main_folder/MyProject/Graduation_project/install/realsense_ros/share/realsense_ros/environment/library_path.sh
[15.617s] -- Installing: /home/wzf/main_folder/MyProject/Graduation_project/install/realsense_ros/share/realsense_ros/environment/library_path.dsv
[15.617s] -- Installing: /home/wzf/main_folder/MyProject/Graduation_project/install/realsense_ros/share/ament_index/resource_index/package_run_dependencies/realsense_ros
[15.617s] -- Installing: /home/wzf/main_folder/MyProject/Graduation_project/install/realsense_ros/share/ament_index/resource_index/parent_prefix_path/realsense_ros
[15.617s] -- Installing: /home/wzf/main_folder/MyProject/Graduation_project/install/realsense_ros/share/realsense_ros/environment/ament_prefix_path.sh
[15.617s] -- Installing: /home/wzf/main_folder/MyProject/Graduation_project/install/realsense_ros/share/realsense_ros/environment/ament_prefix_path.dsv
[15.617s] -- Installing: /home/wzf/main_folder/MyProject/Graduation_project/install/realsense_ros/share/realsense_ros/environment/path.sh
[15.617s] -- Installing: /home/wzf/main_folder/MyProject/Graduation_project/install/realsense_ros/share/realsense_ros/environment/path.dsv
[15.617s] -- Installing: /home/wzf/main_folder/MyProject/Graduation_project/install/realsense_ros/share/realsense_ros/local_setup.bash
[15.617s] -- Installing: /home/wzf/main_folder/MyProject/Graduation_project/install/realsense_ros/share/realsense_ros/local_setup.sh
[15.617s] -- Installing: /home/wzf/main_folder/MyProject/Graduation_project/install/realsense_ros/share/realsense_ros/local_setup.zsh
[15.617s] -- Installing: /home/wzf/main_folder/MyProject/Graduation_project/install/realsense_ros/share/realsense_ros/local_setup.dsv
[15.617s] -- Installing: /home/wzf/main_folder/MyProject/Graduation_project/install/realsense_ros/share/realsense_ros/package.dsv
[15.617s] -- Installing: /home/wzf/main_folder/MyProject/Graduation_project/install/realsense_ros/share/ament_index/resource_index/packages/realsense_ros
[15.617s] -- Installing: /home/wzf/main_folder/MyProject/Graduation_project/install/realsense_ros/share/ament_index/resource_index/rclcpp_components/realsense_ros
[15.617s] -- Installing: /home/wzf/main_folder/MyProject/Graduation_project/install/realsense_ros/share/realsense_ros/cmake/ament_cmake_export_include_directories-extras.cmake
[15.617s] -- Installing: /home/wzf/main_folder/MyProject/Graduation_project/install/realsense_ros/share/realsense_ros/cmake/ament_cmake_export_libraries-extras.cmake
[15.617s] -- Installing: /home/wzf/main_folder/MyProject/Graduation_project/install/realsense_ros/share/realsense_ros/cmake/realsense_rosConfig.cmake
[15.617s] -- Installing: /home/wzf/main_folder/MyProject/Graduation_project/install/realsense_ros/share/realsense_ros/cmake/realsense_rosConfig-version.cmake
[15.617s] -- Installing: /home/wzf/main_folder/MyProject/Graduation_project/install/realsense_ros/share/realsense_ros/package.xml
[15.619s] Invoked command in '/home/wzf/main_folder/MyProject/Graduation_project/build/realsense_ros' returned '0': AMENT_PREFIX_PATH=/home/wzf/main_folder/MyProject/Graduation_project/install/realsense_msgs:${AMENT_PREFIX_PATH} CMAKE_PREFIX_PATH=/home/wzf/main_folder/MyProject/Graduation_project/install/realsense_msgs:/home/wzf/main_folder/MyProject/Graduation_project/install/cpp_pubsub:/opt/ros/foxy LD_LIBRARY_PATH=/home/wzf/main_folder/MyProject/Graduation_project/install/realsense_msgs/lib:/usr/local/cuda-11.4/lib64:/opt/ros/foxy/opt/yaml_cpp_vendor/lib:/opt/ros/foxy/opt/rviz_ogre_vendor/lib:/opt/ros/foxy/lib/x86_64-linux-gnu:/opt/ros/foxy/lib:/home/wzf/.linuxbrew/lib:/home/wzf/MyLibrary/QT_5_12_9/qt-5-12-9-run/5.12.9/gcc_64/lib PYTHONPATH=/home/wzf/main_folder/MyProject/Graduation_project/install/realsense_msgs/lib/python3.8/site-packages:${PYTHONPATH} /usr/bin/cmake --install /home/wzf/main_folder/MyProject/Graduation_project/build/realsense_ros
