[0.011s] Invoking command in '/home/wzf/main_folder/MyProject/Graduation_project/build/realsense_msgs': CMAKE_PREFIX_PATH=${CMAKE_PREFIX_PATH}:/opt/ros/foxy /usr/bin/cmake /home/wzf/main_folder/MyProject/Graduation_project/src/ros2_intel_realsense/realsense_msgs -DCMAKE_INSTALL_PREFIX=/home/wzf/main_folder/MyProject/Graduation_project/install/realsense_msgs
[0.049s] -- The C compiler identification is GNU 9.4.0
[0.083s] -- The CXX compiler identification is GNU 9.4.0
[0.086s] -- Check for working C compiler: /usr/bin/cc
[0.128s] -- Check for working C compiler: /usr/bin/cc -- works
[0.129s] -- Detecting C compiler ABI info
[0.184s] -- Detecting C compiler ABI info - done
[0.194s] -- Detecting C compile features
[0.195s] -- Detecting C compile features - done
[0.197s] -- Check for working CXX compiler: /usr/bin/c++
[0.249s] -- Check for working CXX compiler: /usr/bin/c++ -- works
[0.250s] -- Detecting CXX compiler ABI info
[0.300s] -- Detecting CXX compiler ABI info - done
[0.308s] -- Detecting CXX compile features
[0.309s] -- Detecting CXX compile features - done
[0.310s] -- Found ament_cmake: 0.9.9 (/opt/ros/foxy/share/ament_cmake/cmake)
[0.327s] -- Found PythonInterp: /usr/bin/python3 (found suitable version "3.8.10", minimum required is "3") 
[0.327s] -- Using PYTHON_EXECUTABLE: /usr/bin/python3
[0.444s] -- Found rosidl_default_generators: 1.0.1 (/opt/ros/foxy/share/rosidl_default_generators/cmake)
[0.446s] -- Using all available rosidl_typesupport_c: rosidl_typesupport_fastrtps_c;rosidl_typesupport_introspection_c
[0.451s] -- Found rosidl_adapter: 1.2.1 (/opt/ros/foxy/share/rosidl_adapter/cmake)
[0.517s] -- Found OpenSSL: /usr/lib/x86_64-linux-gnu/libcrypto.so (found version "1.1.1f")  
[0.536s] -- Found FastRTPS: /opt/ros/foxy/include  
[0.586s] -- Using all available rosidl_typesupport_cpp: rosidl_typesupport_fastrtps_cpp;rosidl_typesupport_introspection_cpp
[0.604s] -- Found std_msgs: 2.0.5 (/opt/ros/foxy/share/std_msgs/cmake)
[0.638s] -- Found PythonInterp: /usr/bin/python3 (found version "3.8.10") 
[0.734s] -- Found ament_cmake_cppcheck: 0.9.6 (/opt/ros/foxy/share/ament_cmake_cppcheck/cmake)
[0.735s] -- Found ament_cmake_cpplint: 0.9.6 (/opt/ros/foxy/share/ament_cmake_cpplint/cmake)
[0.737s] -- Found ament_cmake_uncrustify: 0.9.6 (/opt/ros/foxy/share/ament_cmake_uncrustify/cmake)
[0.739s] -- Found ament_cmake_ros: 0.9.2 (/opt/ros/foxy/share/ament_cmake_ros/cmake)
[0.852s] -- Using all available rosidl_typesupport_c: rosidl_typesupport_fastrtps_c;rosidl_typesupport_introspection_c
[0.891s] -- Using all available rosidl_typesupport_cpp: rosidl_typesupport_fastrtps_cpp;rosidl_typesupport_introspection_cpp
[0.908s] -- Found PythonInterp: /usr/bin/python3 (found suitable version "3.8.10", minimum required is "3.5") 
[0.909s] -- Found python_cmake_module: 0.8.1 (/opt/ros/foxy/share/python_cmake_module/cmake)
[0.929s] -- Found PythonLibs: /usr/lib/x86_64-linux-gnu/libpython3.8.so (found suitable version "3.8.10", minimum required is "3.5") 
[0.929s] -- Using PYTHON_EXECUTABLE: /usr/bin/python3
[0.930s] -- Using PYTHON_INCLUDE_DIRS: /usr/include/python3.8
[0.930s] -- Using PYTHON_LIBRARIES: /usr/lib/x86_64-linux-gnu/libpython3.8.so
[0.946s] -- Found PythonExtra: .so  
[0.984s] -- Found ament_cmake_flake8: 0.9.6 (/opt/ros/foxy/share/ament_cmake_flake8/cmake)
[0.985s] -- Found ament_cmake_pep257: 0.9.6 (/opt/ros/foxy/share/ament_cmake_pep257/cmake)
[0.992s] -- Configuring done
[1.017s] -- Generating done
[1.019s] -- Build files have been written to: /home/wzf/main_folder/MyProject/Graduation_project/build/realsense_msgs
[1.026s] Invoked command in '/home/wzf/main_folder/MyProject/Graduation_project/build/realsense_msgs' returned '0': CMAKE_PREFIX_PATH=${CMAKE_PREFIX_PATH}:/opt/ros/foxy /usr/bin/cmake /home/wzf/main_folder/MyProject/Graduation_project/src/ros2_intel_realsense/realsense_msgs -DCMAKE_INSTALL_PREFIX=/home/wzf/main_folder/MyProject/Graduation_project/install/realsense_msgs
[1.027s] Invoking command in '/home/wzf/main_folder/MyProject/Graduation_project/build/realsense_msgs': CMAKE_PREFIX_PATH=${CMAKE_PREFIX_PATH}:/opt/ros/foxy /usr/bin/cmake --build /home/wzf/main_folder/MyProject/Graduation_project/build/realsense_msgs -- -j20 -l20
[1.062s] [35m[1mScanning dependencies of target realsense_msgs__cpp[0m
[1.062s] [  3%] [34m[1mGenerating C code for ROS interfaces[0m
[1.068s] [  6%] [34m[1mGenerating C++ code for ROS interfaces[0m
[1.222s] [  6%] Built target realsense_msgs__cpp
[1.224s] [35m[1mScanning dependencies of target realsense_msgs__rosidl_generator_c[0m
[1.229s] [  9%] [34m[1mGenerating C++ type support dispatch for ROS interfaces[0m
[1.229s] [ 12%] [34m[1mGenerating C++ type support for eProsima Fast-RTPS[0m
[1.229s] [ 16%] [34m[1mGenerating C++ introspection for ROS interfaces[0m
[1.232s] [ 19%] [32mBuilding C object CMakeFiles/realsense_msgs__rosidl_generator_c.dir/rosidl_generator_c/realsense_msgs/msg/detail/imu_info__functions.c.o[0m
[1.258s] [ 22%] [32m[1mLinking C shared library librealsense_msgs__rosidl_generator_c.so[0m
[1.282s] [ 22%] Built target realsense_msgs__rosidl_generator_c
[1.289s] [ 29%] [34m[1mGenerating C type support dispatch for ROS interfaces[0m
[1.289s] [ 29%] [34m[1mGenerating C introspection for ROS interfaces[0m
[1.367s] [35m[1mScanning dependencies of target realsense_msgs__rosidl_typesupport_cpp[0m
[1.375s] [ 32%] [32mBuilding CXX object CMakeFiles/realsense_msgs__rosidl_typesupport_cpp.dir/rosidl_typesupport_cpp/realsense_msgs/msg/imu_info__type_support.cpp.o[0m
[1.377s] [35m[1mScanning dependencies of target realsense_msgs__rosidl_typesupport_introspection_cpp[0m
[1.380s] [35m[1mScanning dependencies of target realsense_msgs__rosidl_typesupport_fastrtps_cpp[0m
[1.385s] [ 35%] [32mBuilding CXX object CMakeFiles/realsense_msgs__rosidl_typesupport_introspection_cpp.dir/rosidl_typesupport_introspection_cpp/realsense_msgs/msg/detail/imu_info__type_support.cpp.o[0m
[1.388s] [ 38%] [32mBuilding CXX object CMakeFiles/realsense_msgs__rosidl_typesupport_fastrtps_cpp.dir/rosidl_typesupport_fastrtps_cpp/realsense_msgs/msg/detail/dds_fastrtps/imu_info__type_support.cpp.o[0m
[1.428s] [35m[1mScanning dependencies of target realsense_msgs__rosidl_typesupport_c[0m
[1.436s] [ 41%] [32mBuilding CXX object CMakeFiles/realsense_msgs__rosidl_typesupport_c.dir/rosidl_typesupport_c/realsense_msgs/msg/imu_info__type_support.cpp.o[0m
[1.439s] [35m[1mScanning dependencies of target realsense_msgs__rosidl_typesupport_introspection_c[0m
[1.448s] [ 45%] [32mBuilding C object CMakeFiles/realsense_msgs__rosidl_typesupport_introspection_c.dir/rosidl_typesupport_introspection_c/realsense_msgs/msg/detail/imu_info__type_support.c.o[0m
[1.455s] [ 48%] [32m[1mLinking CXX shared library librealsense_msgs__rosidl_typesupport_c.so[0m
[1.469s] [ 51%] [32m[1mLinking C shared library librealsense_msgs__rosidl_typesupport_introspection_c.so[0m
[1.481s] [ 51%] Built target realsense_msgs__rosidl_typesupport_c
[1.489s] [ 51%] Built target realsense_msgs__rosidl_typesupport_introspection_c
[1.523s] [ 54%] [32m[1mLinking CXX shared library librealsense_msgs__rosidl_typesupport_cpp.so[0m
[1.544s] [ 58%] [32m[1mLinking CXX shared library librealsense_msgs__rosidl_typesupport_introspection_cpp.so[0m
[1.550s] [ 58%] Built target realsense_msgs__rosidl_typesupport_cpp
[1.590s] [ 58%] Built target realsense_msgs__rosidl_typesupport_introspection_cpp
[1.611s] [ 61%] [32m[1mLinking CXX shared library librealsense_msgs__rosidl_typesupport_fastrtps_cpp.so[0m
[1.669s] [ 61%] Built target realsense_msgs__rosidl_typesupport_fastrtps_cpp
[1.677s] [ 64%] [34m[1mGenerating C type support for eProsima Fast-RTPS[0m
[1.834s] [35m[1mScanning dependencies of target realsense_msgs__rosidl_typesupport_fastrtps_c[0m
[1.843s] [ 67%] [32mBuilding CXX object CMakeFiles/realsense_msgs__rosidl_typesupport_fastrtps_c.dir/rosidl_typesupport_fastrtps_c/realsense_msgs/msg/detail/imu_info__type_support_c.cpp.o[0m
[2.028s] [ 70%] [32m[1mLinking CXX shared library librealsense_msgs__rosidl_typesupport_fastrtps_c.so[0m
[2.085s] [ 70%] Built target realsense_msgs__rosidl_typesupport_fastrtps_c
[2.095s] [35m[1mScanning dependencies of target realsense_msgs[0m
[2.105s] [ 70%] Built target realsense_msgs
[2.115s] [35m[1mScanning dependencies of target realsense_msgs__py[0m
[2.126s] [ 74%] [34m[1mGenerating Python code for ROS interfaces[0m
[2.399s] [ 74%] Built target realsense_msgs__py
[2.406s] [35m[1mScanning dependencies of target realsense_msgs__python[0m
[2.436s] [ 77%] [32mBuilding C object CMakeFiles/realsense_msgs__python.dir/rosidl_generator_py/realsense_msgs/msg/_imu_info_s.c.o[0m
[2.511s] [ 80%] [32m[1mLinking C shared library rosidl_generator_py/realsense_msgs/librealsense_msgs__python.so[0m
[2.540s] [ 80%] Built target realsense_msgs__python
[2.549s] [35m[1mScanning dependencies of target realsense_msgs__rosidl_typesupport_c__pyext[0m
[2.549s] [35m[1mScanning dependencies of target realsense_msgs__rosidl_typesupport_introspection_c__pyext[0m
[2.549s] [35m[1mScanning dependencies of target realsense_msgs__rosidl_typesupport_fastrtps_c__pyext[0m
[2.560s] [ 83%] [32mBuilding C object CMakeFiles/realsense_msgs__rosidl_typesupport_c__pyext.dir/rosidl_generator_py/realsense_msgs/_realsense_msgs_s.ep.rosidl_typesupport_c.c.o[0m
[2.561s] [ 87%] [32mBuilding C object CMakeFiles/realsense_msgs__rosidl_typesupport_introspection_c__pyext.dir/rosidl_generator_py/realsense_msgs/_realsense_msgs_s.ep.rosidl_typesupport_introspection_c.c.o[0m
[2.561s] [ 90%] [32mBuilding C object CMakeFiles/realsense_msgs__rosidl_typesupport_fastrtps_c__pyext.dir/rosidl_generator_py/realsense_msgs/_realsense_msgs_s.ep.rosidl_typesupport_fastrtps_c.c.o[0m
[2.608s] [ 93%] [32m[1mLinking C shared library rosidl_generator_py/realsense_msgs/realsense_msgs_s__rosidl_typesupport_c.cpython-38-x86_64-linux-gnu.so[0m
[2.608s] [ 96%] [32m[1mLinking CXX shared library rosidl_generator_py/realsense_msgs/realsense_msgs_s__rosidl_typesupport_fastrtps_c.cpython-38-x86_64-linux-gnu.so[0m
[2.608s] [100%] [32m[1mLinking C shared library rosidl_generator_py/realsense_msgs/realsense_msgs_s__rosidl_typesupport_introspection_c.cpython-38-x86_64-linux-gnu.so[0m
[2.631s] [100%] Built target realsense_msgs__rosidl_typesupport_c__pyext
[2.631s] [100%] Built target realsense_msgs__rosidl_typesupport_introspection_c__pyext
[2.650s] [100%] Built target realsense_msgs__rosidl_typesupport_fastrtps_c__pyext
[2.659s] Invoked command in '/home/wzf/main_folder/MyProject/Graduation_project/build/realsense_msgs' returned '0': CMAKE_PREFIX_PATH=${CMAKE_PREFIX_PATH}:/opt/ros/foxy /usr/bin/cmake --build /home/wzf/main_folder/MyProject/Graduation_project/build/realsense_msgs -- -j20 -l20
[2.691s] Invoking command in '/home/wzf/main_folder/MyProject/Graduation_project/build/realsense_msgs': CMAKE_PREFIX_PATH=${CMAKE_PREFIX_PATH}:/opt/ros/foxy /usr/bin/cmake --install /home/wzf/main_folder/MyProject/Graduation_project/build/realsense_msgs
[2.696s] -- Install configuration: ""
[2.696s] -- Installing: /home/wzf/main_folder/MyProject/Graduation_project/install/realsense_msgs/share/ament_index/resource_index/rosidl_interfaces/realsense_msgs
[2.696s] -- Installing: /home/wzf/main_folder/MyProject/Graduation_project/install/realsense_msgs/include/realsense_msgs
[2.696s] -- Installing: /home/wzf/main_folder/MyProject/Graduation_project/install/realsense_msgs/include/realsense_msgs/msg
[2.696s] -- Installing: /home/wzf/main_folder/MyProject/Graduation_project/install/realsense_msgs/include/realsense_msgs/msg/imu_info.h
[2.696s] -- Installing: /home/wzf/main_folder/MyProject/Graduation_project/install/realsense_msgs/include/realsense_msgs/msg/rosidl_generator_c__visibility_control.h
[2.696s] -- Installing: /home/wzf/main_folder/MyProject/Graduation_project/install/realsense_msgs/include/realsense_msgs/msg/detail
[2.696s] -- Installing: /home/wzf/main_folder/MyProject/Graduation_project/install/realsense_msgs/include/realsense_msgs/msg/detail/imu_info__struct.h
[2.697s] -- Installing: /home/wzf/main_folder/MyProject/Graduation_project/install/realsense_msgs/include/realsense_msgs/msg/detail/imu_info__functions.h
[2.697s] -- Installing: /home/wzf/main_folder/MyProject/Graduation_project/install/realsense_msgs/include/realsense_msgs/msg/detail/imu_info__type_support.h
[2.697s] -- Installing: /home/wzf/main_folder/MyProject/Graduation_project/install/realsense_msgs/include/realsense_msgs/msg/detail/imu_info__functions.c
[2.697s] -- Installing: /home/wzf/main_folder/MyProject/Graduation_project/install/realsense_msgs/share/realsense_msgs/environment/library_path.sh
[2.697s] -- Installing: /home/wzf/main_folder/MyProject/Graduation_project/install/realsense_msgs/share/realsense_msgs/environment/library_path.dsv
[2.697s] -- Installing: /home/wzf/main_folder/MyProject/Graduation_project/install/realsense_msgs/lib/librealsense_msgs__rosidl_generator_c.so
[2.697s] -- Set runtime path of "/home/wzf/main_folder/MyProject/Graduation_project/install/realsense_msgs/lib/librealsense_msgs__rosidl_generator_c.so" to ""
[2.697s] -- Up-to-date: /home/wzf/main_folder/MyProject/Graduation_project/install/realsense_msgs/include/realsense_msgs
[2.697s] -- Up-to-date: /home/wzf/main_folder/MyProject/Graduation_project/install/realsense_msgs/include/realsense_msgs/msg
[2.697s] -- Installing: /home/wzf/main_folder/MyProject/Graduation_project/install/realsense_msgs/include/realsense_msgs/msg/rosidl_typesupport_fastrtps_c__visibility_control.h
[2.697s] -- Up-to-date: /home/wzf/main_folder/MyProject/Graduation_project/install/realsense_msgs/include/realsense_msgs/msg/detail
[2.697s] -- Installing: /home/wzf/main_folder/MyProject/Graduation_project/install/realsense_msgs/include/realsense_msgs/msg/detail/imu_info__rosidl_typesupport_fastrtps_c.h
[2.697s] -- Installing: /home/wzf/main_folder/MyProject/Graduation_project/install/realsense_msgs/lib/librealsense_msgs__rosidl_typesupport_fastrtps_c.so
[2.697s] -- Set runtime path of "/home/wzf/main_folder/MyProject/Graduation_project/install/realsense_msgs/lib/librealsense_msgs__rosidl_typesupport_fastrtps_c.so" to ""
[2.697s] -- Up-to-date: /home/wzf/main_folder/MyProject/Graduation_project/install/realsense_msgs/include/realsense_msgs
[2.697s] -- Up-to-date: /home/wzf/main_folder/MyProject/Graduation_project/install/realsense_msgs/include/realsense_msgs/msg
[2.697s] -- Installing: /home/wzf/main_folder/MyProject/Graduation_project/install/realsense_msgs/include/realsense_msgs/msg/rosidl_typesupport_fastrtps_cpp__visibility_control.h
[2.697s] -- Up-to-date: /home/wzf/main_folder/MyProject/Graduation_project/install/realsense_msgs/include/realsense_msgs/msg/detail
[2.697s] -- Installing: /home/wzf/main_folder/MyProject/Graduation_project/install/realsense_msgs/include/realsense_msgs/msg/detail/imu_info__rosidl_typesupport_fastrtps_cpp.hpp
[2.697s] -- Installing: /home/wzf/main_folder/MyProject/Graduation_project/install/realsense_msgs/include/realsense_msgs/msg/detail/dds_fastrtps
[2.697s] -- Installing: /home/wzf/main_folder/MyProject/Graduation_project/install/realsense_msgs/lib/librealsense_msgs__rosidl_typesupport_fastrtps_cpp.so
[2.697s] -- Set runtime path of "/home/wzf/main_folder/MyProject/Graduation_project/install/realsense_msgs/lib/librealsense_msgs__rosidl_typesupport_fastrtps_cpp.so" to ""
[2.697s] -- Up-to-date: /home/wzf/main_folder/MyProject/Graduation_project/install/realsense_msgs/include/realsense_msgs
[2.697s] -- Up-to-date: /home/wzf/main_folder/MyProject/Graduation_project/install/realsense_msgs/include/realsense_msgs/msg
[2.697s] -- Installing: /home/wzf/main_folder/MyProject/Graduation_project/install/realsense_msgs/include/realsense_msgs/msg/rosidl_typesupport_introspection_c__visibility_control.h
[2.697s] -- Up-to-date: /home/wzf/main_folder/MyProject/Graduation_project/install/realsense_msgs/include/realsense_msgs/msg/detail
[2.698s] -- Installing: /home/wzf/main_folder/MyProject/Graduation_project/install/realsense_msgs/include/realsense_msgs/msg/detail/imu_info__type_support.c
[2.698s] -- Installing: /home/wzf/main_folder/MyProject/Graduation_project/install/realsense_msgs/include/realsense_msgs/msg/detail/imu_info__rosidl_typesupport_introspection_c.h
[2.698s] -- Installing: /home/wzf/main_folder/MyProject/Graduation_project/install/realsense_msgs/lib/librealsense_msgs__rosidl_typesupport_introspection_c.so
[2.698s] -- Set runtime path of "/home/wzf/main_folder/MyProject/Graduation_project/install/realsense_msgs/lib/librealsense_msgs__rosidl_typesupport_introspection_c.so" to ""
[2.698s] -- Installing: /home/wzf/main_folder/MyProject/Graduation_project/install/realsense_msgs/lib/librealsense_msgs__rosidl_typesupport_c.so
[2.698s] -- Set runtime path of "/home/wzf/main_folder/MyProject/Graduation_project/install/realsense_msgs/lib/librealsense_msgs__rosidl_typesupport_c.so" to ""
[2.698s] -- Up-to-date: /home/wzf/main_folder/MyProject/Graduation_project/install/realsense_msgs/include/realsense_msgs
[2.698s] -- Up-to-date: /home/wzf/main_folder/MyProject/Graduation_project/install/realsense_msgs/include/realsense_msgs/msg
[2.698s] -- Up-to-date: /home/wzf/main_folder/MyProject/Graduation_project/install/realsense_msgs/include/realsense_msgs/msg/detail
[2.698s] -- Installing: /home/wzf/main_folder/MyProject/Graduation_project/install/realsense_msgs/include/realsense_msgs/msg/detail/imu_info__builder.hpp
[2.698s] -- Installing: /home/wzf/main_folder/MyProject/Graduation_project/install/realsense_msgs/include/realsense_msgs/msg/detail/imu_info__traits.hpp
[2.698s] -- Installing: /home/wzf/main_folder/MyProject/Graduation_project/install/realsense_msgs/include/realsense_msgs/msg/detail/imu_info__struct.hpp
[2.698s] -- Installing: /home/wzf/main_folder/MyProject/Graduation_project/install/realsense_msgs/include/realsense_msgs/msg/imu_info.hpp
[2.698s] -- Up-to-date: /home/wzf/main_folder/MyProject/Graduation_project/install/realsense_msgs/include/realsense_msgs
[2.698s] -- Up-to-date: /home/wzf/main_folder/MyProject/Graduation_project/install/realsense_msgs/include/realsense_msgs/msg
[2.698s] -- Up-to-date: /home/wzf/main_folder/MyProject/Graduation_project/install/realsense_msgs/include/realsense_msgs/msg/detail
[2.698s] -- Installing: /home/wzf/main_folder/MyProject/Graduation_project/install/realsense_msgs/include/realsense_msgs/msg/detail/imu_info__rosidl_typesupport_introspection_cpp.hpp
[2.698s] -- Installing: /home/wzf/main_folder/MyProject/Graduation_project/install/realsense_msgs/include/realsense_msgs/msg/detail/imu_info__type_support.cpp
[2.698s] -- Installing: /home/wzf/main_folder/MyProject/Graduation_project/install/realsense_msgs/lib/librealsense_msgs__rosidl_typesupport_introspection_cpp.so
[2.698s] -- Set runtime path of "/home/wzf/main_folder/MyProject/Graduation_project/install/realsense_msgs/lib/librealsense_msgs__rosidl_typesupport_introspection_cpp.so" to ""
[2.698s] -- Installing: /home/wzf/main_folder/MyProject/Graduation_project/install/realsense_msgs/lib/librealsense_msgs__rosidl_typesupport_cpp.so
[2.698s] -- Set runtime path of "/home/wzf/main_folder/MyProject/Graduation_project/install/realsense_msgs/lib/librealsense_msgs__rosidl_typesupport_cpp.so" to ""
[2.698s] -- Installing: /home/wzf/main_folder/MyProject/Graduation_project/install/realsense_msgs/share/realsense_msgs/environment/pythonpath.sh
[2.699s] -- Installing: /home/wzf/main_folder/MyProject/Graduation_project/install/realsense_msgs/share/realsense_msgs/environment/pythonpath.dsv
[2.699s] -- Installing: /home/wzf/main_folder/MyProject/Graduation_project/install/realsense_msgs/lib/python3.8/site-packages/realsense_msgs/__init__.py
[2.718s] Compiling '/home/wzf/main_folder/MyProject/Graduation_project/install/realsense_msgs/lib/python3.8/site-packages/realsense_msgs/__init__.py'...
[2.720s] -- Installing: /home/wzf/main_folder/MyProject/Graduation_project/install/realsense_msgs/lib/python3.8/site-packages/realsense_msgs/msg
[2.720s] -- Installing: /home/wzf/main_folder/MyProject/Graduation_project/install/realsense_msgs/lib/python3.8/site-packages/realsense_msgs/msg/_imu_info.py
[2.720s] -- Installing: /home/wzf/main_folder/MyProject/Graduation_project/install/realsense_msgs/lib/python3.8/site-packages/realsense_msgs/msg/__init__.py
[2.720s] -- Installing: /home/wzf/main_folder/MyProject/Graduation_project/install/realsense_msgs/lib/python3.8/site-packages/realsense_msgs/msg/_imu_info_s.c
[2.721s] -- Installing: /home/wzf/main_folder/MyProject/Graduation_project/install/realsense_msgs/lib/python3.8/site-packages/realsense_msgs/realsense_msgs_s__rosidl_typesupport_fastrtps_c.cpython-38-x86_64-linux-gnu.so
[2.721s] -- Set runtime path of "/home/wzf/main_folder/MyProject/Graduation_project/install/realsense_msgs/lib/python3.8/site-packages/realsense_msgs/realsense_msgs_s__rosidl_typesupport_fastrtps_c.cpython-38-x86_64-linux-gnu.so" to ""
[2.721s] -- Installing: /home/wzf/main_folder/MyProject/Graduation_project/install/realsense_msgs/lib/python3.8/site-packages/realsense_msgs/realsense_msgs_s__rosidl_typesupport_introspection_c.cpython-38-x86_64-linux-gnu.so
[2.721s] -- Set runtime path of "/home/wzf/main_folder/MyProject/Graduation_project/install/realsense_msgs/lib/python3.8/site-packages/realsense_msgs/realsense_msgs_s__rosidl_typesupport_introspection_c.cpython-38-x86_64-linux-gnu.so" to ""
[2.721s] -- Installing: /home/wzf/main_folder/MyProject/Graduation_project/install/realsense_msgs/lib/python3.8/site-packages/realsense_msgs/realsense_msgs_s__rosidl_typesupport_c.cpython-38-x86_64-linux-gnu.so
[2.722s] -- Set runtime path of "/home/wzf/main_folder/MyProject/Graduation_project/install/realsense_msgs/lib/python3.8/site-packages/realsense_msgs/realsense_msgs_s__rosidl_typesupport_c.cpython-38-x86_64-linux-gnu.so" to ""
[2.722s] -- Installing: /home/wzf/main_folder/MyProject/Graduation_project/install/realsense_msgs/lib/librealsense_msgs__python.so
[2.722s] -- Set runtime path of "/home/wzf/main_folder/MyProject/Graduation_project/install/realsense_msgs/lib/librealsense_msgs__python.so" to ""
[2.722s] -- Installing: /home/wzf/main_folder/MyProject/Graduation_project/install/realsense_msgs/share/realsense_msgs/msg/IMUInfo.idl
[2.722s] -- Installing: /home/wzf/main_folder/MyProject/Graduation_project/install/realsense_msgs/share/realsense_msgs/msg/IMUInfo.msg
[2.722s] -- Installing: /home/wzf/main_folder/MyProject/Graduation_project/install/realsense_msgs/share/ament_index/resource_index/package_run_dependencies/realsense_msgs
[2.722s] -- Installing: /home/wzf/main_folder/MyProject/Graduation_project/install/realsense_msgs/share/ament_index/resource_index/parent_prefix_path/realsense_msgs
[2.722s] -- Installing: /home/wzf/main_folder/MyProject/Graduation_project/install/realsense_msgs/share/realsense_msgs/environment/ament_prefix_path.sh
[2.722s] -- Installing: /home/wzf/main_folder/MyProject/Graduation_project/install/realsense_msgs/share/realsense_msgs/environment/ament_prefix_path.dsv
[2.723s] -- Installing: /home/wzf/main_folder/MyProject/Graduation_project/install/realsense_msgs/share/realsense_msgs/environment/path.sh
[2.723s] -- Installing: /home/wzf/main_folder/MyProject/Graduation_project/install/realsense_msgs/share/realsense_msgs/environment/path.dsv
[2.723s] -- Installing: /home/wzf/main_folder/MyProject/Graduation_project/install/realsense_msgs/share/realsense_msgs/local_setup.bash
[2.723s] -- Installing: /home/wzf/main_folder/MyProject/Graduation_project/install/realsense_msgs/share/realsense_msgs/local_setup.sh
[2.723s] -- Installing: /home/wzf/main_folder/MyProject/Graduation_project/install/realsense_msgs/share/realsense_msgs/local_setup.zsh
[2.723s] -- Installing: /home/wzf/main_folder/MyProject/Graduation_project/install/realsense_msgs/share/realsense_msgs/local_setup.dsv
[2.723s] -- Installing: /home/wzf/main_folder/MyProject/Graduation_project/install/realsense_msgs/share/realsense_msgs/package.dsv
[2.723s] -- Installing: /home/wzf/main_folder/MyProject/Graduation_project/install/realsense_msgs/share/ament_index/resource_index/packages/realsense_msgs
[2.723s] -- Installing: /home/wzf/main_folder/MyProject/Graduation_project/install/realsense_msgs/share/realsense_msgs/cmake/realsense_msgs__rosidl_generator_cExport.cmake
[2.723s] -- Installing: /home/wzf/main_folder/MyProject/Graduation_project/install/realsense_msgs/share/realsense_msgs/cmake/realsense_msgs__rosidl_generator_cExport-noconfig.cmake
[2.723s] -- Installing: /home/wzf/main_folder/MyProject/Graduation_project/install/realsense_msgs/share/realsense_msgs/cmake/realsense_msgs__rosidl_typesupport_introspection_cExport.cmake
[2.723s] -- Installing: /home/wzf/main_folder/MyProject/Graduation_project/install/realsense_msgs/share/realsense_msgs/cmake/realsense_msgs__rosidl_typesupport_introspection_cExport-noconfig.cmake
[2.723s] -- Installing: /home/wzf/main_folder/MyProject/Graduation_project/install/realsense_msgs/share/realsense_msgs/cmake/realsense_msgs__rosidl_typesupport_cExport.cmake
[2.723s] -- Installing: /home/wzf/main_folder/MyProject/Graduation_project/install/realsense_msgs/share/realsense_msgs/cmake/realsense_msgs__rosidl_typesupport_cExport-noconfig.cmake
[2.723s] -- Installing: /home/wzf/main_folder/MyProject/Graduation_project/install/realsense_msgs/share/realsense_msgs/cmake/realsense_msgs__rosidl_generator_cppExport.cmake
[2.723s] -- Installing: /home/wzf/main_folder/MyProject/Graduation_project/install/realsense_msgs/share/realsense_msgs/cmake/realsense_msgs__rosidl_typesupport_introspection_cppExport.cmake
[2.723s] -- Installing: /home/wzf/main_folder/MyProject/Graduation_project/install/realsense_msgs/share/realsense_msgs/cmake/realsense_msgs__rosidl_typesupport_introspection_cppExport-noconfig.cmake
[2.723s] -- Installing: /home/wzf/main_folder/MyProject/Graduation_project/install/realsense_msgs/share/realsense_msgs/cmake/realsense_msgs__rosidl_typesupport_cppExport.cmake
[2.723s] -- Installing: /home/wzf/main_folder/MyProject/Graduation_project/install/realsense_msgs/share/realsense_msgs/cmake/realsense_msgs__rosidl_typesupport_cppExport-noconfig.cmake
[2.723s] -- Installing: /home/wzf/main_folder/MyProject/Graduation_project/install/realsense_msgs/share/realsense_msgs/cmake/rosidl_cmake-extras.cmake
[2.724s] -- Installing: /home/wzf/main_folder/MyProject/Graduation_project/install/realsense_msgs/share/realsense_msgs/cmake/ament_cmake_export_dependencies-extras.cmake
[2.724s] -- Installing: /home/wzf/main_folder/MyProject/Graduation_project/install/realsense_msgs/share/realsense_msgs/cmake/ament_cmake_export_libraries-extras.cmake
[2.724s] -- Installing: /home/wzf/main_folder/MyProject/Graduation_project/install/realsense_msgs/share/realsense_msgs/cmake/ament_cmake_export_targets-extras.cmake
[2.724s] -- Installing: /home/wzf/main_folder/MyProject/Graduation_project/install/realsense_msgs/share/realsense_msgs/cmake/ament_cmake_export_include_directories-extras.cmake
[2.724s] -- Installing: /home/wzf/main_folder/MyProject/Graduation_project/install/realsense_msgs/share/realsense_msgs/cmake/rosidl_cmake_export_typesupport_libraries-extras.cmake
[2.724s] -- Installing: /home/wzf/main_folder/MyProject/Graduation_project/install/realsense_msgs/share/realsense_msgs/cmake/rosidl_cmake_export_typesupport_targets-extras.cmake
[2.724s] -- Installing: /home/wzf/main_folder/MyProject/Graduation_project/install/realsense_msgs/share/realsense_msgs/cmake/realsense_msgsConfig.cmake
[2.724s] -- Installing: /home/wzf/main_folder/MyProject/Graduation_project/install/realsense_msgs/share/realsense_msgs/cmake/realsense_msgsConfig-version.cmake
[2.724s] -- Installing: /home/wzf/main_folder/MyProject/Graduation_project/install/realsense_msgs/share/realsense_msgs/package.xml
[2.727s] Invoked command in '/home/wzf/main_folder/MyProject/Graduation_project/build/realsense_msgs' returned '0': CMAKE_PREFIX_PATH=${CMAKE_PREFIX_PATH}:/opt/ros/foxy /usr/bin/cmake --install /home/wzf/main_folder/MyProject/Graduation_project/build/realsense_msgs
