[0.010s] Invoking command in '/home/wzf/main_folder/MyProject/Graduation_project/build/cpp_pubsub': CMAKE_PREFIX_PATH=/opt/ros/foxy /usr/bin/cmake /home/wzf/main_folder/MyProject/Graduation_project/src/cpp_pubsub -DCMAKE_INSTALL_PREFIX=/home/wzf/main_folder/MyProject/Graduation_project/install/cpp_pubsub
[0.064s] -- The C compiler identification is GNU 9.4.0
[0.110s] -- The CXX compiler identification is GNU 9.4.0
[0.117s] -- Check for working C compiler: /usr/bin/cc
[0.167s] -- Check for working C compiler: /usr/bin/cc -- works
[0.169s] -- Detecting C compiler ABI info
[0.214s] -- Detecting C compiler ABI info - done
[0.222s] -- Detecting C compile features
[0.222s] -- Detecting C compile features - done
[0.224s] -- Check for working CXX compiler: /usr/bin/c++
[0.287s] -- Check for working CXX compiler: /usr/bin/c++ -- works
[0.288s] -- Detecting CXX compiler ABI info
[0.367s] -- Detecting CXX compiler ABI info - done
[0.375s] -- Detecting CXX compile features
[0.375s] -- Detecting CXX compile features - done
[0.377s] -- Found ament_cmake: 0.9.9 (/opt/ros/foxy/share/ament_cmake/cmake)
[0.394s] -- Found PythonInterp: /usr/bin/python3 (found suitable version "3.8.10", minimum required is "3") 
[0.394s] -- Using PYTHON_EXECUTABLE: /usr/bin/python3
[0.503s] -- Found rclcpp: 2.4.1 (/opt/ros/foxy/share/rclcpp/cmake)
[0.530s] -- Using all available rosidl_typesupport_c: rosidl_typesupport_fastrtps_c;rosidl_typesupport_introspection_c
[0.534s] -- Found rosidl_adapter: 1.2.1 (/opt/ros/foxy/share/rosidl_adapter/cmake)
[0.589s] -- Found OpenSSL: /usr/lib/x86_64-linux-gnu/libcrypto.so (found version "1.1.1f")  
[0.609s] -- Found FastRTPS: /opt/ros/foxy/include  
[0.658s] -- Using all available rosidl_typesupport_cpp: rosidl_typesupport_fastrtps_cpp;rosidl_typesupport_introspection_cpp
[0.692s] -- Found rmw_implementation_cmake: 1.0.3 (/opt/ros/foxy/share/rmw_implementation_cmake/cmake)
[0.693s] -- Using RMW implementation 'rmw_fastrtps_cpp' as default
[0.694s] -- Looking for pthread.h
[0.747s] -- Looking for pthread.h - found
[0.748s] -- Performing Test CMAKE_HAVE_LIBC_PTHREAD
[0.797s] -- Performing Test CMAKE_HAVE_LIBC_PTHREAD - Failed
[0.798s] -- Looking for pthread_create in pthreads
[0.849s] -- Looking for pthread_create in pthreads - not found
[0.849s] -- Looking for pthread_create in pthread
[0.927s] -- Looking for pthread_create in pthread - found
[0.928s] -- Found Threads: TRUE  
[1.024s] -- Found ament_lint_auto: 0.9.6 (/opt/ros/foxy/share/ament_lint_auto/cmake)
[1.069s] -- Added test 'copyright' to check source files copyright and LICENSE
[1.072s] -- Added test 'cppcheck' to perform static code analysis on C / C++ code
[1.072s] -- Configured cppcheck include dirs: 
[1.072s] -- Configured cppcheck exclude dirs and/or files: 
[1.074s] -- Added test 'cpplint' to check C / C++ code against the Google style
[1.075s] -- Configured cpplint exclude dirs and/or files: 
[1.076s] -- Added test 'lint_cmake' to check CMake code style
[1.078s] -- Added test 'uncrustify' to check C / C++ code style
[1.078s] -- Configured uncrustify additional arguments: 
[1.079s] -- Added test 'xmllint' to check XML markup files
[1.080s] -- Configuring done
[1.086s] -- Generating done
[1.087s] -- Build files have been written to: /home/wzf/main_folder/MyProject/Graduation_project/build/cpp_pubsub
[1.092s] Invoked command in '/home/wzf/main_folder/MyProject/Graduation_project/build/cpp_pubsub' returned '0': CMAKE_PREFIX_PATH=/opt/ros/foxy /usr/bin/cmake /home/wzf/main_folder/MyProject/Graduation_project/src/cpp_pubsub -DCMAKE_INSTALL_PREFIX=/home/wzf/main_folder/MyProject/Graduation_project/install/cpp_pubsub
[1.092s] Invoking command in '/home/wzf/main_folder/MyProject/Graduation_project/build/cpp_pubsub': CMAKE_PREFIX_PATH=/opt/ros/foxy /usr/bin/cmake --build /home/wzf/main_folder/MyProject/Graduation_project/build/cpp_pubsub -- -j20 -l20
[1.118s] [35m[1mScanning dependencies of target listener[0m
[1.118s] [35m[1mScanning dependencies of target talker[0m
[1.139s] [ 25%] [32mBuilding CXX object CMakeFiles/listener.dir/src/subscriber_member_function.cpp.o[0m
[1.140s] [ 50%] [32mBuilding CXX object CMakeFiles/talker.dir/src/publisher_member_function.cpp.o[0m
[2.849s] [ 75%] [32m[1mLinking CXX executable talker[0m
[2.945s] [ 75%] Built target talker
[3.874s] [100%] [32m[1mLinking CXX executable listener[0m
[4.012s] [100%] Built target listener
[4.020s] Invoked command in '/home/wzf/main_folder/MyProject/Graduation_project/build/cpp_pubsub' returned '0': CMAKE_PREFIX_PATH=/opt/ros/foxy /usr/bin/cmake --build /home/wzf/main_folder/MyProject/Graduation_project/build/cpp_pubsub -- -j20 -l20
[4.046s] Invoking command in '/home/wzf/main_folder/MyProject/Graduation_project/build/cpp_pubsub': CMAKE_PREFIX_PATH=/opt/ros/foxy /usr/bin/cmake --install /home/wzf/main_folder/MyProject/Graduation_project/build/cpp_pubsub
[4.055s] -- Install configuration: ""
[4.055s] -- Installing: /home/wzf/main_folder/MyProject/Graduation_project/install/cpp_pubsub/lib/cpp_pubsub/talker
[4.056s] -- Set runtime path of "/home/wzf/main_folder/MyProject/Graduation_project/install/cpp_pubsub/lib/cpp_pubsub/talker" to ""
[4.056s] -- Up-to-date: /home/wzf/main_folder/MyProject/Graduation_project/install/cpp_pubsub/lib/cpp_pubsub/talker
[4.056s] -- Installing: /home/wzf/main_folder/MyProject/Graduation_project/install/cpp_pubsub/lib/cpp_pubsub/listener
[4.057s] -- Set runtime path of "/home/wzf/main_folder/MyProject/Graduation_project/install/cpp_pubsub/lib/cpp_pubsub/listener" to ""
[4.058s] -- Installing: /home/wzf/main_folder/MyProject/Graduation_project/install/cpp_pubsub/share/ament_index/resource_index/package_run_dependencies/cpp_pubsub
[4.058s] -- Installing: /home/wzf/main_folder/MyProject/Graduation_project/install/cpp_pubsub/share/ament_index/resource_index/parent_prefix_path/cpp_pubsub
[4.058s] -- Installing: /home/wzf/main_folder/MyProject/Graduation_project/install/cpp_pubsub/share/cpp_pubsub/environment/ament_prefix_path.sh
[4.058s] -- Installing: /home/wzf/main_folder/MyProject/Graduation_project/install/cpp_pubsub/share/cpp_pubsub/environment/ament_prefix_path.dsv
[4.058s] -- Installing: /home/wzf/main_folder/MyProject/Graduation_project/install/cpp_pubsub/share/cpp_pubsub/environment/path.sh
[4.058s] -- Installing: /home/wzf/main_folder/MyProject/Graduation_project/install/cpp_pubsub/share/cpp_pubsub/environment/path.dsv
[4.058s] -- Installing: /home/wzf/main_folder/MyProject/Graduation_project/install/cpp_pubsub/share/cpp_pubsub/local_setup.bash
[4.058s] -- Installing: /home/wzf/main_folder/MyProject/Graduation_project/install/cpp_pubsub/share/cpp_pubsub/local_setup.sh
[4.058s] -- Installing: /home/wzf/main_folder/MyProject/Graduation_project/install/cpp_pubsub/share/cpp_pubsub/local_setup.zsh
[4.058s] -- Installing: /home/wzf/main_folder/MyProject/Graduation_project/install/cpp_pubsub/share/cpp_pubsub/local_setup.dsv
[4.059s] -- Installing: /home/wzf/main_folder/MyProject/Graduation_project/install/cpp_pubsub/share/cpp_pubsub/package.dsv
[4.059s] -- Installing: /home/wzf/main_folder/MyProject/Graduation_project/install/cpp_pubsub/share/ament_index/resource_index/packages/cpp_pubsub
[4.059s] -- Installing: /home/wzf/main_folder/MyProject/Graduation_project/install/cpp_pubsub/share/cpp_pubsub/cmake/cpp_pubsubConfig.cmake
[4.059s] -- Installing: /home/wzf/main_folder/MyProject/Graduation_project/install/cpp_pubsub/share/cpp_pubsub/cmake/cpp_pubsubConfig-version.cmake
[4.059s] -- Installing: /home/wzf/main_folder/MyProject/Graduation_project/install/cpp_pubsub/share/cpp_pubsub/package.xml
[4.060s] Invoked command in '/home/wzf/main_folder/MyProject/Graduation_project/build/cpp_pubsub' returned '0': CMAKE_PREFIX_PATH=/opt/ros/foxy /usr/bin/cmake --install /home/wzf/main_folder/MyProject/Graduation_project/build/cpp_pubsub
