\BOOKMARK [0][]{ctitle.0}{\376\377\127\372\116\216\142\223\123\326\160\271\165\037\142\020\177\121\176\334\116\016\211\306\211\311\117\072\147\015\166\204\147\052\167\345\162\151\117\123\142\223\123\326\173\227\154\325\170\024\172\166}{}% 1
\BOOKMARK [0][]{section*.2}{\376\377\144\130\000\040\211\201}{}% 2
\BOOKMARK [0][]{section*.4}{\376\377\000A\000b\000s\000t\000r\000a\000c\000t}{}% 3
\BOOKMARK [0][]{section*.6}{\376\377\162\151\164\006\221\317\124\015\171\360\123\312\173\046\123\367\210\150}{}% 4
\BOOKMARK [0][]{ccontent.0}{\376\377\166\356\000\040\137\125}{}% 5
\BOOKMARK [0][]{chapter.1}{\376\377\173\054\0001\172\340\000\040\176\352\213\272}{}% 6
\BOOKMARK [1][-]{section.1.1}{\376\377\0001\000.\0001\000\040\213\376\230\230\200\314\146\157\123\312\170\024\172\166\166\204\166\356\166\204\124\214\141\017\116\111}{chapter.1}% 7
\BOOKMARK [1][-]{section.1.2}{\376\377\0001\000.\0002\000\040\147\072\126\150\116\272\211\306\211\311\117\072\147\015\174\373\176\337\151\202\217\360}{chapter.1}% 8
\BOOKMARK [1][-]{section.1.3}{\376\377\0001\000.\0003\000\040\127\372\116\216\211\306\211\311\117\072\147\015\166\204\162\151\117\123\142\223\123\326\123\321\134\125\163\260\162\266}{chapter.1}% 9
\BOOKMARK [1][-]{section.1.4}{\376\377\0001\000.\0004\000\040\116\073\211\201\170\024\172\166\121\205\133\271\123\312\172\340\202\202\133\211\143\222}{chapter.1}% 10
\BOOKMARK [0][]{chapter.2}{\376\377\173\054\0002\172\340\000\040\127\372\116\216\126\376\120\317\166\204\211\306\211\311\117\072\147\015\377\010\000I\000B\000V\000S\377\011\164\006\213\272\170\024\172\166}{}% 11
\BOOKMARK [1][-]{section.2.1}{\376\377\0002\000.\0001\000\040\137\025\212\000}{chapter.2}% 12
\BOOKMARK [1][-]{section.2.2}{\376\377\0002\000.\0002\000\040\000I\000B\000V\000S\174\373\176\337\152\041\127\213\136\372\172\313}{chapter.2}% 13
\BOOKMARK [2][-]{subsection.2.2.1}{\376\377\0002\000.\0002\000.\0001\000\040\174\373\176\337\127\120\150\007\174\373\136\372\172\313}{section.2.2}% 14
\BOOKMARK [2][-]{subsection.2.2.2}{\376\377\0002\000.\0002\000.\0002\000\040\211\306\211\311\152\041\127\213\136\372\172\313}{section.2.2}% 15
\BOOKMARK [1][-]{section.2.3}{\376\377\0002\000.\0003\000\040\000I\000B\000V\000S\116\377\167\037\174\373\176\337\133\236\163\260}{chapter.2}% 16
\BOOKMARK [2][-]{subsection.2.3.1}{\376\377\0002\000.\0003\000.\0001\000\040\000I\000B\000V\000S\173\227\154\325\123\237\164\006}{section.2.3}% 17
\BOOKMARK [2][-]{subsection.2.3.2}{\376\377\0002\000.\0003\000.\0002\000\040\147\072\126\150\116\272\116\377\167\037\152\041\127\213\144\055\136\372}{section.2.3}% 18
\BOOKMARK [2][-]{subsection.2.3.3}{\376\377\0002\000.\0003\000.\0003\000\040\146\362\176\277\176\330\122\066\116\016\166\370\147\072\217\150\217\371\213\260\137\125}{section.2.3}% 19
\BOOKMARK [1][-]{section.2.4}{\376\377\0002\000.\0004\000\040\000I\000B\000V\000S\133\236\226\105\174\373\176\337\133\236\163\260}{chapter.2}% 20
\BOOKMARK [2][-]{subsection.2.4.1}{\376\377\0002\000.\0004\000.\0001\000\040\000I\000B\000V\000S\133\236\162\151\174\373\176\337\136\163\123\360\144\055\136\372}{section.2.4}% 21
\BOOKMARK [2][-]{subsection.2.4.2}{\376\377\0002\000.\0004\000.\0002\000\040\000I\000B\000V\000S\133\236\226\105\217\320\210\114}{section.2.4}% 22
\BOOKMARK [1][-]{section.2.5}{\376\377\0002\000.\0005\000\040\147\054\172\340\134\017\176\323}{chapter.2}% 23
\BOOKMARK [0][]{chapter.3}{\376\377\173\054\0003\172\340\000\040\117\072\147\015\166\356\150\007\165\037\142\020\173\227\154\325\170\024\172\166}{}% 24
\BOOKMARK [1][-]{section.3.1}{\376\377\0003\000.\0001\000\040\137\025\212\000}{chapter.3}% 25
\BOOKMARK [1][-]{section.3.2}{\376\377\0003\000.\0002\000\040\127\372\116\216\152\041\127\213\166\204\160\271\116\221\213\306\122\053\116\016\221\115\121\306}{chapter.3}% 26
\BOOKMARK [2][-]{subsection.3.2.1}{\376\377\0003\000.\0002\000.\0001\000\040\145\271\154\325\226\110\217\360}{section.3.2}% 27
\BOOKMARK [2][-]{subsection.3.2.2}{\376\377\0003\000.\0002\000.\0002\000\040\173\227\154\325\133\236\163\260}{section.3.2}% 28
\BOOKMARK [2][-]{subsection.3.2.3}{\376\377\0003\000.\0002\000.\0003\000\040\145\271\154\325\134\017\176\323}{section.3.2}% 29
\BOOKMARK [1][-]{section.3.3}{\376\377\0003\000.\0003\000\040\142\223\123\326\160\271\165\037\142\020\177\121\176\334\377\010\000G\000G\000-\000C\000N\000N\377\011}{chapter.3}% 30
\BOOKMARK [2][-]{subsection.3.3.1}{\376\377\0003\000.\0003\000.\0001\000\040\145\271\154\325\226\110\217\360}{section.3.3}% 31
\BOOKMARK [2][-]{subsection.3.3.2}{\376\377\0003\000.\0003\000.\0002\000\040\173\227\154\325\133\236\163\260}{section.3.3}% 32
\BOOKMARK [2][-]{subsection.3.3.3}{\376\377\0003\000.\0003\000.\0003\000\040\145\271\154\325\134\017\176\323}{section.3.3}% 33
\BOOKMARK [1][-]{section.3.4}{\376\377\0003\000.\0004\000\040\147\054\172\340\134\017\176\323}{chapter.3}% 34
\BOOKMARK [0][]{chapter.4}{\376\377\173\054\0004\172\340\000\040\147\052\167\345\162\151\117\123\142\223\123\326\173\227\154\325\133\236\163\260}{}% 35
\BOOKMARK [1][-]{section.4.1}{\376\377\0004\000.\0001\000\040\137\025\212\000}{chapter.4}% 36
\BOOKMARK [1][-]{section.4.2}{\376\377\0004\000.\0002\000\040\147\072\126\150\116\272\211\306\211\311\117\072\147\015\174\373\176\337\151\202\217\360}{chapter.4}% 37
\BOOKMARK [0][]{chapter.5}{\376\377\173\054\0005\172\340\000\040\000I\000B\000V\000S\143\247\122\066\137\213\117\030\123\026}{}% 38
\BOOKMARK [0][]{chapter.6}{\376\377\173\054\0006\172\340\000\040\133\236\232\214\213\276\213\241\116\016\232\214\213\301}{}% 39
\BOOKMARK [1][-]{section.6.1}{\376\377\0006\000.\0001\000\040\137\025\212\000}{chapter.6}% 40
\BOOKMARK [1][-]{section.6.2}{\376\377\0006\000.\0002\000\040\133\236\232\214\213\276\213\241}{chapter.6}% 41
\BOOKMARK [1][-]{section.6.3}{\376\377\0006\000.\0003\000\040\116\272\147\072\116\244\116\222\165\114\227\142\213\276\213\241}{chapter.6}% 42
\BOOKMARK [1][-]{section.6.4}{\376\377\0006\000.\0004\000\040\133\236\232\214\232\214\213\301}{chapter.6}% 43
\BOOKMARK [2][-]{subsection.6.4.1}{\376\377\0006\000.\0004\000.\0001\000\040\142\223\123\326\142\020\122\237\163\207\155\113\213\325}{section.6.4}% 44
\BOOKMARK [2][-]{subsection.6.4.2}{\376\377\0006\000.\0004\000.\0002\000\040\142\223\123\326\140\047\200\375\232\214\213\301}{section.6.4}% 45
\BOOKMARK [1][-]{section.6.5}{\376\377\0006\000.\0005\000\040\147\054\172\340\134\017\176\323}{chapter.6}% 46
\BOOKMARK [0][]{section*.16}{\376\377\176\323\000\040\213\272}{}% 47
\BOOKMARK [0][]{section*.19}{\376\377\123\302\200\003\145\207\163\056}{}% 48
\BOOKMARK [0][]{section*.21}{\376\377\124\310\134\024\156\350\135\345\116\032\131\047\133\146\147\054\171\321\153\325\116\032\213\276\213\241\377\010\213\272\145\207\377\011\123\237\122\033\140\047\130\360\146\016}{}% 49
\BOOKMARK [0][]{section*.23}{\376\377\201\364\000\040\214\042}{}% 50
