[0.010s] Invoking command in '/home/wzf/main_folder/MyProject/Graduation_project/build/visualservocontrol': CMAKE_PREFIX_PATH=${CMAKE_PREFIX_PATH}:/opt/ros/foxy /usr/bin/cmake --build /home/wzf/main_folder/MyProject/Graduation_project/build/visualservocontrol -- -j20 -l20
[0.069s] [100%] Built target ModelBasedVisualServo
[0.084s] Invoked command in '/home/wzf/main_folder/MyProject/Graduation_project/build/visualservocontrol' returned '0': CMAKE_PREFIX_PATH=${CMAKE_PREFIX_PATH}:/opt/ros/foxy /usr/bin/cmake --build /home/wzf/main_folder/MyProject/Graduation_project/build/visualservocontrol -- -j20 -l20
[0.126s] Invoking command in '/home/wzf/main_folder/MyProject/Graduation_project/build/visualservocontrol': CMAKE_PREFIX_PATH=${CMAKE_PREFIX_PATH}:/opt/ros/foxy /usr/bin/cmake --install /home/wzf/main_folder/MyProject/Graduation_project/build/visualservocontrol
[0.135s] -- Install configuration: ""
[0.135s] -- Up-to-date: /home/wzf/main_folder/MyProject/Graduation_project/install/visualservocontrol/lib/visualservocontrol/ModelBasedVisualServo
[0.135s] -- Up-to-date: /home/wzf/main_folder/MyProject/Graduation_project/install/visualservocontrol/share/ament_index/resource_index/package_run_dependencies/visualservocontrol
[0.136s] -- Up-to-date: /home/wzf/main_folder/MyProject/Graduation_project/install/visualservocontrol/share/ament_index/resource_index/parent_prefix_path/visualservocontrol
[0.136s] -- Up-to-date: /home/wzf/main_folder/MyProject/Graduation_project/install/visualservocontrol/share/visualservocontrol/environment/ament_prefix_path.sh
[0.136s] -- Up-to-date: /home/wzf/main_folder/MyProject/Graduation_project/install/visualservocontrol/share/visualservocontrol/environment/ament_prefix_path.dsv
[0.136s] -- Up-to-date: /home/wzf/main_folder/MyProject/Graduation_project/install/visualservocontrol/share/visualservocontrol/environment/path.sh
[0.136s] -- Up-to-date: /home/wzf/main_folder/MyProject/Graduation_project/install/visualservocontrol/share/visualservocontrol/environment/path.dsv
[0.136s] -- Up-to-date: /home/wzf/main_folder/MyProject/Graduation_project/install/visualservocontrol/share/visualservocontrol/local_setup.bash
[0.136s] -- Up-to-date: /home/wzf/main_folder/MyProject/Graduation_project/install/visualservocontrol/share/visualservocontrol/local_setup.sh
[0.136s] -- Up-to-date: /home/wzf/main_folder/MyProject/Graduation_project/install/visualservocontrol/share/visualservocontrol/local_setup.zsh
[0.136s] -- Up-to-date: /home/wzf/main_folder/MyProject/Graduation_project/install/visualservocontrol/share/visualservocontrol/local_setup.dsv
[0.136s] -- Installing: /home/wzf/main_folder/MyProject/Graduation_project/install/visualservocontrol/share/visualservocontrol/package.dsv
[0.136s] -- Up-to-date: /home/wzf/main_folder/MyProject/Graduation_project/install/visualservocontrol/share/ament_index/resource_index/packages/visualservocontrol
[0.136s] -- Up-to-date: /home/wzf/main_folder/MyProject/Graduation_project/install/visualservocontrol/share/visualservocontrol/cmake/visualservocontrolConfig.cmake
[0.136s] -- Up-to-date: /home/wzf/main_folder/MyProject/Graduation_project/install/visualservocontrol/share/visualservocontrol/cmake/visualservocontrolConfig-version.cmake
[0.136s] -- Up-to-date: /home/wzf/main_folder/MyProject/Graduation_project/install/visualservocontrol/share/visualservocontrol/package.xml
[0.137s] Invoked command in '/home/wzf/main_folder/MyProject/Graduation_project/build/visualservocontrol' returned '0': CMAKE_PREFIX_PATH=${CMAKE_PREFIX_PATH}:/opt/ros/foxy /usr/bin/cmake --install /home/wzf/main_folder/MyProject/Graduation_project/build/visualservocontrol
