Performing C SOURCE FILE Test CMAKE_HAVE_LIBC_PTHREAD failed with the following output:
Change Dir: /home/wzf/main_folder/CLionProjects/JK_project/src/ros2_intel_realsense/realsense_node/cmake-build-debug/CMakeFiles/CMakeTmp

Run Build Command(s):/usr/bin/make cmTC_41e5c/fast && /usr/bin/make  -f CMakeFiles/cmTC_41e5c.dir/build.make CMakeFiles/cmTC_41e5c.dir/build
make[1]: Entering directory '/home/wzf/main_folder/CLionProjects/JK_project/src/ros2_intel_realsense/realsense_node/cmake-build-debug/CMakeFiles/CMakeTmp'
Building C object CMakeFiles/cmTC_41e5c.dir/src.c.o
/usr/bin/cc -DCMAKE_HAVE_LIBC_PTHREAD   -o CMakeFiles/cmTC_41e5c.dir/src.c.o -c /home/wzf/main_folder/CLionProjects/JK_project/src/ros2_intel_realsense/realsense_node/cmake-build-debug/CMakeFiles/CMakeTmp/src.c
Linking C executable cmTC_41e5c
/opt/clion/clion-2021.1.3/bin/cmake/linux/bin/cmake -E cmake_link_script CMakeFiles/cmTC_41e5c.dir/link.txt --verbose=1
/usr/bin/cc  -z noexecstack -z relro -z now -pie  CMakeFiles/cmTC_41e5c.dir/src.c.o -o cmTC_41e5c 
/usr/bin/ld: CMakeFiles/cmTC_41e5c.dir/src.c.o: in function `main':
src.c:(.text+0x46): undefined reference to `pthread_create'
/usr/bin/ld: src.c:(.text+0x52): undefined reference to `pthread_detach'
/usr/bin/ld: src.c:(.text+0x5e): undefined reference to `pthread_cancel'
/usr/bin/ld: src.c:(.text+0x6f): undefined reference to `pthread_join'
collect2: error: ld returned 1 exit status
make[1]: *** [CMakeFiles/cmTC_41e5c.dir/build.make:106: cmTC_41e5c] Error 1
make[1]: Leaving directory '/home/wzf/main_folder/CLionProjects/JK_project/src/ros2_intel_realsense/realsense_node/cmake-build-debug/CMakeFiles/CMakeTmp'
make: *** [Makefile:140: cmTC_41e5c/fast] Error 2


Source file was:
#include <pthread.h>

static void* test_func(void* data)
{
  return data;
}

int main(void)
{
  pthread_t thread;
  pthread_create(&thread, NULL, test_func, NULL);
  pthread_detach(thread);
  pthread_cancel(thread);
  pthread_join(thread, NULL);
  pthread_atfork(NULL, NULL, NULL);
  pthread_exit(NULL);

  return 0;
}

Determining if the function pthread_create exists in the pthreads failed with the following output:
Change Dir: /home/wzf/main_folder/CLionProjects/JK_project/src/ros2_intel_realsense/realsense_node/cmake-build-debug/CMakeFiles/CMakeTmp

Run Build Command(s):/usr/bin/make cmTC_76729/fast && /usr/bin/make  -f CMakeFiles/cmTC_76729.dir/build.make CMakeFiles/cmTC_76729.dir/build
make[1]: Entering directory '/home/wzf/main_folder/CLionProjects/JK_project/src/ros2_intel_realsense/realsense_node/cmake-build-debug/CMakeFiles/CMakeTmp'
Building C object CMakeFiles/cmTC_76729.dir/CheckFunctionExists.c.o
/usr/bin/cc   -DCHECK_FUNCTION_EXISTS=pthread_create -o CMakeFiles/cmTC_76729.dir/CheckFunctionExists.c.o -c /opt/clion/clion-2021.1.3/bin/cmake/linux/share/cmake-3.19/Modules/CheckFunctionExists.c
Linking C executable cmTC_76729
/opt/clion/clion-2021.1.3/bin/cmake/linux/bin/cmake -E cmake_link_script CMakeFiles/cmTC_76729.dir/link.txt --verbose=1
/usr/bin/cc  -DCHECK_FUNCTION_EXISTS=pthread_create  -z noexecstack -z relro -z now -pie  CMakeFiles/cmTC_76729.dir/CheckFunctionExists.c.o -o cmTC_76729  -lpthreads 
/usr/bin/ld: cannot find -lpthreads
collect2: error: ld returned 1 exit status
make[1]: *** [CMakeFiles/cmTC_76729.dir/build.make:106: cmTC_76729] Error 1
make[1]: Leaving directory '/home/wzf/main_folder/CLionProjects/JK_project/src/ros2_intel_realsense/realsense_node/cmake-build-debug/CMakeFiles/CMakeTmp'
make: *** [Makefile:140: cmTC_76729/fast] Error 2



